This file contains any messages produced by compilers while
running configure, to aid debugging if configure makes a mistake.

It was created by Neuralinkbrainkeycoin Core configure 0.14.2, which was
generated by GNU Autoconf 2.69.  Invocation command line was

  $ ./configure CPPFLAGS=-I/db-4.8.30.NC/build_unix/build/include/ -O2 LDFLAGS=-L/db-4.8.30.NC/build_unix/build/lib/

## --------- ##
## Platform. ##
## --------- ##

hostname = ubuntu
uname -m = x86_64
uname -r = 4.15.0-159-generic
uname -s = Linux
uname -v = #167-Ubuntu SMP Tue Sep 21 08:55:05 UTC 2021

/usr/bin/uname -p = unknown
/bin/uname -X     = unknown

/bin/arch              = unknown
/usr/bin/arch -k       = unknown
/usr/convex/getsysinfo = unknown
/usr/bin/hostinfo      = unknown
/bin/machine           = unknown
/usr/bin/oslevel       = unknown
/bin/universe          = unknown

PATH: /usr/local/sbin
PATH: /usr/local/bin
PATH: /usr/sbin
PATH: /usr/bin
PATH: /sbin
PATH: /bin
PATH: /usr/games
PATH: /usr/local/games
PATH: /snap/bin


## ----------- ##
## Core tests. ##
## ----------- ##

configure:2992: checking build system type
configure:3006: result: x86_64-pc-linux-gnu
configure:3026: checking host system type
configure:3039: result: x86_64-pc-linux-gnu
configure:3082: checking for a BSD-compatible install
configure:3150: result: /usr/bin/install -c
configure:3161: checking whether build environment is sane
configure:3216: result: yes
configure:3367: checking for a thread-safe mkdir -p
configure:3406: result: /bin/mkdir -p
configure:3413: checking for gawk
configure:3429: found /usr/bin/gawk
configure:3440: result: gawk
configure:3451: checking whether make sets $(MAKE)
configure:3473: result: yes
configure:3502: checking whether make supports nested variables
configure:3519: result: yes
configure:3638: checking whether to enable maintainer-specific portions of Makefiles
configure:3647: result: yes
configure:3672: checking whether make supports nested variables
configure:3689: result: yes
configure:3764: checking for g++
configure:3780: found /usr/bin/g++
configure:3791: result: g++
configure:3818: checking for C++ compiler version
configure:3827: g++ --version >&5
g++ (Ubuntu 7.5.0-3ubuntu1~18.04) 7.5.0
Copyright (C) 2017 Free Software Foundation, Inc.
This is free software; see the source for copying conditions.  There is NO
warranty; not even for MERCHANTABILITY or FITNESS FOR A PARTICULAR PURPOSE.

configure:3838: $? = 0
configure:3827: g++ -v >&5
Using built-in specs.
COLLECT_GCC=g++
COLLECT_LTO_WRAPPER=/usr/lib/gcc/x86_64-linux-gnu/7/lto-wrapper
OFFLOAD_TARGET_NAMES=nvptx-none
OFFLOAD_TARGET_DEFAULT=1
Target: x86_64-linux-gnu
Configured with: ../src/configure -v --with-pkgversion='Ubuntu 7.5.0-3ubuntu1~18.04' --with-bugurl=file:///usr/share/doc/gcc-7/README.Bugs --enable-languages=c,ada,c++,go,brig,d,fortran,objc,obj-c++ --prefix=/usr --with-gcc-major-version-only --program-suffix=-7 --program-prefix=x86_64-linux-gnu- --enable-shared --enable-linker-build-id --libexecdir=/usr/lib --without-included-gettext --enable-threads=posix --libdir=/usr/lib --enable-nls --enable-bootstrap --enable-clocale=gnu --enable-libstdcxx-debug --enable-libstdcxx-time=yes --with-default-libstdcxx-abi=new --enable-gnu-unique-object --disable-vtable-verify --enable-libmpx --enable-plugin --enable-default-pie --with-system-zlib --with-target-system-zlib --enable-objc-gc=auto --enable-multiarch --disable-werror --with-arch-32=i686 --with-abi=m64 --with-multilib-list=m32,m64,mx32 --enable-multilib --with-tune=generic --enable-offload-targets=nvptx-none --without-cuda-driver --enable-checking=release --build=x86_64-linux-gnu --host=x86_64-linux-gnu --target=x86_64-linux-gnu
Thread model: posix
gcc version 7.5.0 (Ubuntu 7.5.0-3ubuntu1~18.04) 
configure:3838: $? = 0
configure:3827: g++ -V >&5
g++: error: unrecognized command line option '-V'
g++: fatal error: no input files
compilation terminated.
configure:3838: $? = 1
configure:3827: g++ -qversion >&5
g++: error: unrecognized command line option '-qversion'; did you mean '--version'?
g++: fatal error: no input files
compilation terminated.
configure:3838: $? = 1
configure:3858: checking whether the C++ compiler works
configure:3880: g++  -I/db-4.8.30.NC/build_unix/build/include/ -O2 -L/db-4.8.30.NC/build_unix/build/lib/ conftest.cpp  >&5
configure:3884: $? = 0
configure:3932: result: yes
configure:3935: checking for C++ compiler default output file name
configure:3937: result: a.out
configure:3943: checking for suffix of executables
configure:3950: g++ -o conftest  -I/db-4.8.30.NC/build_unix/build/include/ -O2 -L/db-4.8.30.NC/build_unix/build/lib/ conftest.cpp  >&5
configure:3954: $? = 0
configure:3976: result: 
configure:3998: checking whether we are cross compiling
configure:4006: g++ -o conftest  -I/db-4.8.30.NC/build_unix/build/include/ -O2 -L/db-4.8.30.NC/build_unix/build/lib/ conftest.cpp  >&5
configure:4010: $? = 0
configure:4017: ./conftest
configure:4021: $? = 0
configure:4036: result: no
configure:4041: checking for suffix of object files
configure:4063: g++ -c  -I/db-4.8.30.NC/build_unix/build/include/ -O2 conftest.cpp >&5
configure:4067: $? = 0
configure:4088: result: o
configure:4092: checking whether we are using the GNU C++ compiler
configure:4111: g++ -c  -I/db-4.8.30.NC/build_unix/build/include/ -O2 conftest.cpp >&5
configure:4111: $? = 0
configure:4120: result: yes
configure:4129: checking whether g++ accepts -g
configure:4149: g++ -c -g -I/db-4.8.30.NC/build_unix/build/include/ -O2 conftest.cpp >&5
configure:4149: $? = 0
configure:4190: result: yes
configure:4224: checking for style of include used by make
configure:4252: result: GNU
configure:4278: checking dependency style of g++
configure:4389: result: gcc3
configure:4427: checking whether g++ supports C++11 features with -std=c++11
configure:4723: g++ -std=c++11 -c -g -O2 -I/db-4.8.30.NC/build_unix/build/include/ -O2 conftest.cpp >&5
configure:4723: $? = 0
configure:4732: result: yes
configure:4776: checking whether std::atomic can be used without link library
configure:4794: g++ -std=c++11 -o conftest -g -O2 -I/db-4.8.30.NC/build_unix/build/include/ -O2 -L/db-4.8.30.NC/build_unix/build/lib/ conftest.cpp  >&5
configure:4794: $? = 0
configure:4796: result: yes
configure:4961: checking for Objective C++ compiler version
configure:4970: g++ -std=c++11 --version >&5
g++ (Ubuntu 7.5.0-3ubuntu1~18.04) 7.5.0
Copyright (C) 2017 Free Software Foundation, Inc.
This is free software; see the source for copying conditions.  There is NO
warranty; not even for MERCHANTABILITY or FITNESS FOR A PARTICULAR PURPOSE.

configure:4981: $? = 0
configure:4970: g++ -std=c++11 -v >&5
Using built-in specs.
COLLECT_GCC=g++
COLLECT_LTO_WRAPPER=/usr/lib/gcc/x86_64-linux-gnu/7/lto-wrapper
OFFLOAD_TARGET_NAMES=nvptx-none
OFFLOAD_TARGET_DEFAULT=1
Target: x86_64-linux-gnu
Configured with: ../src/configure -v --with-pkgversion='Ubuntu 7.5.0-3ubuntu1~18.04' --with-bugurl=file:///usr/share/doc/gcc-7/README.Bugs --enable-languages=c,ada,c++,go,brig,d,fortran,objc,obj-c++ --prefix=/usr --with-gcc-major-version-only --program-suffix=-7 --program-prefix=x86_64-linux-gnu- --enable-shared --enable-linker-build-id --libexecdir=/usr/lib --without-included-gettext --enable-threads=posix --libdir=/usr/lib --enable-nls --enable-bootstrap --enable-clocale=gnu --enable-libstdcxx-debug --enable-libstdcxx-time=yes --with-default-libstdcxx-abi=new --enable-gnu-unique-object --disable-vtable-verify --enable-libmpx --enable-plugin --enable-default-pie --with-system-zlib --with-target-system-zlib --enable-objc-gc=auto --enable-multiarch --disable-werror --with-arch-32=i686 --with-abi=m64 --with-multilib-list=m32,m64,mx32 --enable-multilib --with-tune=generic --enable-offload-targets=nvptx-none --without-cuda-driver --enable-checking=release --build=x86_64-linux-gnu --host=x86_64-linux-gnu --target=x86_64-linux-gnu
Thread model: posix
gcc version 7.5.0 (Ubuntu 7.5.0-3ubuntu1~18.04) 
configure:4981: $? = 0
configure:4970: g++ -std=c++11 -V >&5
g++: error: unrecognized command line option '-V'
g++: fatal error: no input files
compilation terminated.
configure:4981: $? = 1
configure:4970: g++ -std=c++11 -qversion >&5
g++: error: unrecognized command line option '-qversion'; did you mean '--version'?
g++: fatal error: no input files
compilation terminated.
configure:4981: $? = 1
configure:4985: checking whether we are using the GNU Objective C++ compiler
configure:5004: g++ -std=c++11 -c  -I/db-4.8.30.NC/build_unix/build/include/ -O2 conftest.mm >&5
g++: error trying to exec 'cc1objplus': execvp: No such file or directory
configure:5004: $? = 1
configure: failed program was:
| /* confdefs.h */
| #define PACKAGE_NAME "Neuralinkbrainkeycoin Core"
| #define PACKAGE_TARNAME "neuralinkbrainkeycoin"
| #define PACKAGE_VERSION "0.14.2"
| #define PACKAGE_STRING "Neuralinkbrainkeycoin Core 0.14.2"
| #define PACKAGE_BUGREPORT "https://github.com/neuralinkbrainkeycoin-project/neuralinkbrainkeycoin/issues"
| #define PACKAGE_URL "https://neuralinkbrainkeycoin.org/"
| #define HAVE_CXX11 1
| /* end confdefs.h.  */
| 
| int
| main ()
| {
| #ifndef __GNUC__
|        choke me
| #endif
| 
|   ;
|   return 0;
| }
configure:5013: result: no
configure:5022: checking whether g++ -std=c++11 accepts -g
configure:5042: g++ -std=c++11 -c -g -I/db-4.8.30.NC/build_unix/build/include/ -O2 conftest.mm >&5
g++: error trying to exec 'cc1objplus': execvp: No such file or directory
configure:5042: $? = 1
configure: failed program was:
| /* confdefs.h */
| #define PACKAGE_NAME "Neuralinkbrainkeycoin Core"
| #define PACKAGE_TARNAME "neuralinkbrainkeycoin"
| #define PACKAGE_VERSION "0.14.2"
| #define PACKAGE_STRING "Neuralinkbrainkeycoin Core 0.14.2"
| #define PACKAGE_BUGREPORT "https://github.com/neuralinkbrainkeycoin-project/neuralinkbrainkeycoin/issues"
| #define PACKAGE_URL "https://neuralinkbrainkeycoin.org/"
| #define HAVE_CXX11 1
| /* end confdefs.h.  */
| 
| int
| main ()
| {
| 
|   ;
|   return 0;
| }
configure:5057: g++ -std=c++11 -c  -I/db-4.8.30.NC/build_unix/build/include/ -O2 conftest.mm >&5
g++: error trying to exec 'cc1objplus': execvp: No such file or directory
configure:5057: $? = 1
configure: failed program was:
| /* confdefs.h */
| #define PACKAGE_NAME "Neuralinkbrainkeycoin Core"
| #define PACKAGE_TARNAME "neuralinkbrainkeycoin"
| #define PACKAGE_VERSION "0.14.2"
| #define PACKAGE_STRING "Neuralinkbrainkeycoin Core 0.14.2"
| #define PACKAGE_BUGREPORT "https://github.com/neuralinkbrainkeycoin-project/neuralinkbrainkeycoin/issues"
| #define PACKAGE_URL "https://neuralinkbrainkeycoin.org/"
| #define HAVE_CXX11 1
| /* end confdefs.h.  */
| 
| int
| main ()
| {
| 
|   ;
|   return 0;
| }
configure:5073: g++ -std=c++11 -c -g -I/db-4.8.30.NC/build_unix/build/include/ -O2 conftest.mm >&5
g++: error trying to exec 'cc1objplus': execvp: No such file or directory
configure:5073: $? = 1
configure: failed program was:
| /* confdefs.h */
| #define PACKAGE_NAME "Neuralinkbrainkeycoin Core"
| #define PACKAGE_TARNAME "neuralinkbrainkeycoin"
| #define PACKAGE_VERSION "0.14.2"
| #define PACKAGE_STRING "Neuralinkbrainkeycoin Core 0.14.2"
| #define PACKAGE_BUGREPORT "https://github.com/neuralinkbrainkeycoin-project/neuralinkbrainkeycoin/issues"
| #define PACKAGE_URL "https://neuralinkbrainkeycoin.org/"
| #define HAVE_CXX11 1
| /* end confdefs.h.  */
| 
| int
| main ()
| {
| 
|   ;
|   return 0;
| }
configure:5083: result: no
configure:5108: checking dependency style of g++ -std=c++11
configure:5217: result: gcc3
configure:5280: checking how to print strings
configure:5307: result: printf
configure:5376: checking for gcc
configure:5392: found /usr/bin/gcc
configure:5403: result: gcc
configure:5632: checking for C compiler version
configure:5641: gcc --version >&5
gcc (Ubuntu 7.5.0-3ubuntu1~18.04) 7.5.0
Copyright (C) 2017 Free Software Foundation, Inc.
This is free software; see the source for copying conditions.  There is NO
warranty; not even for MERCHANTABILITY or FITNESS FOR A PARTICULAR PURPOSE.

configure:5652: $? = 0
configure:5641: gcc -v >&5
Using built-in specs.
COLLECT_GCC=gcc
COLLECT_LTO_WRAPPER=/usr/lib/gcc/x86_64-linux-gnu/7/lto-wrapper
OFFLOAD_TARGET_NAMES=nvptx-none
OFFLOAD_TARGET_DEFAULT=1
Target: x86_64-linux-gnu
Configured with: ../src/configure -v --with-pkgversion='Ubuntu 7.5.0-3ubuntu1~18.04' --with-bugurl=file:///usr/share/doc/gcc-7/README.Bugs --enable-languages=c,ada,c++,go,brig,d,fortran,objc,obj-c++ --prefix=/usr --with-gcc-major-version-only --program-suffix=-7 --program-prefix=x86_64-linux-gnu- --enable-shared --enable-linker-build-id --libexecdir=/usr/lib --without-included-gettext --enable-threads=posix --libdir=/usr/lib --enable-nls --enable-bootstrap --enable-clocale=gnu --enable-libstdcxx-debug --enable-libstdcxx-time=yes --with-default-libstdcxx-abi=new --enable-gnu-unique-object --disable-vtable-verify --enable-libmpx --enable-plugin --enable-default-pie --with-system-zlib --with-target-system-zlib --enable-objc-gc=auto --enable-multiarch --disable-werror --with-arch-32=i686 --with-abi=m64 --with-multilib-list=m32,m64,mx32 --enable-multilib --with-tune=generic --enable-offload-targets=nvptx-none --without-cuda-driver --enable-checking=release --build=x86_64-linux-gnu --host=x86_64-linux-gnu --target=x86_64-linux-gnu
Thread model: posix
gcc version 7.5.0 (Ubuntu 7.5.0-3ubuntu1~18.04) 
configure:5652: $? = 0
configure:5641: gcc -V >&5
gcc: error: unrecognized command line option '-V'
gcc: fatal error: no input files
compilation terminated.
configure:5652: $? = 1
configure:5641: gcc -qversion >&5
gcc: error: unrecognized command line option '-qversion'; did you mean '--version'?
gcc: fatal error: no input files
compilation terminated.
configure:5652: $? = 1
configure:5656: checking whether we are using the GNU C compiler
configure:5675: gcc -c  -I/db-4.8.30.NC/build_unix/build/include/ -O2 conftest.c >&5
configure:5675: $? = 0
configure:5684: result: yes
configure:5693: checking whether gcc accepts -g
configure:5713: gcc -c -g -I/db-4.8.30.NC/build_unix/build/include/ -O2 conftest.c >&5
configure:5713: $? = 0
configure:5754: result: yes
configure:5771: checking for gcc option to accept ISO C89
configure:5834: gcc  -c -g -O2 -I/db-4.8.30.NC/build_unix/build/include/ -O2 conftest.c >&5
configure:5834: $? = 0
configure:5847: result: none needed
configure:5872: checking whether gcc understands -c and -o together
configure:5894: gcc -c conftest.c -o conftest2.o
configure:5897: $? = 0
configure:5894: gcc -c conftest.c -o conftest2.o
configure:5897: $? = 0
configure:5909: result: yes
configure:5928: checking dependency style of gcc
configure:6039: result: gcc3
configure:6054: checking for a sed that does not truncate output
configure:6118: result: /bin/sed
configure:6136: checking for grep that handles long lines and -e
configure:6194: result: /bin/grep
configure:6199: checking for egrep
configure:6261: result: /bin/grep -E
configure:6266: checking for fgrep
configure:6328: result: /bin/grep -F
configure:6363: checking for ld used by gcc
configure:6430: result: /usr/bin/ld
configure:6437: checking if the linker (/usr/bin/ld) is GNU ld
configure:6452: result: yes
configure:6464: checking for BSD- or MS-compatible name lister (nm)
configure:6518: result: /usr/bin/nm -B
configure:6648: checking the name lister (/usr/bin/nm -B) interface
configure:6655: gcc -c -g -O2 -I/db-4.8.30.NC/build_unix/build/include/ -O2 conftest.c >&5
configure:6658: /usr/bin/nm -B "conftest.o"
configure:6661: output
0000000000000000 B some_variable
configure:6668: result: BSD nm
configure:6671: checking whether ln -s works
configure:6675: result: yes
configure:6683: checking the maximum length of command line arguments
configure:6814: result: 1572864
configure:6862: checking how to convert x86_64-pc-linux-gnu file names to x86_64-pc-linux-gnu format
configure:6902: result: func_convert_file_noop
configure:6909: checking how to convert x86_64-pc-linux-gnu file names to toolchain format
configure:6929: result: func_convert_file_noop
configure:6936: checking for /usr/bin/ld option to reload object files
configure:6943: result: -r
configure:7017: checking for objdump
configure:7033: found /usr/bin/objdump
configure:7044: result: objdump
configure:7076: checking how to recognize dependent libraries
configure:7276: result: pass_all
configure:7361: checking for dlltool
configure:7391: result: no
configure:7421: checking how to associate runtime and link libraries
configure:7448: result: printf %s\n
configure:7509: checking for ar
configure:7525: found /usr/bin/ar
configure:7536: result: ar
configure:7573: checking for archiver @FILE support
configure:7590: gcc -c -g -O2 -I/db-4.8.30.NC/build_unix/build/include/ -O2 conftest.c >&5
configure:7590: $? = 0
configure:7593: ar cru libconftest.a @conftest.lst >&5
ar: `u' modifier ignored since `D' is the default (see `U')
configure:7596: $? = 0
configure:7601: ar cru libconftest.a @conftest.lst >&5
ar: `u' modifier ignored since `D' is the default (see `U')
ar: conftest.o: No such file or directory
configure:7604: $? = 1
configure:7616: result: @
configure:7674: checking for strip
configure:7690: found /usr/bin/strip
configure:7701: result: strip
configure:7773: checking for ranlib
configure:7789: found /usr/bin/ranlib
configure:7800: result: ranlib
configure:7902: checking command to parse /usr/bin/nm -B output from gcc object
configure:8055: gcc -c -g -O2 -I/db-4.8.30.NC/build_unix/build/include/ -O2 conftest.c >&5
configure:8058: $? = 0
configure:8062: /usr/bin/nm -B conftest.o \| sed -n -e 's/^.*[ ]\([ABCDGIRSTW][ABCDGIRSTW]*\)[ ][ ]*\([_A-Za-z][_A-Za-z0-9]*\)$/\1 \2 \2/p' | sed '/ __gnu_lto/d' \> conftest.nm
configure:8065: $? = 0
configure:8131: gcc -o conftest -g -O2 -I/db-4.8.30.NC/build_unix/build/include/ -O2 -L/db-4.8.30.NC/build_unix/build/lib/ conftest.c conftstm.o >&5
configure:8134: $? = 0
configure:8172: result: ok
configure:8219: checking for sysroot
configure:8249: result: no
configure:8256: checking for a working dd
configure:8294: result: /bin/dd
configure:8298: checking how to truncate binary pipes
configure:8313: result: /bin/dd bs=4096 count=1
configure:8449: gcc -c -g -O2 -I/db-4.8.30.NC/build_unix/build/include/ -O2 conftest.c >&5
configure:8452: $? = 0
configure:8642: checking for mt
configure:8658: found /bin/mt
configure:8669: result: mt
configure:8692: checking if mt is a manifest tool
configure:8698: mt '-?'
configure:8706: result: no
configure:9383: checking how to run the C preprocessor
configure:9414: gcc -E -I/db-4.8.30.NC/build_unix/build/include/ -O2 conftest.c
configure:9414: $? = 0
configure:9428: gcc -E -I/db-4.8.30.NC/build_unix/build/include/ -O2 conftest.c
conftest.c:10:10: fatal error: ac_nonexistent.h: No such file or directory
 #include <ac_nonexistent.h>
          ^~~~~~~~~~~~~~~~~~
compilation terminated.
configure:9428: $? = 1
configure: failed program was:
| /* confdefs.h */
| #define PACKAGE_NAME "Neuralinkbrainkeycoin Core"
| #define PACKAGE_TARNAME "neuralinkbrainkeycoin"
| #define PACKAGE_VERSION "0.14.2"
| #define PACKAGE_STRING "Neuralinkbrainkeycoin Core 0.14.2"
| #define PACKAGE_BUGREPORT "https://github.com/neuralinkbrainkeycoin-project/neuralinkbrainkeycoin/issues"
| #define PACKAGE_URL "https://neuralinkbrainkeycoin.org/"
| #define HAVE_CXX11 1
| /* end confdefs.h.  */
| #include <ac_nonexistent.h>
configure:9453: result: gcc -E
configure:9473: gcc -E -I/db-4.8.30.NC/build_unix/build/include/ -O2 conftest.c
configure:9473: $? = 0
configure:9487: gcc -E -I/db-4.8.30.NC/build_unix/build/include/ -O2 conftest.c
conftest.c:10:10: fatal error: ac_nonexistent.h: No such file or directory
 #include <ac_nonexistent.h>
          ^~~~~~~~~~~~~~~~~~
compilation terminated.
configure:9487: $? = 1
configure: failed program was:
| /* confdefs.h */
| #define PACKAGE_NAME "Neuralinkbrainkeycoin Core"
| #define PACKAGE_TARNAME "neuralinkbrainkeycoin"
| #define PACKAGE_VERSION "0.14.2"
| #define PACKAGE_STRING "Neuralinkbrainkeycoin Core 0.14.2"
| #define PACKAGE_BUGREPORT "https://github.com/neuralinkbrainkeycoin-project/neuralinkbrainkeycoin/issues"
| #define PACKAGE_URL "https://neuralinkbrainkeycoin.org/"
| #define HAVE_CXX11 1
| /* end confdefs.h.  */
| #include <ac_nonexistent.h>
configure:9516: checking for ANSI C header files
configure:9536: gcc -c -g -O2 -I/db-4.8.30.NC/build_unix/build/include/ -O2 conftest.c >&5
configure:9536: $? = 0
configure:9609: gcc -o conftest -g -O2 -I/db-4.8.30.NC/build_unix/build/include/ -O2 -L/db-4.8.30.NC/build_unix/build/lib/ conftest.c  >&5
configure:9609: $? = 0
configure:9609: ./conftest
configure:9609: $? = 0
configure:9620: result: yes
configure:9633: checking for sys/types.h
configure:9633: gcc -c -g -O2 -I/db-4.8.30.NC/build_unix/build/include/ -O2 conftest.c >&5
configure:9633: $? = 0
configure:9633: result: yes
configure:9633: checking for sys/stat.h
configure:9633: gcc -c -g -O2 -I/db-4.8.30.NC/build_unix/build/include/ -O2 conftest.c >&5
configure:9633: $? = 0
configure:9633: result: yes
configure:9633: checking for stdlib.h
configure:9633: gcc -c -g -O2 -I/db-4.8.30.NC/build_unix/build/include/ -O2 conftest.c >&5
configure:9633: $? = 0
configure:9633: result: yes
configure:9633: checking for string.h
configure:9633: gcc -c -g -O2 -I/db-4.8.30.NC/build_unix/build/include/ -O2 conftest.c >&5
configure:9633: $? = 0
configure:9633: result: yes
configure:9633: checking for memory.h
configure:9633: gcc -c -g -O2 -I/db-4.8.30.NC/build_unix/build/include/ -O2 conftest.c >&5
configure:9633: $? = 0
configure:9633: result: yes
configure:9633: checking for strings.h
configure:9633: gcc -c -g -O2 -I/db-4.8.30.NC/build_unix/build/include/ -O2 conftest.c >&5
configure:9633: $? = 0
configure:9633: result: yes
configure:9633: checking for inttypes.h
configure:9633: gcc -c -g -O2 -I/db-4.8.30.NC/build_unix/build/include/ -O2 conftest.c >&5
configure:9633: $? = 0
configure:9633: result: yes
configure:9633: checking for stdint.h
configure:9633: gcc -c -g -O2 -I/db-4.8.30.NC/build_unix/build/include/ -O2 conftest.c >&5
configure:9633: $? = 0
configure:9633: result: yes
configure:9633: checking for unistd.h
configure:9633: gcc -c -g -O2 -I/db-4.8.30.NC/build_unix/build/include/ -O2 conftest.c >&5
configure:9633: $? = 0
configure:9633: result: yes
configure:9647: checking for dlfcn.h
configure:9647: gcc -c -g -O2 -I/db-4.8.30.NC/build_unix/build/include/ -O2 conftest.c >&5
configure:9647: $? = 0
configure:9647: result: yes
configure:9912: checking for objdir
configure:9927: result: .libs
configure:10191: checking if gcc supports -fno-rtti -fno-exceptions
configure:10209: gcc -c -g -O2 -I/db-4.8.30.NC/build_unix/build/include/ -O2 -fno-rtti -fno-exceptions conftest.c >&5
cc1: warning: command line option '-fno-rtti' is valid for C++/ObjC++ but not for C
configure:10213: $? = 0
configure:10226: result: no
configure:10584: checking for gcc option to produce PIC
configure:10591: result: -fPIC -DPIC
configure:10599: checking if gcc PIC flag -fPIC -DPIC works
configure:10617: gcc -c -g -O2 -I/db-4.8.30.NC/build_unix/build/include/ -O2 -fPIC -DPIC -DPIC conftest.c >&5
configure:10621: $? = 0
configure:10634: result: yes
configure:10663: checking if gcc static flag -static works
configure:10691: result: yes
configure:10706: checking if gcc supports -c -o file.o
configure:10727: gcc -c -g -O2 -I/db-4.8.30.NC/build_unix/build/include/ -O2 -o out/conftest2.o conftest.c >&5
configure:10731: $? = 0
configure:10753: result: yes
configure:10761: checking if gcc supports -c -o file.o
configure:10808: result: yes
configure:10841: checking whether the gcc linker (/usr/bin/ld -m elf_x86_64) supports shared libraries
configure:12104: result: yes
configure:12141: checking whether -lc should be explicitly linked in
configure:12149: gcc -c -g -O2 -I/db-4.8.30.NC/build_unix/build/include/ -O2 conftest.c >&5
configure:12152: $? = 0
configure:12167: gcc -shared  -fPIC -DPIC conftest.o  -v -Wl,-soname -Wl,conftest -o conftest 2\>\&1 \| /bin/grep  -lc  \>/dev/null 2\>\&1
configure:12170: $? = 0
configure:12184: result: no
configure:12344: checking dynamic linker characteristics
configure:12925: gcc -o conftest -g -O2 -I/db-4.8.30.NC/build_unix/build/include/ -O2 -L/db-4.8.30.NC/build_unix/build/lib/ -Wl,-rpath -Wl,/foo conftest.c  >&5
configure:12925: $? = 0
configure:13174: result: GNU/Linux ld.so
configure:13296: checking how to hardcode library paths into programs
configure:13321: result: immediate
configure:13869: checking whether stripping libraries is possible
configure:13874: result: yes
configure:13909: checking if libtool supports shared libraries
configure:13911: result: yes
configure:13914: checking whether to build shared libraries
configure:13939: result: yes
configure:13942: checking whether to build static libraries
configure:13946: result: yes
configure:13969: checking how to run the C++ preprocessor
configure:13996: g++ -std=c++11 -E -I/db-4.8.30.NC/build_unix/build/include/ -O2 conftest.cpp
configure:13996: $? = 0
configure:14010: g++ -std=c++11 -E -I/db-4.8.30.NC/build_unix/build/include/ -O2 conftest.cpp
conftest.cpp:22:10: fatal error: ac_nonexistent.h: No such file or directory
 #include <ac_nonexistent.h>
          ^~~~~~~~~~~~~~~~~~
compilation terminated.
configure:14010: $? = 1
configure: failed program was:
| /* confdefs.h */
| #define PACKAGE_NAME "Neuralinkbrainkeycoin Core"
| #define PACKAGE_TARNAME "neuralinkbrainkeycoin"
| #define PACKAGE_VERSION "0.14.2"
| #define PACKAGE_STRING "Neuralinkbrainkeycoin Core 0.14.2"
| #define PACKAGE_BUGREPORT "https://github.com/neuralinkbrainkeycoin-project/neuralinkbrainkeycoin/issues"
| #define PACKAGE_URL "https://neuralinkbrainkeycoin.org/"
| #define HAVE_CXX11 1
| #define STDC_HEADERS 1
| #define HAVE_SYS_TYPES_H 1
| #define HAVE_SYS_STAT_H 1
| #define HAVE_STDLIB_H 1
| #define HAVE_STRING_H 1
| #define HAVE_MEMORY_H 1
| #define HAVE_STRINGS_H 1
| #define HAVE_INTTYPES_H 1
| #define HAVE_STDINT_H 1
| #define HAVE_UNISTD_H 1
| #define HAVE_DLFCN_H 1
| #define LT_OBJDIR ".libs/"
| /* end confdefs.h.  */
| #include <ac_nonexistent.h>
configure:14035: result: g++ -std=c++11 -E
configure:14055: g++ -std=c++11 -E -I/db-4.8.30.NC/build_unix/build/include/ -O2 conftest.cpp
configure:14055: $? = 0
configure:14069: g++ -std=c++11 -E -I/db-4.8.30.NC/build_unix/build/include/ -O2 conftest.cpp
conftest.cpp:22:10: fatal error: ac_nonexistent.h: No such file or directory
 #include <ac_nonexistent.h>
          ^~~~~~~~~~~~~~~~~~
compilation terminated.
configure:14069: $? = 1
configure: failed program was:
| /* confdefs.h */
| #define PACKAGE_NAME "Neuralinkbrainkeycoin Core"
| #define PACKAGE_TARNAME "neuralinkbrainkeycoin"
| #define PACKAGE_VERSION "0.14.2"
| #define PACKAGE_STRING "Neuralinkbrainkeycoin Core 0.14.2"
| #define PACKAGE_BUGREPORT "https://github.com/neuralinkbrainkeycoin-project/neuralinkbrainkeycoin/issues"
| #define PACKAGE_URL "https://neuralinkbrainkeycoin.org/"
| #define HAVE_CXX11 1
| #define STDC_HEADERS 1
| #define HAVE_SYS_TYPES_H 1
| #define HAVE_SYS_STAT_H 1
| #define HAVE_STDLIB_H 1
| #define HAVE_STRING_H 1
| #define HAVE_MEMORY_H 1
| #define HAVE_STRINGS_H 1
| #define HAVE_INTTYPES_H 1
| #define HAVE_STDINT_H 1
| #define HAVE_UNISTD_H 1
| #define HAVE_DLFCN_H 1
| #define LT_OBJDIR ".libs/"
| /* end confdefs.h.  */
| #include <ac_nonexistent.h>
configure:14231: checking for ld used by g++ -std=c++11
configure:14298: result: /usr/bin/ld -m elf_x86_64
configure:14305: checking if the linker (/usr/bin/ld -m elf_x86_64) is GNU ld
configure:14320: result: yes
configure:14375: checking whether the g++ -std=c++11 linker (/usr/bin/ld -m elf_x86_64) supports shared libraries
configure:15448: result: yes
configure:15484: g++ -std=c++11 -c -g -O2 -I/db-4.8.30.NC/build_unix/build/include/ -O2 conftest.cpp >&5
configure:15487: $? = 0
configure:15968: checking for g++ -std=c++11 option to produce PIC
configure:15975: result: -fPIC -DPIC
configure:15983: checking if g++ -std=c++11 PIC flag -fPIC -DPIC works
configure:16001: g++ -std=c++11 -c -g -O2 -I/db-4.8.30.NC/build_unix/build/include/ -O2 -fPIC -DPIC -DPIC conftest.cpp >&5
configure:16005: $? = 0
configure:16018: result: yes
configure:16041: checking if g++ -std=c++11 static flag -static works
configure:16069: result: yes
configure:16081: checking if g++ -std=c++11 supports -c -o file.o
configure:16102: g++ -std=c++11 -c -g -O2 -I/db-4.8.30.NC/build_unix/build/include/ -O2 -o out/conftest2.o conftest.cpp >&5
configure:16106: $? = 0
configure:16128: result: yes
configure:16133: checking if g++ -std=c++11 supports -c -o file.o
configure:16180: result: yes
configure:16210: checking whether the g++ -std=c++11 linker (/usr/bin/ld -m elf_x86_64) supports shared libraries
configure:16253: result: yes
configure:16394: checking dynamic linker characteristics
configure:17151: result: GNU/Linux ld.so
configure:17216: checking how to hardcode library paths into programs
configure:17241: result: immediate
configure:17349: checking for ar
configure:17367: found /usr/bin/ar
configure:17379: result: /usr/bin/ar
configure:17447: checking for ranlib
configure:17465: found /usr/bin/ranlib
configure:17477: result: /usr/bin/ranlib
configure:17545: checking for strip
configure:17563: found /usr/bin/strip
configure:17575: result: /usr/bin/strip
configure:17643: checking for gcov
configure:17661: found /usr/bin/gcov
configure:17673: result: /usr/bin/gcov
configure:17697: checking for lcov
configure:17730: result: no
configure:17739: checking for python3.6
configure:17757: found /usr/bin/python3.6
configure:17769: result: /usr/bin/python3.6
configure:17782: checking for genhtml
configure:17815: result: no
configure:17822: checking for git
configure:17840: found /usr/bin/git
configure:17852: result: /usr/bin/git
configure:17862: checking for ccache
configure:17895: result: no
configure:17902: checking for xgettext
configure:17935: result: no
configure:17942: checking for hexdump
configure:17960: found /usr/bin/hexdump
configure:17972: result: /usr/bin/hexdump
configure:18026: checking for readelf
configure:18044: found /usr/bin/readelf
configure:18056: result: /usr/bin/readelf
configure:18124: checking for c++filt
configure:18142: found /usr/bin/c++filt
configure:18154: result: /usr/bin/c++filt
configure:18222: checking for objcopy
configure:18240: found /usr/bin/objcopy
configure:18252: result: /usr/bin/objcopy
configure:18448: checking whether C++ compiler accepts -Werror
configure:18467: g++ -std=c++11 -c -g -O2  -Werror -I/db-4.8.30.NC/build_unix/build/include/ -O2 conftest.cpp >&5
configure:18467: $? = 0
configure:18475: result: yes
configure:18541: checking whether C++ compiler accepts -Wall
configure:18560: g++ -std=c++11 -c -g -O2 -Werror -Wall -I/db-4.8.30.NC/build_unix/build/include/ -O2 conftest.cpp >&5
configure:18560: $? = 0
configure:18569: result: yes
configure:18578: checking whether C++ compiler accepts -Wextra
configure:18597: g++ -std=c++11 -c -g -O2 -Wall -Werror -Wextra -I/db-4.8.30.NC/build_unix/build/include/ -O2 conftest.cpp >&5
configure:18597: $? = 0
configure:18606: result: yes
configure:18615: checking whether C++ compiler accepts -Wformat
configure:18634: g++ -std=c++11 -c -g -O2 -Wall -Wextra -Werror -Wformat -I/db-4.8.30.NC/build_unix/build/include/ -O2 conftest.cpp >&5
configure:18634: $? = 0
configure:18643: result: yes
configure:18652: checking whether C++ compiler accepts -Wvla
configure:18671: g++ -std=c++11 -c -g -O2 -Wall -Wextra -Wformat -Werror -Wvla -I/db-4.8.30.NC/build_unix/build/include/ -O2 conftest.cpp >&5
configure:18671: $? = 0
configure:18680: result: yes
configure:18689: checking whether C++ compiler accepts -Wformat-security
configure:18708: g++ -std=c++11 -c -g -O2 -Wall -Wextra -Wformat -Wvla -Werror -Wformat-security -I/db-4.8.30.NC/build_unix/build/include/ -O2 conftest.cpp >&5
configure:18708: $? = 0
configure:18717: result: yes
configure:18730: checking whether C++ compiler accepts -Wunused-parameter
configure:18749: g++ -std=c++11 -c -g -O2 -Wall -Wextra -Wformat -Wvla -Wformat-security -Werror -Wunused-parameter -I/db-4.8.30.NC/build_unix/build/include/ -O2 conftest.cpp >&5
configure:18749: $? = 0
configure:18758: result: yes
configure:18767: checking whether C++ compiler accepts -Wself-assign
configure:18786: g++ -std=c++11 -c -g -O2 -Wall -Wextra -Wformat -Wvla -Wformat-security -Wno-unused-parameter -Werror -Wself-assign -I/db-4.8.30.NC/build_unix/build/include/ -O2 conftest.cpp >&5
g++: error: unrecognized command line option '-Wself-assign'; did you mean '-Wcast-align'?
configure:18786: $? = 1
configure: failed program was:
| /* confdefs.h */
| #define PACKAGE_NAME "Neuralinkbrainkeycoin Core"
| #define PACKAGE_TARNAME "neuralinkbrainkeycoin"
| #define PACKAGE_VERSION "0.14.2"
| #define PACKAGE_STRING "Neuralinkbrainkeycoin Core 0.14.2"
| #define PACKAGE_BUGREPORT "https://github.com/neuralinkbrainkeycoin-project/neuralinkbrainkeycoin/issues"
| #define PACKAGE_URL "https://neuralinkbrainkeycoin.org/"
| #define HAVE_CXX11 1
| #define STDC_HEADERS 1
| #define HAVE_SYS_TYPES_H 1
| #define HAVE_SYS_STAT_H 1
| #define HAVE_STDLIB_H 1
| #define HAVE_STRING_H 1
| #define HAVE_MEMORY_H 1
| #define HAVE_STRINGS_H 1
| #define HAVE_INTTYPES_H 1
| #define HAVE_STDINT_H 1
| #define HAVE_UNISTD_H 1
| #define HAVE_DLFCN_H 1
| #define LT_OBJDIR ".libs/"
| /* end confdefs.h.  */
| 
| int
| main ()
| {
| 
|   ;
|   return 0;
| }
configure:18795: result: no
configure:18804: checking whether C++ compiler accepts -Wunused-local-typedef
configure:18823: g++ -std=c++11 -c -g -O2 -Wall -Wextra -Wformat -Wvla -Wformat-security -Wno-unused-parameter -Werror -Wunused-local-typedef -I/db-4.8.30.NC/build_unix/build/include/ -O2 conftest.cpp >&5
g++: error: unrecognized command line option '-Wunused-local-typedef'; did you mean '-Wunused-local-typedefs'?
configure:18823: $? = 1
configure: failed program was:
| /* confdefs.h */
| #define PACKAGE_NAME "Neuralinkbrainkeycoin Core"
| #define PACKAGE_TARNAME "neuralinkbrainkeycoin"
| #define PACKAGE_VERSION "0.14.2"
| #define PACKAGE_STRING "Neuralinkbrainkeycoin Core 0.14.2"
| #define PACKAGE_BUGREPORT "https://github.com/neuralinkbrainkeycoin-project/neuralinkbrainkeycoin/issues"
| #define PACKAGE_URL "https://neuralinkbrainkeycoin.org/"
| #define HAVE_CXX11 1
| #define STDC_HEADERS 1
| #define HAVE_SYS_TYPES_H 1
| #define HAVE_SYS_STAT_H 1
| #define HAVE_STDLIB_H 1
| #define HAVE_STRING_H 1
| #define HAVE_MEMORY_H 1
| #define HAVE_STRINGS_H 1
| #define HAVE_INTTYPES_H 1
| #define HAVE_STDINT_H 1
| #define HAVE_UNISTD_H 1
| #define HAVE_DLFCN_H 1
| #define LT_OBJDIR ".libs/"
| /* end confdefs.h.  */
| 
| int
| main ()
| {
| 
|   ;
|   return 0;
| }
configure:18832: result: no
configure:18841: checking whether C++ compiler accepts -Wdeprecated-register
configure:18860: g++ -std=c++11 -c -g -O2 -Wall -Wextra -Wformat -Wvla -Wformat-security -Wno-unused-parameter -Werror -Wdeprecated-register -I/db-4.8.30.NC/build_unix/build/include/ -O2 conftest.cpp >&5
g++: error: unrecognized command line option '-Wdeprecated-register'; did you mean '-frename-registers'?
configure:18860: $? = 1
configure: failed program was:
| /* confdefs.h */
| #define PACKAGE_NAME "Neuralinkbrainkeycoin Core"
| #define PACKAGE_TARNAME "neuralinkbrainkeycoin"
| #define PACKAGE_VERSION "0.14.2"
| #define PACKAGE_STRING "Neuralinkbrainkeycoin Core 0.14.2"
| #define PACKAGE_BUGREPORT "https://github.com/neuralinkbrainkeycoin-project/neuralinkbrainkeycoin/issues"
| #define PACKAGE_URL "https://neuralinkbrainkeycoin.org/"
| #define HAVE_CXX11 1
| #define STDC_HEADERS 1
| #define HAVE_SYS_TYPES_H 1
| #define HAVE_SYS_STAT_H 1
| #define HAVE_STDLIB_H 1
| #define HAVE_STRING_H 1
| #define HAVE_MEMORY_H 1
| #define HAVE_STRINGS_H 1
| #define HAVE_INTTYPES_H 1
| #define HAVE_STDINT_H 1
| #define HAVE_UNISTD_H 1
| #define HAVE_DLFCN_H 1
| #define LT_OBJDIR ".libs/"
| /* end confdefs.h.  */
| 
| int
| main ()
| {
| 
|   ;
|   return 0;
| }
configure:18869: result: no
configure:20556: checking for pkg-config
configure:20574: found /usr/bin/pkg-config
configure:20586: result: /usr/bin/pkg-config
configure:20611: checking pkg-config is at least version 0.9.0
configure:20614: result: yes
configure:20720: checking whether byte ordering is bigendian
configure:20735: g++ -std=c++11 -c -g -O2 -Wall -Wextra -Wformat -Wvla -Wformat-security -Wno-unused-parameter -I/db-4.8.30.NC/build_unix/build/include/ -O2 -DHAVE_BUILD_INFO -D__STDC_FORMAT_MACROS conftest.cpp >&5
conftest.cpp:23:9: error: expected unqualified-id before 'not' token
         not a universal capable compiler
         ^~~
configure:20735: $? = 1
configure: failed program was:
| /* confdefs.h */
| #define PACKAGE_NAME "Neuralinkbrainkeycoin Core"
| #define PACKAGE_TARNAME "neuralinkbrainkeycoin"
| #define PACKAGE_VERSION "0.14.2"
| #define PACKAGE_STRING "Neuralinkbrainkeycoin Core 0.14.2"
| #define PACKAGE_BUGREPORT "https://github.com/neuralinkbrainkeycoin-project/neuralinkbrainkeycoin/issues"
| #define PACKAGE_URL "https://neuralinkbrainkeycoin.org/"
| #define HAVE_CXX11 1
| #define STDC_HEADERS 1
| #define HAVE_SYS_TYPES_H 1
| #define HAVE_SYS_STAT_H 1
| #define HAVE_STDLIB_H 1
| #define HAVE_STRING_H 1
| #define HAVE_MEMORY_H 1
| #define HAVE_STRINGS_H 1
| #define HAVE_INTTYPES_H 1
| #define HAVE_STDINT_H 1
| #define HAVE_UNISTD_H 1
| #define HAVE_DLFCN_H 1
| #define LT_OBJDIR ".libs/"
| /* end confdefs.h.  */
| #ifndef __APPLE_CC__
| 	       not a universal capable compiler
| 	     #endif
| 	     typedef int dummy;
| 
configure:20780: g++ -std=c++11 -c -g -O2 -Wall -Wextra -Wformat -Wvla -Wformat-security -Wno-unused-parameter -I/db-4.8.30.NC/build_unix/build/include/ -O2 -DHAVE_BUILD_INFO -D__STDC_FORMAT_MACROS conftest.cpp >&5
configure:20780: $? = 0
configure:20798: g++ -std=c++11 -c -g -O2 -Wall -Wextra -Wformat -Wvla -Wformat-security -Wno-unused-parameter -I/db-4.8.30.NC/build_unix/build/include/ -O2 -DHAVE_BUILD_INFO -D__STDC_FORMAT_MACROS conftest.cpp >&5
conftest.cpp: In function 'int main()':
conftest.cpp:29:8: error: 'big' was not declared in this scope
    not big endian
        ^~~
configure:20798: $? = 1
configure: failed program was:
| /* confdefs.h */
| #define PACKAGE_NAME "Neuralinkbrainkeycoin Core"
| #define PACKAGE_TARNAME "neuralinkbrainkeycoin"
| #define PACKAGE_VERSION "0.14.2"
| #define PACKAGE_STRING "Neuralinkbrainkeycoin Core 0.14.2"
| #define PACKAGE_BUGREPORT "https://github.com/neuralinkbrainkeycoin-project/neuralinkbrainkeycoin/issues"
| #define PACKAGE_URL "https://neuralinkbrainkeycoin.org/"
| #define HAVE_CXX11 1
| #define STDC_HEADERS 1
| #define HAVE_SYS_TYPES_H 1
| #define HAVE_SYS_STAT_H 1
| #define HAVE_STDLIB_H 1
| #define HAVE_STRING_H 1
| #define HAVE_MEMORY_H 1
| #define HAVE_STRINGS_H 1
| #define HAVE_INTTYPES_H 1
| #define HAVE_STDINT_H 1
| #define HAVE_UNISTD_H 1
| #define HAVE_DLFCN_H 1
| #define LT_OBJDIR ".libs/"
| /* end confdefs.h.  */
| #include <sys/types.h>
| 		#include <sys/param.h>
| 
| int
| main ()
| {
| #if BYTE_ORDER != BIG_ENDIAN
| 		 not big endian
| 		#endif
| 
|   ;
|   return 0;
| }
configure:20926: result: no
configure:21128: checking whether gcc is Clang
configure:21153: result: no
configure:21276: checking whether pthreads work with -pthread
configure:21370: gcc -o conftest -g -O2 -pthread -I/db-4.8.30.NC/build_unix/build/include/ -O2 -DHAVE_BUILD_INFO -D__STDC_FORMAT_MACROS -L/db-4.8.30.NC/build_unix/build/lib/ conftest.c   >&5
configure:21370: $? = 0
configure:21379: result: yes
configure:21398: checking for joinable pthread attribute
configure:21416: gcc -o conftest -g -O2 -pthread -I/db-4.8.30.NC/build_unix/build/include/ -O2 -DHAVE_BUILD_INFO -D__STDC_FORMAT_MACROS -L/db-4.8.30.NC/build_unix/build/lib/ conftest.c   >&5
configure:21416: $? = 0
configure:21424: result: PTHREAD_CREATE_JOINABLE
configure:21438: checking whether more special flags are required for pthreads
configure:21451: result: no
configure:21459: checking for PTHREAD_PRIO_INHERIT
configure:21475: gcc -o conftest -g -O2 -pthread -I/db-4.8.30.NC/build_unix/build/include/ -O2 -DHAVE_BUILD_INFO -D__STDC_FORMAT_MACROS -L/db-4.8.30.NC/build_unix/build/lib/ conftest.c   >&5
configure:21475: $? = 0
configure:21484: result: yes
configure:21597: checking for special C compiler options needed for large files
configure:21642: result: no
configure:21648: checking for _FILE_OFFSET_BITS value needed for large files
configure:21673: g++ -std=c++11 -c -g -O2 -Wall -Wextra -Wformat -Wvla -Wformat-security -Wno-unused-parameter -I/db-4.8.30.NC/build_unix/build/include/ -O2 -DHAVE_BUILD_INFO -D__STDC_FORMAT_MACROS conftest.cpp >&5
configure:21673: $? = 0
configure:21705: result: no
configure:21791: checking whether strerror_r is declared
configure:21791: g++ -std=c++11 -c -g -O2 -Wall -Wextra -Wformat -Wvla -Wformat-security -Wno-unused-parameter -I/db-4.8.30.NC/build_unix/build/include/ -O2 -DHAVE_BUILD_INFO -D__STDC_FORMAT_MACROS conftest.cpp >&5
configure:21791: $? = 0
configure:21791: result: yes
configure:21804: checking for strerror_r
configure:21804: g++ -std=c++11 -o conftest -g -O2 -Wall -Wextra -Wformat -Wvla -Wformat-security -Wno-unused-parameter -I/db-4.8.30.NC/build_unix/build/include/ -O2 -DHAVE_BUILD_INFO -D__STDC_FORMAT_MACROS -L/db-4.8.30.NC/build_unix/build/lib/ conftest.cpp  >&5
configure:21804: $? = 0
configure:21804: result: yes
configure:21813: checking whether strerror_r returns char *
configure:21837: g++ -std=c++11 -c -g -O2 -Wall -Wextra -Wformat -Wvla -Wformat-security -Wno-unused-parameter -I/db-4.8.30.NC/build_unix/build/include/ -O2 -DHAVE_BUILD_INFO -D__STDC_FORMAT_MACROS conftest.cpp >&5
configure:21837: $? = 0
configure:21875: result: yes
configure:21896: checking whether the linker accepts -Wl,--large-address-aware
configure:21915: g++ -std=c++11 -o conftest -g -O2 -Wall -Wextra -Wformat -Wvla -Wformat-security -Wno-unused-parameter -I/db-4.8.30.NC/build_unix/build/include/ -O2 -DHAVE_BUILD_INFO -D__STDC_FORMAT_MACROS -L/db-4.8.30.NC/build_unix/build/lib/  -Wl,--large-address-aware conftest.cpp  >&5
/usr/bin/ld: unrecognized option '--large-address-aware'
/usr/bin/ld: use the --help option for usage information
collect2: error: ld returned 1 exit status
configure:21915: $? = 1
configure: failed program was:
| /* confdefs.h */
| #define PACKAGE_NAME "Neuralinkbrainkeycoin Core"
| #define PACKAGE_TARNAME "neuralinkbrainkeycoin"
| #define PACKAGE_VERSION "0.14.2"
| #define PACKAGE_STRING "Neuralinkbrainkeycoin Core 0.14.2"
| #define PACKAGE_BUGREPORT "https://github.com/neuralinkbrainkeycoin-project/neuralinkbrainkeycoin/issues"
| #define PACKAGE_URL "https://neuralinkbrainkeycoin.org/"
| #define HAVE_CXX11 1
| #define STDC_HEADERS 1
| #define HAVE_SYS_TYPES_H 1
| #define HAVE_SYS_STAT_H 1
| #define HAVE_STDLIB_H 1
| #define HAVE_STRING_H 1
| #define HAVE_MEMORY_H 1
| #define HAVE_STRINGS_H 1
| #define HAVE_INTTYPES_H 1
| #define HAVE_STDINT_H 1
| #define HAVE_UNISTD_H 1
| #define HAVE_DLFCN_H 1
| #define LT_OBJDIR ".libs/"
| #define HAVE_PTHREAD_PRIO_INHERIT 1
| #define HAVE_PTHREAD 1
| #define HAVE_DECL_STRERROR_R 1
| #define HAVE_STRERROR_R 1
| #define STRERROR_R_CHAR_P 1
| /* end confdefs.h.  */
| 
| int
| main ()
| {
| 
|   ;
|   return 0;
| }
configure:21924: result: no
configure:21936: checking for __attribute__((visibility))
configure:21960: g++ -std=c++11 -o conftest -g -O2 -Wall -Wextra -Wformat -Wvla -Wformat-security -Wno-unused-parameter -I/db-4.8.30.NC/build_unix/build/include/ -O2 -DHAVE_BUILD_INFO -D__STDC_FORMAT_MACROS -L/db-4.8.30.NC/build_unix/build/lib/ conftest.cpp  >&5
configure:21960: $? = 0
configure:21973: result: yes
configure:21989: checking for __attribute__((dllexport))
configure:22010: g++ -std=c++11 -o conftest -g -O2 -Wall -Wextra -Wformat -Wvla -Wformat-security -Wno-unused-parameter -I/db-4.8.30.NC/build_unix/build/include/ -O2 -DHAVE_BUILD_INFO -D__STDC_FORMAT_MACROS -L/db-4.8.30.NC/build_unix/build/lib/ conftest.cpp  >&5
conftest.cpp:30:62: warning: 'dllexport' attribute directive ignored [-Wattributes]
                     __attribute__((dllexport)) int foo( void ) { return 0; }
                                                              ^
configure:22010: $? = 0
configure:22023: result: no
configure:22039: checking for __attribute__((dllimport))
configure:22060: g++ -std=c++11 -o conftest -g -O2 -Wall -Wextra -Wformat -Wvla -Wformat-security -Wno-unused-parameter -I/db-4.8.30.NC/build_unix/build/include/ -O2 -DHAVE_BUILD_INFO -D__STDC_FORMAT_MACROS -L/db-4.8.30.NC/build_unix/build/lib/ conftest.cpp  >&5
conftest.cpp:30:62: warning: 'dllimport' attribute directive ignored [-Wattributes]
                     int foo( void ) __attribute__((dllimport));
                                                              ^
configure:22060: $? = 0
configure:22073: result: no
configure:22173: checking for library containing clock_gettime
configure:22204: g++ -std=c++11 -o conftest -g -O2 -Wall -Wextra -Wformat -Wvla -Wformat-security -Wno-unused-parameter -I/db-4.8.30.NC/build_unix/build/include/ -O2 -DHAVE_BUILD_INFO -D__STDC_FORMAT_MACROS -L/db-4.8.30.NC/build_unix/build/lib/ conftest.cpp  >&5
configure:22204: $? = 0
configure:22221: result: none required
configure:22233: checking whether C++ compiler accepts -fPIC
configure:22252: g++ -std=c++11 -c -g -O2 -Wall -Wextra -Wformat -Wvla -Wformat-security -Wno-unused-parameter  -fPIC -I/db-4.8.30.NC/build_unix/build/include/ -O2 -DHAVE_BUILD_INFO -D__STDC_FORMAT_MACROS conftest.cpp >&5
configure:22252: $? = 0
configure:22260: result: yes
configure:22271: checking whether C++ compiler accepts -Wstack-protector
configure:22290: g++ -std=c++11 -c -g -O2 -Wall -Wextra -Wformat -Wvla -Wformat-security -Wno-unused-parameter  -Wstack-protector -I/db-4.8.30.NC/build_unix/build/include/ -O2 -DHAVE_BUILD_INFO -D__STDC_FORMAT_MACROS conftest.cpp >&5
configure:22290: $? = 0
configure:22298: result: yes
configure:22306: checking whether C++ compiler accepts -fstack-protector-all
configure:22325: g++ -std=c++11 -c -g -O2 -Wall -Wextra -Wformat -Wvla -Wformat-security -Wno-unused-parameter  -fstack-protector-all -I/db-4.8.30.NC/build_unix/build/include/ -O2 -DHAVE_BUILD_INFO -D__STDC_FORMAT_MACROS conftest.cpp >&5
configure:22325: $? = 0
configure:22333: result: yes
configure:22343: checking whether C++ preprocessor accepts -D_FORTIFY_SOURCE=2
configure:22362: g++ -std=c++11 -E -I/db-4.8.30.NC/build_unix/build/include/ -O2 -DHAVE_BUILD_INFO -D__STDC_FORMAT_MACROS  -D_FORTIFY_SOURCE=2 conftest.cpp
configure:22362: $? = 0
configure:22370: result: yes
configure:22374: checking whether C++ preprocessor accepts -U_FORTIFY_SOURCE
configure:22393: g++ -std=c++11 -E -I/db-4.8.30.NC/build_unix/build/include/ -O2 -DHAVE_BUILD_INFO -D__STDC_FORMAT_MACROS  -U_FORTIFY_SOURCE conftest.cpp
configure:22393: $? = 0
configure:22401: result: yes
configure:22418: checking whether the linker accepts -Wl,--dynamicbase
configure:22437: g++ -std=c++11 -o conftest -g -O2 -Wall -Wextra -Wformat -Wvla -Wformat-security -Wno-unused-parameter -I/db-4.8.30.NC/build_unix/build/include/ -O2 -DHAVE_BUILD_INFO -D__STDC_FORMAT_MACROS -L/db-4.8.30.NC/build_unix/build/lib/  -Wl,--dynamicbase conftest.cpp  >&5
/usr/bin/ld: unrecognized option '--dynamicbase'
/usr/bin/ld: use the --help option for usage information
collect2: error: ld returned 1 exit status
configure:22437: $? = 1
configure: failed program was:
| /* confdefs.h */
| #define PACKAGE_NAME "Neuralinkbrainkeycoin Core"
| #define PACKAGE_TARNAME "neuralinkbrainkeycoin"
| #define PACKAGE_VERSION "0.14.2"
| #define PACKAGE_STRING "Neuralinkbrainkeycoin Core 0.14.2"
| #define PACKAGE_BUGREPORT "https://github.com/neuralinkbrainkeycoin-project/neuralinkbrainkeycoin/issues"
| #define PACKAGE_URL "https://neuralinkbrainkeycoin.org/"
| #define HAVE_CXX11 1
| #define STDC_HEADERS 1
| #define HAVE_SYS_TYPES_H 1
| #define HAVE_SYS_STAT_H 1
| #define HAVE_STDLIB_H 1
| #define HAVE_STRING_H 1
| #define HAVE_MEMORY_H 1
| #define HAVE_STRINGS_H 1
| #define HAVE_INTTYPES_H 1
| #define HAVE_STDINT_H 1
| #define HAVE_UNISTD_H 1
| #define HAVE_DLFCN_H 1
| #define LT_OBJDIR ".libs/"
| #define HAVE_PTHREAD_PRIO_INHERIT 1
| #define HAVE_PTHREAD 1
| #define HAVE_DECL_STRERROR_R 1
| #define HAVE_STRERROR_R 1
| #define STRERROR_R_CHAR_P 1
| #define HAVE_FUNC_ATTRIBUTE_VISIBILITY 1
| /* end confdefs.h.  */
| 
| int
| main ()
| {
| 
|   ;
|   return 0;
| }
configure:22446: result: no
configure:22454: checking whether the linker accepts -Wl,--nxcompat
configure:22473: g++ -std=c++11 -o conftest -g -O2 -Wall -Wextra -Wformat -Wvla -Wformat-security -Wno-unused-parameter -I/db-4.8.30.NC/build_unix/build/include/ -O2 -DHAVE_BUILD_INFO -D__STDC_FORMAT_MACROS -L/db-4.8.30.NC/build_unix/build/lib/  -Wl,--nxcompat conftest.cpp  >&5
/usr/bin/ld: unrecognized option '--nxcompat'
/usr/bin/ld: use the --help option for usage information
collect2: error: ld returned 1 exit status
configure:22473: $? = 1
configure: failed program was:
| /* confdefs.h */
| #define PACKAGE_NAME "Neuralinkbrainkeycoin Core"
| #define PACKAGE_TARNAME "neuralinkbrainkeycoin"
| #define PACKAGE_VERSION "0.14.2"
| #define PACKAGE_STRING "Neuralinkbrainkeycoin Core 0.14.2"
| #define PACKAGE_BUGREPORT "https://github.com/neuralinkbrainkeycoin-project/neuralinkbrainkeycoin/issues"
| #define PACKAGE_URL "https://neuralinkbrainkeycoin.org/"
| #define HAVE_CXX11 1
| #define STDC_HEADERS 1
| #define HAVE_SYS_TYPES_H 1
| #define HAVE_SYS_STAT_H 1
| #define HAVE_STDLIB_H 1
| #define HAVE_STRING_H 1
| #define HAVE_MEMORY_H 1
| #define HAVE_STRINGS_H 1
| #define HAVE_INTTYPES_H 1
| #define HAVE_STDINT_H 1
| #define HAVE_UNISTD_H 1
| #define HAVE_DLFCN_H 1
| #define LT_OBJDIR ".libs/"
| #define HAVE_PTHREAD_PRIO_INHERIT 1
| #define HAVE_PTHREAD 1
| #define HAVE_DECL_STRERROR_R 1
| #define HAVE_STRERROR_R 1
| #define STRERROR_R_CHAR_P 1
| #define HAVE_FUNC_ATTRIBUTE_VISIBILITY 1
| /* end confdefs.h.  */
| 
| int
| main ()
| {
| 
|   ;
|   return 0;
| }
configure:22482: result: no
configure:22490: checking whether the linker accepts -Wl,--high-entropy-va
configure:22509: g++ -std=c++11 -o conftest -g -O2 -Wall -Wextra -Wformat -Wvla -Wformat-security -Wno-unused-parameter -I/db-4.8.30.NC/build_unix/build/include/ -O2 -DHAVE_BUILD_INFO -D__STDC_FORMAT_MACROS -L/db-4.8.30.NC/build_unix/build/lib/  -Wl,--high-entropy-va conftest.cpp  >&5
/usr/bin/ld: unrecognized option '--high-entropy-va'
/usr/bin/ld: use the --help option for usage information
collect2: error: ld returned 1 exit status
configure:22509: $? = 1
configure: failed program was:
| /* confdefs.h */
| #define PACKAGE_NAME "Neuralinkbrainkeycoin Core"
| #define PACKAGE_TARNAME "neuralinkbrainkeycoin"
| #define PACKAGE_VERSION "0.14.2"
| #define PACKAGE_STRING "Neuralinkbrainkeycoin Core 0.14.2"
| #define PACKAGE_BUGREPORT "https://github.com/neuralinkbrainkeycoin-project/neuralinkbrainkeycoin/issues"
| #define PACKAGE_URL "https://neuralinkbrainkeycoin.org/"
| #define HAVE_CXX11 1
| #define STDC_HEADERS 1
| #define HAVE_SYS_TYPES_H 1
| #define HAVE_SYS_STAT_H 1
| #define HAVE_STDLIB_H 1
| #define HAVE_STRING_H 1
| #define HAVE_MEMORY_H 1
| #define HAVE_STRINGS_H 1
| #define HAVE_INTTYPES_H 1
| #define HAVE_STDINT_H 1
| #define HAVE_UNISTD_H 1
| #define HAVE_DLFCN_H 1
| #define LT_OBJDIR ".libs/"
| #define HAVE_PTHREAD_PRIO_INHERIT 1
| #define HAVE_PTHREAD 1
| #define HAVE_DECL_STRERROR_R 1
| #define HAVE_STRERROR_R 1
| #define STRERROR_R_CHAR_P 1
| #define HAVE_FUNC_ATTRIBUTE_VISIBILITY 1
| /* end confdefs.h.  */
| 
| int
| main ()
| {
| 
|   ;
|   return 0;
| }
configure:22518: result: no
configure:22526: checking whether the linker accepts -Wl,-z,relro
configure:22545: g++ -std=c++11 -o conftest -g -O2 -Wall -Wextra -Wformat -Wvla -Wformat-security -Wno-unused-parameter -I/db-4.8.30.NC/build_unix/build/include/ -O2 -DHAVE_BUILD_INFO -D__STDC_FORMAT_MACROS -L/db-4.8.30.NC/build_unix/build/lib/  -Wl,-z,relro conftest.cpp  >&5
configure:22545: $? = 0
configure:22554: result: yes
configure:22562: checking whether the linker accepts -Wl,-z,now
configure:22581: g++ -std=c++11 -o conftest -g -O2 -Wall -Wextra -Wformat -Wvla -Wformat-security -Wno-unused-parameter -I/db-4.8.30.NC/build_unix/build/include/ -O2 -DHAVE_BUILD_INFO -D__STDC_FORMAT_MACROS -L/db-4.8.30.NC/build_unix/build/lib/  -Wl,-z,now conftest.cpp  >&5
configure:22581: $? = 0
configure:22590: result: yes
configure:22600: checking whether C++ compiler accepts -fPIE
configure:22619: g++ -std=c++11 -c -g -O2 -Wall -Wextra -Wformat -Wvla -Wformat-security -Wno-unused-parameter  -fPIE -I/db-4.8.30.NC/build_unix/build/include/ -O2 -DHAVE_BUILD_INFO -D__STDC_FORMAT_MACROS conftest.cpp >&5
configure:22619: $? = 0
configure:22627: result: yes
configure:22635: checking whether the linker accepts -pie
configure:22654: g++ -std=c++11 -o conftest -g -O2 -Wall -Wextra -Wformat -Wvla -Wformat-security -Wno-unused-parameter -I/db-4.8.30.NC/build_unix/build/include/ -O2 -DHAVE_BUILD_INFO -D__STDC_FORMAT_MACROS -L/db-4.8.30.NC/build_unix/build/lib/  -pie conftest.cpp  >&5
configure:22654: $? = 0
configure:22663: result: yes
configure:22762: checking endian.h usability
configure:22762: g++ -std=c++11 -c -g -O2 -Wall -Wextra -Wformat -Wvla -Wformat-security -Wno-unused-parameter -I/db-4.8.30.NC/build_unix/build/include/ -O2 -DHAVE_BUILD_INFO -D__STDC_FORMAT_MACROS conftest.cpp >&5
configure:22762: $? = 0
configure:22762: result: yes
configure:22762: checking endian.h presence
configure:22762: g++ -std=c++11 -E -I/db-4.8.30.NC/build_unix/build/include/ -O2 -DHAVE_BUILD_INFO -D__STDC_FORMAT_MACROS conftest.cpp
configure:22762: $? = 0
configure:22762: result: yes
configure:22762: checking for endian.h
configure:22762: result: yes
configure:22762: checking sys/endian.h usability
configure:22762: g++ -std=c++11 -c -g -O2 -Wall -Wextra -Wformat -Wvla -Wformat-security -Wno-unused-parameter -I/db-4.8.30.NC/build_unix/build/include/ -O2 -DHAVE_BUILD_INFO -D__STDC_FORMAT_MACROS conftest.cpp >&5
conftest.cpp:62:10: fatal error: sys/endian.h: No such file or directory
 #include <sys/endian.h>
          ^~~~~~~~~~~~~~
compilation terminated.
configure:22762: $? = 1
configure: failed program was:
| /* confdefs.h */
| #define PACKAGE_NAME "Neuralinkbrainkeycoin Core"
| #define PACKAGE_TARNAME "neuralinkbrainkeycoin"
| #define PACKAGE_VERSION "0.14.2"
| #define PACKAGE_STRING "Neuralinkbrainkeycoin Core 0.14.2"
| #define PACKAGE_BUGREPORT "https://github.com/neuralinkbrainkeycoin-project/neuralinkbrainkeycoin/issues"
| #define PACKAGE_URL "https://neuralinkbrainkeycoin.org/"
| #define HAVE_CXX11 1
| #define STDC_HEADERS 1
| #define HAVE_SYS_TYPES_H 1
| #define HAVE_SYS_STAT_H 1
| #define HAVE_STDLIB_H 1
| #define HAVE_STRING_H 1
| #define HAVE_MEMORY_H 1
| #define HAVE_STRINGS_H 1
| #define HAVE_INTTYPES_H 1
| #define HAVE_STDINT_H 1
| #define HAVE_UNISTD_H 1
| #define HAVE_DLFCN_H 1
| #define LT_OBJDIR ".libs/"
| #define HAVE_PTHREAD_PRIO_INHERIT 1
| #define HAVE_PTHREAD 1
| #define HAVE_DECL_STRERROR_R 1
| #define HAVE_STRERROR_R 1
| #define STRERROR_R_CHAR_P 1
| #define HAVE_FUNC_ATTRIBUTE_VISIBILITY 1
| #define HAVE_ENDIAN_H 1
| /* end confdefs.h.  */
| #include <stdio.h>
| #ifdef HAVE_SYS_TYPES_H
| # include <sys/types.h>
| #endif
| #ifdef HAVE_SYS_STAT_H
| # include <sys/stat.h>
| #endif
| #ifdef STDC_HEADERS
| # include <stdlib.h>
| # include <stddef.h>
| #else
| # ifdef HAVE_STDLIB_H
| #  include <stdlib.h>
| # endif
| #endif
| #ifdef HAVE_STRING_H
| # if !defined STDC_HEADERS && defined HAVE_MEMORY_H
| #  include <memory.h>
| # endif
| # include <string.h>
| #endif
| #ifdef HAVE_STRINGS_H
| # include <strings.h>
| #endif
| #ifdef HAVE_INTTYPES_H
| # include <inttypes.h>
| #endif
| #ifdef HAVE_STDINT_H
| # include <stdint.h>
| #endif
| #ifdef HAVE_UNISTD_H
| # include <unistd.h>
| #endif
| #include <sys/endian.h>
configure:22762: result: no
configure:22762: checking sys/endian.h presence
configure:22762: g++ -std=c++11 -E -I/db-4.8.30.NC/build_unix/build/include/ -O2 -DHAVE_BUILD_INFO -D__STDC_FORMAT_MACROS conftest.cpp
conftest.cpp:29:10: fatal error: sys/endian.h: No such file or directory
 #include <sys/endian.h>
          ^~~~~~~~~~~~~~
compilation terminated.
configure:22762: $? = 1
configure: failed program was:
| /* confdefs.h */
| #define PACKAGE_NAME "Neuralinkbrainkeycoin Core"
| #define PACKAGE_TARNAME "neuralinkbrainkeycoin"
| #define PACKAGE_VERSION "0.14.2"
| #define PACKAGE_STRING "Neuralinkbrainkeycoin Core 0.14.2"
| #define PACKAGE_BUGREPORT "https://github.com/neuralinkbrainkeycoin-project/neuralinkbrainkeycoin/issues"
| #define PACKAGE_URL "https://neuralinkbrainkeycoin.org/"
| #define HAVE_CXX11 1
| #define STDC_HEADERS 1
| #define HAVE_SYS_TYPES_H 1
| #define HAVE_SYS_STAT_H 1
| #define HAVE_STDLIB_H 1
| #define HAVE_STRING_H 1
| #define HAVE_MEMORY_H 1
| #define HAVE_STRINGS_H 1
| #define HAVE_INTTYPES_H 1
| #define HAVE_STDINT_H 1
| #define HAVE_UNISTD_H 1
| #define HAVE_DLFCN_H 1
| #define LT_OBJDIR ".libs/"
| #define HAVE_PTHREAD_PRIO_INHERIT 1
| #define HAVE_PTHREAD 1
| #define HAVE_DECL_STRERROR_R 1
| #define HAVE_STRERROR_R 1
| #define STRERROR_R_CHAR_P 1
| #define HAVE_FUNC_ATTRIBUTE_VISIBILITY 1
| #define HAVE_ENDIAN_H 1
| /* end confdefs.h.  */
| #include <sys/endian.h>
configure:22762: result: no
configure:22762: checking for sys/endian.h
configure:22762: result: no
configure:22762: checking byteswap.h usability
configure:22762: g++ -std=c++11 -c -g -O2 -Wall -Wextra -Wformat -Wvla -Wformat-security -Wno-unused-parameter -I/db-4.8.30.NC/build_unix/build/include/ -O2 -DHAVE_BUILD_INFO -D__STDC_FORMAT_MACROS conftest.cpp >&5
configure:22762: $? = 0
configure:22762: result: yes
configure:22762: checking byteswap.h presence
configure:22762: g++ -std=c++11 -E -I/db-4.8.30.NC/build_unix/build/include/ -O2 -DHAVE_BUILD_INFO -D__STDC_FORMAT_MACROS conftest.cpp
configure:22762: $? = 0
configure:22762: result: yes
configure:22762: checking for byteswap.h
configure:22762: result: yes
configure:22762: checking stdio.h usability
configure:22762: g++ -std=c++11 -c -g -O2 -Wall -Wextra -Wformat -Wvla -Wformat-security -Wno-unused-parameter -I/db-4.8.30.NC/build_unix/build/include/ -O2 -DHAVE_BUILD_INFO -D__STDC_FORMAT_MACROS conftest.cpp >&5
configure:22762: $? = 0
configure:22762: result: yes
configure:22762: checking stdio.h presence
configure:22762: g++ -std=c++11 -E -I/db-4.8.30.NC/build_unix/build/include/ -O2 -DHAVE_BUILD_INFO -D__STDC_FORMAT_MACROS conftest.cpp
configure:22762: $? = 0
configure:22762: result: yes
configure:22762: checking for stdio.h
configure:22762: result: yes
configure:22762: checking for stdlib.h
configure:22762: result: yes
configure:22762: checking for unistd.h
configure:22762: result: yes
configure:22762: checking for strings.h
configure:22762: result: yes
configure:22762: checking for sys/types.h
configure:22762: result: yes
configure:22762: checking for sys/stat.h
configure:22762: result: yes
configure:22762: checking sys/select.h usability
configure:22762: g++ -std=c++11 -c -g -O2 -Wall -Wextra -Wformat -Wvla -Wformat-security -Wno-unused-parameter -I/db-4.8.30.NC/build_unix/build/include/ -O2 -DHAVE_BUILD_INFO -D__STDC_FORMAT_MACROS conftest.cpp >&5
configure:22762: $? = 0
configure:22762: result: yes
configure:22762: checking sys/select.h presence
configure:22762: g++ -std=c++11 -E -I/db-4.8.30.NC/build_unix/build/include/ -O2 -DHAVE_BUILD_INFO -D__STDC_FORMAT_MACROS conftest.cpp
configure:22762: $? = 0
configure:22762: result: yes
configure:22762: checking for sys/select.h
configure:22762: result: yes
configure:22762: checking sys/prctl.h usability
configure:22762: g++ -std=c++11 -c -g -O2 -Wall -Wextra -Wformat -Wvla -Wformat-security -Wno-unused-parameter -I/db-4.8.30.NC/build_unix/build/include/ -O2 -DHAVE_BUILD_INFO -D__STDC_FORMAT_MACROS conftest.cpp >&5
configure:22762: $? = 0
configure:22762: result: yes
configure:22762: checking sys/prctl.h presence
configure:22762: g++ -std=c++11 -E -I/db-4.8.30.NC/build_unix/build/include/ -O2 -DHAVE_BUILD_INFO -D__STDC_FORMAT_MACROS conftest.cpp
configure:22762: $? = 0
configure:22762: result: yes
configure:22762: checking for sys/prctl.h
configure:22762: result: yes
configure:22773: checking whether strnlen is declared
configure:22773: g++ -std=c++11 -c -g -O2 -Wall -Wextra -Wformat -Wvla -Wformat-security -Wno-unused-parameter -I/db-4.8.30.NC/build_unix/build/include/ -O2 -DHAVE_BUILD_INFO -D__STDC_FORMAT_MACROS conftest.cpp >&5
configure:22773: $? = 0
configure:22773: result: yes
configure:22786: checking whether daemon is declared
configure:22786: g++ -std=c++11 -c -g -O2 -Wall -Wextra -Wformat -Wvla -Wformat-security -Wno-unused-parameter -I/db-4.8.30.NC/build_unix/build/include/ -O2 -DHAVE_BUILD_INFO -D__STDC_FORMAT_MACROS conftest.cpp >&5
configure:22786: $? = 0
configure:22786: result: yes
configure:22798: checking whether le16toh is declared
configure:22798: g++ -std=c++11 -c -g -O2 -Wall -Wextra -Wformat -Wvla -Wformat-security -Wno-unused-parameter -I/db-4.8.30.NC/build_unix/build/include/ -O2 -DHAVE_BUILD_INFO -D__STDC_FORMAT_MACROS conftest.cpp >&5
configure:22798: $? = 0
configure:22798: result: yes
configure:22813: checking whether le32toh is declared
configure:22813: g++ -std=c++11 -c -g -O2 -Wall -Wextra -Wformat -Wvla -Wformat-security -Wno-unused-parameter -I/db-4.8.30.NC/build_unix/build/include/ -O2 -DHAVE_BUILD_INFO -D__STDC_FORMAT_MACROS conftest.cpp >&5
configure:22813: $? = 0
configure:22813: result: yes
configure:22828: checking whether le64toh is declared
configure:22828: g++ -std=c++11 -c -g -O2 -Wall -Wextra -Wformat -Wvla -Wformat-security -Wno-unused-parameter -I/db-4.8.30.NC/build_unix/build/include/ -O2 -DHAVE_BUILD_INFO -D__STDC_FORMAT_MACROS conftest.cpp >&5
configure:22828: $? = 0
configure:22828: result: yes
configure:22843: checking whether htole16 is declared
configure:22843: g++ -std=c++11 -c -g -O2 -Wall -Wextra -Wformat -Wvla -Wformat-security -Wno-unused-parameter -I/db-4.8.30.NC/build_unix/build/include/ -O2 -DHAVE_BUILD_INFO -D__STDC_FORMAT_MACROS conftest.cpp >&5
configure:22843: $? = 0
configure:22843: result: yes
configure:22858: checking whether htole32 is declared
configure:22858: g++ -std=c++11 -c -g -O2 -Wall -Wextra -Wformat -Wvla -Wformat-security -Wno-unused-parameter -I/db-4.8.30.NC/build_unix/build/include/ -O2 -DHAVE_BUILD_INFO -D__STDC_FORMAT_MACROS conftest.cpp >&5
configure:22858: $? = 0
configure:22858: result: yes
configure:22873: checking whether htole64 is declared
configure:22873: g++ -std=c++11 -c -g -O2 -Wall -Wextra -Wformat -Wvla -Wformat-security -Wno-unused-parameter -I/db-4.8.30.NC/build_unix/build/include/ -O2 -DHAVE_BUILD_INFO -D__STDC_FORMAT_MACROS conftest.cpp >&5
configure:22873: $? = 0
configure:22873: result: yes
configure:22888: checking whether be16toh is declared
configure:22888: g++ -std=c++11 -c -g -O2 -Wall -Wextra -Wformat -Wvla -Wformat-security -Wno-unused-parameter -I/db-4.8.30.NC/build_unix/build/include/ -O2 -DHAVE_BUILD_INFO -D__STDC_FORMAT_MACROS conftest.cpp >&5
configure:22888: $? = 0
configure:22888: result: yes
configure:22903: checking whether be32toh is declared
configure:22903: g++ -std=c++11 -c -g -O2 -Wall -Wextra -Wformat -Wvla -Wformat-security -Wno-unused-parameter -I/db-4.8.30.NC/build_unix/build/include/ -O2 -DHAVE_BUILD_INFO -D__STDC_FORMAT_MACROS conftest.cpp >&5
configure:22903: $? = 0
configure:22903: result: yes
configure:22918: checking whether be64toh is declared
configure:22918: g++ -std=c++11 -c -g -O2 -Wall -Wextra -Wformat -Wvla -Wformat-security -Wno-unused-parameter -I/db-4.8.30.NC/build_unix/build/include/ -O2 -DHAVE_BUILD_INFO -D__STDC_FORMAT_MACROS conftest.cpp >&5
configure:22918: $? = 0
configure:22918: result: yes
configure:22933: checking whether htobe16 is declared
configure:22933: g++ -std=c++11 -c -g -O2 -Wall -Wextra -Wformat -Wvla -Wformat-security -Wno-unused-parameter -I/db-4.8.30.NC/build_unix/build/include/ -O2 -DHAVE_BUILD_INFO -D__STDC_FORMAT_MACROS conftest.cpp >&5
configure:22933: $? = 0
configure:22933: result: yes
configure:22948: checking whether htobe32 is declared
configure:22948: g++ -std=c++11 -c -g -O2 -Wall -Wextra -Wformat -Wvla -Wformat-security -Wno-unused-parameter -I/db-4.8.30.NC/build_unix/build/include/ -O2 -DHAVE_BUILD_INFO -D__STDC_FORMAT_MACROS conftest.cpp >&5
configure:22948: $? = 0
configure:22948: result: yes
configure:22963: checking whether htobe64 is declared
configure:22963: g++ -std=c++11 -c -g -O2 -Wall -Wextra -Wformat -Wvla -Wformat-security -Wno-unused-parameter -I/db-4.8.30.NC/build_unix/build/include/ -O2 -DHAVE_BUILD_INFO -D__STDC_FORMAT_MACROS conftest.cpp >&5
configure:22963: $? = 0
configure:22963: result: yes
configure:22980: checking whether bswap_16 is declared
configure:22980: g++ -std=c++11 -c -g -O2 -Wall -Wextra -Wformat -Wvla -Wformat-security -Wno-unused-parameter -I/db-4.8.30.NC/build_unix/build/include/ -O2 -DHAVE_BUILD_INFO -D__STDC_FORMAT_MACROS conftest.cpp >&5
configure:22980: $? = 0
configure:22980: result: yes
configure:22993: checking whether bswap_32 is declared
configure:22993: g++ -std=c++11 -c -g -O2 -Wall -Wextra -Wformat -Wvla -Wformat-security -Wno-unused-parameter -I/db-4.8.30.NC/build_unix/build/include/ -O2 -DHAVE_BUILD_INFO -D__STDC_FORMAT_MACROS conftest.cpp >&5
configure:22993: $? = 0
configure:22993: result: yes
configure:23006: checking whether bswap_64 is declared
configure:23006: g++ -std=c++11 -c -g -O2 -Wall -Wextra -Wformat -Wvla -Wformat-security -Wno-unused-parameter -I/db-4.8.30.NC/build_unix/build/include/ -O2 -DHAVE_BUILD_INFO -D__STDC_FORMAT_MACROS conftest.cpp >&5
configure:23006: $? = 0
configure:23006: result: yes
configure:23021: checking for MSG_NOSIGNAL
configure:23034: g++ -std=c++11 -c -g -O2 -Wall -Wextra -Wformat -Wvla -Wformat-security -Wno-unused-parameter -I/db-4.8.30.NC/build_unix/build/include/ -O2 -DHAVE_BUILD_INFO -D__STDC_FORMAT_MACROS conftest.cpp >&5
conftest.cpp: In function 'int main()':
conftest.cpp:59:6: warning: unused variable 'f' [-Wunused-variable]
  int f = MSG_NOSIGNAL;
      ^
configure:23034: $? = 0
configure:23035: result: yes
configure:23046: checking for mallopt M_ARENA_MAX
configure:23059: g++ -std=c++11 -c -g -O2 -Wall -Wextra -Wformat -Wvla -Wformat-security -Wno-unused-parameter -I/db-4.8.30.NC/build_unix/build/include/ -O2 -DHAVE_BUILD_INFO -D__STDC_FORMAT_MACROS conftest.cpp >&5
configure:23059: $? = 0
configure:23060: result: yes
configure:23071: checking for visibility attribute
configure:23080: g++ -std=c++11 -o conftest -g -O2 -Wall -Wextra -Wformat -Wvla -Wformat-security -Wno-unused-parameter -I/db-4.8.30.NC/build_unix/build/include/ -O2 -DHAVE_BUILD_INFO -D__STDC_FORMAT_MACROS -L/db-4.8.30.NC/build_unix/build/lib/ conftest.cpp  >&5
configure:23080: $? = 0
configure:23085: result: yes
configure:23160: checking for Berkeley DB C++ headers
configure:23190: g++ -std=c++11 -c -g -O2 -Wall -Wextra -Wformat -Wvla -Wformat-security -Wno-unused-parameter -I/db-4.8.30.NC/build_unix/build/include/ -O2 -DHAVE_BUILD_INFO -D__STDC_FORMAT_MACROS conftest.cpp >&5
conftest.cpp:59:18: fatal error: bdb4.8/db_cxx.h: No such file or directory
         #include <bdb4.8/db_cxx.h>
                  ^~~~~~~~~~~~~~~~~
compilation terminated.
configure:23190: $? = 1
configure: failed program was:
| /* confdefs.h */
| #define PACKAGE_NAME "Neuralinkbrainkeycoin Core"
| #define PACKAGE_TARNAME "neuralinkbrainkeycoin"
| #define PACKAGE_VERSION "0.14.2"
| #define PACKAGE_STRING "Neuralinkbrainkeycoin Core 0.14.2"
| #define PACKAGE_BUGREPORT "https://github.com/neuralinkbrainkeycoin-project/neuralinkbrainkeycoin/issues"
| #define PACKAGE_URL "https://neuralinkbrainkeycoin.org/"
| #define HAVE_CXX11 1
| #define STDC_HEADERS 1
| #define HAVE_SYS_TYPES_H 1
| #define HAVE_SYS_STAT_H 1
| #define HAVE_STDLIB_H 1
| #define HAVE_STRING_H 1
| #define HAVE_MEMORY_H 1
| #define HAVE_STRINGS_H 1
| #define HAVE_INTTYPES_H 1
| #define HAVE_STDINT_H 1
| #define HAVE_UNISTD_H 1
| #define HAVE_DLFCN_H 1
| #define LT_OBJDIR ".libs/"
| #define HAVE_PTHREAD_PRIO_INHERIT 1
| #define HAVE_PTHREAD 1
| #define HAVE_DECL_STRERROR_R 1
| #define HAVE_STRERROR_R 1
| #define STRERROR_R_CHAR_P 1
| #define HAVE_FUNC_ATTRIBUTE_VISIBILITY 1
| #define HAVE_ENDIAN_H 1
| #define HAVE_BYTESWAP_H 1
| #define HAVE_STDIO_H 1
| #define HAVE_STDLIB_H 1
| #define HAVE_UNISTD_H 1
| #define HAVE_STRINGS_H 1
| #define HAVE_SYS_TYPES_H 1
| #define HAVE_SYS_STAT_H 1
| #define HAVE_SYS_SELECT_H 1
| #define HAVE_SYS_PRCTL_H 1
| #define HAVE_DECL_STRNLEN 1
| #define HAVE_DECL_DAEMON 1
| #define HAVE_DECL_LE16TOH 1
| #define HAVE_DECL_LE32TOH 1
| #define HAVE_DECL_LE64TOH 1
| #define HAVE_DECL_HTOLE16 1
| #define HAVE_DECL_HTOLE32 1
| #define HAVE_DECL_HTOLE64 1
| #define HAVE_DECL_BE16TOH 1
| #define HAVE_DECL_BE32TOH 1
| #define HAVE_DECL_BE64TOH 1
| #define HAVE_DECL_HTOBE16 1
| #define HAVE_DECL_HTOBE32 1
| #define HAVE_DECL_HTOBE64 1
| #define HAVE_DECL_BSWAP_16 1
| #define HAVE_DECL_BSWAP_32 1
| #define HAVE_DECL_BSWAP_64 1
| #define HAVE_MSG_NOSIGNAL 1
| #define HAVE_MALLOPT_ARENA_MAX 1
| #define HAVE_VISIBILITY_ATTRIBUTE 1
| /* end confdefs.h.  */
| 
|         #include <bdb4.8/db_cxx.h>
| 
| int
| main ()
| {
| 
|         #if !((DB_VERSION_MAJOR == 4 && DB_VERSION_MINOR >= 8) || DB_VERSION_MAJOR > 4)
|           #error "failed to find bdb 4.8+"
|         #endif
| 
|   ;
|   return 0;
| }
configure:23190: g++ -std=c++11 -c -g -O2 -Wall -Wextra -Wformat -Wvla -Wformat-security -Wno-unused-parameter -I/db-4.8.30.NC/build_unix/build/include/ -O2 -DHAVE_BUILD_INFO -D__STDC_FORMAT_MACROS conftest.cpp >&5
conftest.cpp:59:18: fatal error: libdb4.8/db_cxx.h: No such file or directory
         #include <libdb4.8/db_cxx.h>
                  ^~~~~~~~~~~~~~~~~~~
compilation terminated.
configure:23190: $? = 1
configure: failed program was:
| /* confdefs.h */
| #define PACKAGE_NAME "Neuralinkbrainkeycoin Core"
| #define PACKAGE_TARNAME "neuralinkbrainkeycoin"
| #define PACKAGE_VERSION "0.14.2"
| #define PACKAGE_STRING "Neuralinkbrainkeycoin Core 0.14.2"
| #define PACKAGE_BUGREPORT "https://github.com/neuralinkbrainkeycoin-project/neuralinkbrainkeycoin/issues"
| #define PACKAGE_URL "https://neuralinkbrainkeycoin.org/"
| #define HAVE_CXX11 1
| #define STDC_HEADERS 1
| #define HAVE_SYS_TYPES_H 1
| #define HAVE_SYS_STAT_H 1
| #define HAVE_STDLIB_H 1
| #define HAVE_STRING_H 1
| #define HAVE_MEMORY_H 1
| #define HAVE_STRINGS_H 1
| #define HAVE_INTTYPES_H 1
| #define HAVE_STDINT_H 1
| #define HAVE_UNISTD_H 1
| #define HAVE_DLFCN_H 1
| #define LT_OBJDIR ".libs/"
| #define HAVE_PTHREAD_PRIO_INHERIT 1
| #define HAVE_PTHREAD 1
| #define HAVE_DECL_STRERROR_R 1
| #define HAVE_STRERROR_R 1
| #define STRERROR_R_CHAR_P 1
| #define HAVE_FUNC_ATTRIBUTE_VISIBILITY 1
| #define HAVE_ENDIAN_H 1
| #define HAVE_BYTESWAP_H 1
| #define HAVE_STDIO_H 1
| #define HAVE_STDLIB_H 1
| #define HAVE_UNISTD_H 1
| #define HAVE_STRINGS_H 1
| #define HAVE_SYS_TYPES_H 1
| #define HAVE_SYS_STAT_H 1
| #define HAVE_SYS_SELECT_H 1
| #define HAVE_SYS_PRCTL_H 1
| #define HAVE_DECL_STRNLEN 1
| #define HAVE_DECL_DAEMON 1
| #define HAVE_DECL_LE16TOH 1
| #define HAVE_DECL_LE32TOH 1
| #define HAVE_DECL_LE64TOH 1
| #define HAVE_DECL_HTOLE16 1
| #define HAVE_DECL_HTOLE32 1
| #define HAVE_DECL_HTOLE64 1
| #define HAVE_DECL_BE16TOH 1
| #define HAVE_DECL_BE32TOH 1
| #define HAVE_DECL_BE64TOH 1
| #define HAVE_DECL_HTOBE16 1
| #define HAVE_DECL_HTOBE32 1
| #define HAVE_DECL_HTOBE64 1
| #define HAVE_DECL_BSWAP_16 1
| #define HAVE_DECL_BSWAP_32 1
| #define HAVE_DECL_BSWAP_64 1
| #define HAVE_MSG_NOSIGNAL 1
| #define HAVE_MALLOPT_ARENA_MAX 1
| #define HAVE_VISIBILITY_ATTRIBUTE 1
| /* end confdefs.h.  */
| 
|         #include <libdb4.8/db_cxx.h>
| 
| int
| main ()
| {
| 
|         #if !((DB_VERSION_MAJOR == 4 && DB_VERSION_MINOR >= 8) || DB_VERSION_MAJOR > 4)
|           #error "failed to find bdb 4.8+"
|         #endif
| 
|   ;
|   return 0;
| }
configure:23190: g++ -std=c++11 -c -g -O2 -Wall -Wextra -Wformat -Wvla -Wformat-security -Wno-unused-parameter -I/db-4.8.30.NC/build_unix/build/include/ -O2 -DHAVE_BUILD_INFO -D__STDC_FORMAT_MACROS conftest.cpp >&5
conftest.cpp:59:18: fatal error: db4.8/db_cxx.h: No such file or directory
         #include <db4.8/db_cxx.h>
                  ^~~~~~~~~~~~~~~~
compilation terminated.
configure:23190: $? = 1
configure: failed program was:
| /* confdefs.h */
| #define PACKAGE_NAME "Neuralinkbrainkeycoin Core"
| #define PACKAGE_TARNAME "neuralinkbrainkeycoin"
| #define PACKAGE_VERSION "0.14.2"
| #define PACKAGE_STRING "Neuralinkbrainkeycoin Core 0.14.2"
| #define PACKAGE_BUGREPORT "https://github.com/neuralinkbrainkeycoin-project/neuralinkbrainkeycoin/issues"
| #define PACKAGE_URL "https://neuralinkbrainkeycoin.org/"
| #define HAVE_CXX11 1
| #define STDC_HEADERS 1
| #define HAVE_SYS_TYPES_H 1
| #define HAVE_SYS_STAT_H 1
| #define HAVE_STDLIB_H 1
| #define HAVE_STRING_H 1
| #define HAVE_MEMORY_H 1
| #define HAVE_STRINGS_H 1
| #define HAVE_INTTYPES_H 1
| #define HAVE_STDINT_H 1
| #define HAVE_UNISTD_H 1
| #define HAVE_DLFCN_H 1
| #define LT_OBJDIR ".libs/"
| #define HAVE_PTHREAD_PRIO_INHERIT 1
| #define HAVE_PTHREAD 1
| #define HAVE_DECL_STRERROR_R 1
| #define HAVE_STRERROR_R 1
| #define STRERROR_R_CHAR_P 1
| #define HAVE_FUNC_ATTRIBUTE_VISIBILITY 1
| #define HAVE_ENDIAN_H 1
| #define HAVE_BYTESWAP_H 1
| #define HAVE_STDIO_H 1
| #define HAVE_STDLIB_H 1
| #define HAVE_UNISTD_H 1
| #define HAVE_STRINGS_H 1
| #define HAVE_SYS_TYPES_H 1
| #define HAVE_SYS_STAT_H 1
| #define HAVE_SYS_SELECT_H 1
| #define HAVE_SYS_PRCTL_H 1
| #define HAVE_DECL_STRNLEN 1
| #define HAVE_DECL_DAEMON 1
| #define HAVE_DECL_LE16TOH 1
| #define HAVE_DECL_LE32TOH 1
| #define HAVE_DECL_LE64TOH 1
| #define HAVE_DECL_HTOLE16 1
| #define HAVE_DECL_HTOLE32 1
| #define HAVE_DECL_HTOLE64 1
| #define HAVE_DECL_BE16TOH 1
| #define HAVE_DECL_BE32TOH 1
| #define HAVE_DECL_BE64TOH 1
| #define HAVE_DECL_HTOBE16 1
| #define HAVE_DECL_HTOBE32 1
| #define HAVE_DECL_HTOBE64 1
| #define HAVE_DECL_BSWAP_16 1
| #define HAVE_DECL_BSWAP_32 1
| #define HAVE_DECL_BSWAP_64 1
| #define HAVE_MSG_NOSIGNAL 1
| #define HAVE_MALLOPT_ARENA_MAX 1
| #define HAVE_VISIBILITY_ATTRIBUTE 1
| /* end confdefs.h.  */
| 
|         #include <db4.8/db_cxx.h>
| 
| int
| main ()
| {
| 
|         #if !((DB_VERSION_MAJOR == 4 && DB_VERSION_MINOR >= 8) || DB_VERSION_MAJOR > 4)
|           #error "failed to find bdb 4.8+"
|         #endif
| 
|   ;
|   return 0;
| }
configure:23190: g++ -std=c++11 -c -g -O2 -Wall -Wextra -Wformat -Wvla -Wformat-security -Wno-unused-parameter -I/db-4.8.30.NC/build_unix/build/include/ -O2 -DHAVE_BUILD_INFO -D__STDC_FORMAT_MACROS conftest.cpp >&5
conftest.cpp:59:18: fatal error: bdb48/db_cxx.h: No such file or directory
         #include <bdb48/db_cxx.h>
                  ^~~~~~~~~~~~~~~~
compilation terminated.
configure:23190: $? = 1
configure: failed program was:
| /* confdefs.h */
| #define PACKAGE_NAME "Neuralinkbrainkeycoin Core"
| #define PACKAGE_TARNAME "neuralinkbrainkeycoin"
| #define PACKAGE_VERSION "0.14.2"
| #define PACKAGE_STRING "Neuralinkbrainkeycoin Core 0.14.2"
| #define PACKAGE_BUGREPORT "https://github.com/neuralinkbrainkeycoin-project/neuralinkbrainkeycoin/issues"
| #define PACKAGE_URL "https://neuralinkbrainkeycoin.org/"
| #define HAVE_CXX11 1
| #define STDC_HEADERS 1
| #define HAVE_SYS_TYPES_H 1
| #define HAVE_SYS_STAT_H 1
| #define HAVE_STDLIB_H 1
| #define HAVE_STRING_H 1
| #define HAVE_MEMORY_H 1
| #define HAVE_STRINGS_H 1
| #define HAVE_INTTYPES_H 1
| #define HAVE_STDINT_H 1
| #define HAVE_UNISTD_H 1
| #define HAVE_DLFCN_H 1
| #define LT_OBJDIR ".libs/"
| #define HAVE_PTHREAD_PRIO_INHERIT 1
| #define HAVE_PTHREAD 1
| #define HAVE_DECL_STRERROR_R 1
| #define HAVE_STRERROR_R 1
| #define STRERROR_R_CHAR_P 1
| #define HAVE_FUNC_ATTRIBUTE_VISIBILITY 1
| #define HAVE_ENDIAN_H 1
| #define HAVE_BYTESWAP_H 1
| #define HAVE_STDIO_H 1
| #define HAVE_STDLIB_H 1
| #define HAVE_UNISTD_H 1
| #define HAVE_STRINGS_H 1
| #define HAVE_SYS_TYPES_H 1
| #define HAVE_SYS_STAT_H 1
| #define HAVE_SYS_SELECT_H 1
| #define HAVE_SYS_PRCTL_H 1
| #define HAVE_DECL_STRNLEN 1
| #define HAVE_DECL_DAEMON 1
| #define HAVE_DECL_LE16TOH 1
| #define HAVE_DECL_LE32TOH 1
| #define HAVE_DECL_LE64TOH 1
| #define HAVE_DECL_HTOLE16 1
| #define HAVE_DECL_HTOLE32 1
| #define HAVE_DECL_HTOLE64 1
| #define HAVE_DECL_BE16TOH 1
| #define HAVE_DECL_BE32TOH 1
| #define HAVE_DECL_BE64TOH 1
| #define HAVE_DECL_HTOBE16 1
| #define HAVE_DECL_HTOBE32 1
| #define HAVE_DECL_HTOBE64 1
| #define HAVE_DECL_BSWAP_16 1
| #define HAVE_DECL_BSWAP_32 1
| #define HAVE_DECL_BSWAP_64 1
| #define HAVE_MSG_NOSIGNAL 1
| #define HAVE_MALLOPT_ARENA_MAX 1
| #define HAVE_VISIBILITY_ATTRIBUTE 1
| /* end confdefs.h.  */
| 
|         #include <bdb48/db_cxx.h>
| 
| int
| main ()
| {
| 
|         #if !((DB_VERSION_MAJOR == 4 && DB_VERSION_MINOR >= 8) || DB_VERSION_MAJOR > 4)
|           #error "failed to find bdb 4.8+"
|         #endif
| 
|   ;
|   return 0;
| }
configure:23190: g++ -std=c++11 -c -g -O2 -Wall -Wextra -Wformat -Wvla -Wformat-security -Wno-unused-parameter -I/db-4.8.30.NC/build_unix/build/include/ -O2 -DHAVE_BUILD_INFO -D__STDC_FORMAT_MACROS conftest.cpp >&5
conftest.cpp:59:18: fatal error: libdb48/db_cxx.h: No such file or directory
         #include <libdb48/db_cxx.h>
                  ^~~~~~~~~~~~~~~~~~
compilation terminated.
configure:23190: $? = 1
configure: failed program was:
| /* confdefs.h */
| #define PACKAGE_NAME "Neuralinkbrainkeycoin Core"
| #define PACKAGE_TARNAME "neuralinkbrainkeycoin"
| #define PACKAGE_VERSION "0.14.2"
| #define PACKAGE_STRING "Neuralinkbrainkeycoin Core 0.14.2"
| #define PACKAGE_BUGREPORT "https://github.com/neuralinkbrainkeycoin-project/neuralinkbrainkeycoin/issues"
| #define PACKAGE_URL "https://neuralinkbrainkeycoin.org/"
| #define HAVE_CXX11 1
| #define STDC_HEADERS 1
| #define HAVE_SYS_TYPES_H 1
| #define HAVE_SYS_STAT_H 1
| #define HAVE_STDLIB_H 1
| #define HAVE_STRING_H 1
| #define HAVE_MEMORY_H 1
| #define HAVE_STRINGS_H 1
| #define HAVE_INTTYPES_H 1
| #define HAVE_STDINT_H 1
| #define HAVE_UNISTD_H 1
| #define HAVE_DLFCN_H 1
| #define LT_OBJDIR ".libs/"
| #define HAVE_PTHREAD_PRIO_INHERIT 1
| #define HAVE_PTHREAD 1
| #define HAVE_DECL_STRERROR_R 1
| #define HAVE_STRERROR_R 1
| #define STRERROR_R_CHAR_P 1
| #define HAVE_FUNC_ATTRIBUTE_VISIBILITY 1
| #define HAVE_ENDIAN_H 1
| #define HAVE_BYTESWAP_H 1
| #define HAVE_STDIO_H 1
| #define HAVE_STDLIB_H 1
| #define HAVE_UNISTD_H 1
| #define HAVE_STRINGS_H 1
| #define HAVE_SYS_TYPES_H 1
| #define HAVE_SYS_STAT_H 1
| #define HAVE_SYS_SELECT_H 1
| #define HAVE_SYS_PRCTL_H 1
| #define HAVE_DECL_STRNLEN 1
| #define HAVE_DECL_DAEMON 1
| #define HAVE_DECL_LE16TOH 1
| #define HAVE_DECL_LE32TOH 1
| #define HAVE_DECL_LE64TOH 1
| #define HAVE_DECL_HTOLE16 1
| #define HAVE_DECL_HTOLE32 1
| #define HAVE_DECL_HTOLE64 1
| #define HAVE_DECL_BE16TOH 1
| #define HAVE_DECL_BE32TOH 1
| #define HAVE_DECL_BE64TOH 1
| #define HAVE_DECL_HTOBE16 1
| #define HAVE_DECL_HTOBE32 1
| #define HAVE_DECL_HTOBE64 1
| #define HAVE_DECL_BSWAP_16 1
| #define HAVE_DECL_BSWAP_32 1
| #define HAVE_DECL_BSWAP_64 1
| #define HAVE_MSG_NOSIGNAL 1
| #define HAVE_MALLOPT_ARENA_MAX 1
| #define HAVE_VISIBILITY_ATTRIBUTE 1
| /* end confdefs.h.  */
| 
|         #include <libdb48/db_cxx.h>
| 
| int
| main ()
| {
| 
|         #if !((DB_VERSION_MAJOR == 4 && DB_VERSION_MINOR >= 8) || DB_VERSION_MAJOR > 4)
|           #error "failed to find bdb 4.8+"
|         #endif
| 
|   ;
|   return 0;
| }
configure:23190: g++ -std=c++11 -c -g -O2 -Wall -Wextra -Wformat -Wvla -Wformat-security -Wno-unused-parameter -I/db-4.8.30.NC/build_unix/build/include/ -O2 -DHAVE_BUILD_INFO -D__STDC_FORMAT_MACROS conftest.cpp >&5
conftest.cpp:59:18: fatal error: db48/db_cxx.h: No such file or directory
         #include <db48/db_cxx.h>
                  ^~~~~~~~~~~~~~~
compilation terminated.
configure:23190: $? = 1
configure: failed program was:
| /* confdefs.h */
| #define PACKAGE_NAME "Neuralinkbrainkeycoin Core"
| #define PACKAGE_TARNAME "neuralinkbrainkeycoin"
| #define PACKAGE_VERSION "0.14.2"
| #define PACKAGE_STRING "Neuralinkbrainkeycoin Core 0.14.2"
| #define PACKAGE_BUGREPORT "https://github.com/neuralinkbrainkeycoin-project/neuralinkbrainkeycoin/issues"
| #define PACKAGE_URL "https://neuralinkbrainkeycoin.org/"
| #define HAVE_CXX11 1
| #define STDC_HEADERS 1
| #define HAVE_SYS_TYPES_H 1
| #define HAVE_SYS_STAT_H 1
| #define HAVE_STDLIB_H 1
| #define HAVE_STRING_H 1
| #define HAVE_MEMORY_H 1
| #define HAVE_STRINGS_H 1
| #define HAVE_INTTYPES_H 1
| #define HAVE_STDINT_H 1
| #define HAVE_UNISTD_H 1
| #define HAVE_DLFCN_H 1
| #define LT_OBJDIR ".libs/"
| #define HAVE_PTHREAD_PRIO_INHERIT 1
| #define HAVE_PTHREAD 1
| #define HAVE_DECL_STRERROR_R 1
| #define HAVE_STRERROR_R 1
| #define STRERROR_R_CHAR_P 1
| #define HAVE_FUNC_ATTRIBUTE_VISIBILITY 1
| #define HAVE_ENDIAN_H 1
| #define HAVE_BYTESWAP_H 1
| #define HAVE_STDIO_H 1
| #define HAVE_STDLIB_H 1
| #define HAVE_UNISTD_H 1
| #define HAVE_STRINGS_H 1
| #define HAVE_SYS_TYPES_H 1
| #define HAVE_SYS_STAT_H 1
| #define HAVE_SYS_SELECT_H 1
| #define HAVE_SYS_PRCTL_H 1
| #define HAVE_DECL_STRNLEN 1
| #define HAVE_DECL_DAEMON 1
| #define HAVE_DECL_LE16TOH 1
| #define HAVE_DECL_LE32TOH 1
| #define HAVE_DECL_LE64TOH 1
| #define HAVE_DECL_HTOLE16 1
| #define HAVE_DECL_HTOLE32 1
| #define HAVE_DECL_HTOLE64 1
| #define HAVE_DECL_BE16TOH 1
| #define HAVE_DECL_BE32TOH 1
| #define HAVE_DECL_BE64TOH 1
| #define HAVE_DECL_HTOBE16 1
| #define HAVE_DECL_HTOBE32 1
| #define HAVE_DECL_HTOBE64 1
| #define HAVE_DECL_BSWAP_16 1
| #define HAVE_DECL_BSWAP_32 1
| #define HAVE_DECL_BSWAP_64 1
| #define HAVE_MSG_NOSIGNAL 1
| #define HAVE_MALLOPT_ARENA_MAX 1
| #define HAVE_VISIBILITY_ATTRIBUTE 1
| /* end confdefs.h.  */
| 
|         #include <db48/db_cxx.h>
| 
| int
| main ()
| {
| 
|         #if !((DB_VERSION_MAJOR == 4 && DB_VERSION_MINOR >= 8) || DB_VERSION_MAJOR > 4)
|           #error "failed to find bdb 4.8+"
|         #endif
| 
|   ;
|   return 0;
| }
configure:23190: g++ -std=c++11 -c -g -O2 -Wall -Wextra -Wformat -Wvla -Wformat-security -Wno-unused-parameter -I/db-4.8.30.NC/build_unix/build/include/ -O2 -DHAVE_BUILD_INFO -D__STDC_FORMAT_MACROS conftest.cpp >&5
conftest.cpp:59:18: fatal error: bdb4/db_cxx.h: No such file or directory
         #include <bdb4/db_cxx.h>
                  ^~~~~~~~~~~~~~~
compilation terminated.
configure:23190: $? = 1
configure: failed program was:
| /* confdefs.h */
| #define PACKAGE_NAME "Neuralinkbrainkeycoin Core"
| #define PACKAGE_TARNAME "neuralinkbrainkeycoin"
| #define PACKAGE_VERSION "0.14.2"
| #define PACKAGE_STRING "Neuralinkbrainkeycoin Core 0.14.2"
| #define PACKAGE_BUGREPORT "https://github.com/neuralinkbrainkeycoin-project/neuralinkbrainkeycoin/issues"
| #define PACKAGE_URL "https://neuralinkbrainkeycoin.org/"
| #define HAVE_CXX11 1
| #define STDC_HEADERS 1
| #define HAVE_SYS_TYPES_H 1
| #define HAVE_SYS_STAT_H 1
| #define HAVE_STDLIB_H 1
| #define HAVE_STRING_H 1
| #define HAVE_MEMORY_H 1
| #define HAVE_STRINGS_H 1
| #define HAVE_INTTYPES_H 1
| #define HAVE_STDINT_H 1
| #define HAVE_UNISTD_H 1
| #define HAVE_DLFCN_H 1
| #define LT_OBJDIR ".libs/"
| #define HAVE_PTHREAD_PRIO_INHERIT 1
| #define HAVE_PTHREAD 1
| #define HAVE_DECL_STRERROR_R 1
| #define HAVE_STRERROR_R 1
| #define STRERROR_R_CHAR_P 1
| #define HAVE_FUNC_ATTRIBUTE_VISIBILITY 1
| #define HAVE_ENDIAN_H 1
| #define HAVE_BYTESWAP_H 1
| #define HAVE_STDIO_H 1
| #define HAVE_STDLIB_H 1
| #define HAVE_UNISTD_H 1
| #define HAVE_STRINGS_H 1
| #define HAVE_SYS_TYPES_H 1
| #define HAVE_SYS_STAT_H 1
| #define HAVE_SYS_SELECT_H 1
| #define HAVE_SYS_PRCTL_H 1
| #define HAVE_DECL_STRNLEN 1
| #define HAVE_DECL_DAEMON 1
| #define HAVE_DECL_LE16TOH 1
| #define HAVE_DECL_LE32TOH 1
| #define HAVE_DECL_LE64TOH 1
| #define HAVE_DECL_HTOLE16 1
| #define HAVE_DECL_HTOLE32 1
| #define HAVE_DECL_HTOLE64 1
| #define HAVE_DECL_BE16TOH 1
| #define HAVE_DECL_BE32TOH 1
| #define HAVE_DECL_BE64TOH 1
| #define HAVE_DECL_HTOBE16 1
| #define HAVE_DECL_HTOBE32 1
| #define HAVE_DECL_HTOBE64 1
| #define HAVE_DECL_BSWAP_16 1
| #define HAVE_DECL_BSWAP_32 1
| #define HAVE_DECL_BSWAP_64 1
| #define HAVE_MSG_NOSIGNAL 1
| #define HAVE_MALLOPT_ARENA_MAX 1
| #define HAVE_VISIBILITY_ATTRIBUTE 1
| /* end confdefs.h.  */
| 
|         #include <bdb4/db_cxx.h>
| 
| int
| main ()
| {
| 
|         #if !((DB_VERSION_MAJOR == 4 && DB_VERSION_MINOR >= 8) || DB_VERSION_MAJOR > 4)
|           #error "failed to find bdb 4.8+"
|         #endif
| 
|   ;
|   return 0;
| }
configure:23190: g++ -std=c++11 -c -g -O2 -Wall -Wextra -Wformat -Wvla -Wformat-security -Wno-unused-parameter -I/db-4.8.30.NC/build_unix/build/include/ -O2 -DHAVE_BUILD_INFO -D__STDC_FORMAT_MACROS conftest.cpp >&5
conftest.cpp:59:18: fatal error: libdb4/db_cxx.h: No such file or directory
         #include <libdb4/db_cxx.h>
                  ^~~~~~~~~~~~~~~~~
compilation terminated.
configure:23190: $? = 1
configure: failed program was:
| /* confdefs.h */
| #define PACKAGE_NAME "Neuralinkbrainkeycoin Core"
| #define PACKAGE_TARNAME "neuralinkbrainkeycoin"
| #define PACKAGE_VERSION "0.14.2"
| #define PACKAGE_STRING "Neuralinkbrainkeycoin Core 0.14.2"
| #define PACKAGE_BUGREPORT "https://github.com/neuralinkbrainkeycoin-project/neuralinkbrainkeycoin/issues"
| #define PACKAGE_URL "https://neuralinkbrainkeycoin.org/"
| #define HAVE_CXX11 1
| #define STDC_HEADERS 1
| #define HAVE_SYS_TYPES_H 1
| #define HAVE_SYS_STAT_H 1
| #define HAVE_STDLIB_H 1
| #define HAVE_STRING_H 1
| #define HAVE_MEMORY_H 1
| #define HAVE_STRINGS_H 1
| #define HAVE_INTTYPES_H 1
| #define HAVE_STDINT_H 1
| #define HAVE_UNISTD_H 1
| #define HAVE_DLFCN_H 1
| #define LT_OBJDIR ".libs/"
| #define HAVE_PTHREAD_PRIO_INHERIT 1
| #define HAVE_PTHREAD 1
| #define HAVE_DECL_STRERROR_R 1
| #define HAVE_STRERROR_R 1
| #define STRERROR_R_CHAR_P 1
| #define HAVE_FUNC_ATTRIBUTE_VISIBILITY 1
| #define HAVE_ENDIAN_H 1
| #define HAVE_BYTESWAP_H 1
| #define HAVE_STDIO_H 1
| #define HAVE_STDLIB_H 1
| #define HAVE_UNISTD_H 1
| #define HAVE_STRINGS_H 1
| #define HAVE_SYS_TYPES_H 1
| #define HAVE_SYS_STAT_H 1
| #define HAVE_SYS_SELECT_H 1
| #define HAVE_SYS_PRCTL_H 1
| #define HAVE_DECL_STRNLEN 1
| #define HAVE_DECL_DAEMON 1
| #define HAVE_DECL_LE16TOH 1
| #define HAVE_DECL_LE32TOH 1
| #define HAVE_DECL_LE64TOH 1
| #define HAVE_DECL_HTOLE16 1
| #define HAVE_DECL_HTOLE32 1
| #define HAVE_DECL_HTOLE64 1
| #define HAVE_DECL_BE16TOH 1
| #define HAVE_DECL_BE32TOH 1
| #define HAVE_DECL_BE64TOH 1
| #define HAVE_DECL_HTOBE16 1
| #define HAVE_DECL_HTOBE32 1
| #define HAVE_DECL_HTOBE64 1
| #define HAVE_DECL_BSWAP_16 1
| #define HAVE_DECL_BSWAP_32 1
| #define HAVE_DECL_BSWAP_64 1
| #define HAVE_MSG_NOSIGNAL 1
| #define HAVE_MALLOPT_ARENA_MAX 1
| #define HAVE_VISIBILITY_ATTRIBUTE 1
| /* end confdefs.h.  */
| 
|         #include <libdb4/db_cxx.h>
| 
| int
| main ()
| {
| 
|         #if !((DB_VERSION_MAJOR == 4 && DB_VERSION_MINOR >= 8) || DB_VERSION_MAJOR > 4)
|           #error "failed to find bdb 4.8+"
|         #endif
| 
|   ;
|   return 0;
| }
configure:23190: g++ -std=c++11 -c -g -O2 -Wall -Wextra -Wformat -Wvla -Wformat-security -Wno-unused-parameter -I/db-4.8.30.NC/build_unix/build/include/ -O2 -DHAVE_BUILD_INFO -D__STDC_FORMAT_MACROS conftest.cpp >&5
conftest.cpp:59:18: fatal error: db4/db_cxx.h: No such file or directory
         #include <db4/db_cxx.h>
                  ^~~~~~~~~~~~~~
compilation terminated.
configure:23190: $? = 1
configure: failed program was:
| /* confdefs.h */
| #define PACKAGE_NAME "Neuralinkbrainkeycoin Core"
| #define PACKAGE_TARNAME "neuralinkbrainkeycoin"
| #define PACKAGE_VERSION "0.14.2"
| #define PACKAGE_STRING "Neuralinkbrainkeycoin Core 0.14.2"
| #define PACKAGE_BUGREPORT "https://github.com/neuralinkbrainkeycoin-project/neuralinkbrainkeycoin/issues"
| #define PACKAGE_URL "https://neuralinkbrainkeycoin.org/"
| #define HAVE_CXX11 1
| #define STDC_HEADERS 1
| #define HAVE_SYS_TYPES_H 1
| #define HAVE_SYS_STAT_H 1
| #define HAVE_STDLIB_H 1
| #define HAVE_STRING_H 1
| #define HAVE_MEMORY_H 1
| #define HAVE_STRINGS_H 1
| #define HAVE_INTTYPES_H 1
| #define HAVE_STDINT_H 1
| #define HAVE_UNISTD_H 1
| #define HAVE_DLFCN_H 1
| #define LT_OBJDIR ".libs/"
| #define HAVE_PTHREAD_PRIO_INHERIT 1
| #define HAVE_PTHREAD 1
| #define HAVE_DECL_STRERROR_R 1
| #define HAVE_STRERROR_R 1
| #define STRERROR_R_CHAR_P 1
| #define HAVE_FUNC_ATTRIBUTE_VISIBILITY 1
| #define HAVE_ENDIAN_H 1
| #define HAVE_BYTESWAP_H 1
| #define HAVE_STDIO_H 1
| #define HAVE_STDLIB_H 1
| #define HAVE_UNISTD_H 1
| #define HAVE_STRINGS_H 1
| #define HAVE_SYS_TYPES_H 1
| #define HAVE_SYS_STAT_H 1
| #define HAVE_SYS_SELECT_H 1
| #define HAVE_SYS_PRCTL_H 1
| #define HAVE_DECL_STRNLEN 1
| #define HAVE_DECL_DAEMON 1
| #define HAVE_DECL_LE16TOH 1
| #define HAVE_DECL_LE32TOH 1
| #define HAVE_DECL_LE64TOH 1
| #define HAVE_DECL_HTOLE16 1
| #define HAVE_DECL_HTOLE32 1
| #define HAVE_DECL_HTOLE64 1
| #define HAVE_DECL_BE16TOH 1
| #define HAVE_DECL_BE32TOH 1
| #define HAVE_DECL_BE64TOH 1
| #define HAVE_DECL_HTOBE16 1
| #define HAVE_DECL_HTOBE32 1
| #define HAVE_DECL_HTOBE64 1
| #define HAVE_DECL_BSWAP_16 1
| #define HAVE_DECL_BSWAP_32 1
| #define HAVE_DECL_BSWAP_64 1
| #define HAVE_MSG_NOSIGNAL 1
| #define HAVE_MALLOPT_ARENA_MAX 1
| #define HAVE_VISIBILITY_ATTRIBUTE 1
| /* end confdefs.h.  */
| 
|         #include <db4/db_cxx.h>
| 
| int
| main ()
| {
| 
|         #if !((DB_VERSION_MAJOR == 4 && DB_VERSION_MINOR >= 8) || DB_VERSION_MAJOR > 4)
|           #error "failed to find bdb 4.8+"
|         #endif
| 
|   ;
|   return 0;
| }
configure:23190: g++ -std=c++11 -c -g -O2 -Wall -Wextra -Wformat -Wvla -Wformat-security -Wno-unused-parameter -I/db-4.8.30.NC/build_unix/build/include/ -O2 -DHAVE_BUILD_INFO -D__STDC_FORMAT_MACROS conftest.cpp >&5
conftest.cpp:59:18: fatal error: bdb5/db_cxx.h: No such file or directory
         #include <bdb5/db_cxx.h>
                  ^~~~~~~~~~~~~~~
compilation terminated.
configure:23190: $? = 1
configure: failed program was:
| /* confdefs.h */
| #define PACKAGE_NAME "Neuralinkbrainkeycoin Core"
| #define PACKAGE_TARNAME "neuralinkbrainkeycoin"
| #define PACKAGE_VERSION "0.14.2"
| #define PACKAGE_STRING "Neuralinkbrainkeycoin Core 0.14.2"
| #define PACKAGE_BUGREPORT "https://github.com/neuralinkbrainkeycoin-project/neuralinkbrainkeycoin/issues"
| #define PACKAGE_URL "https://neuralinkbrainkeycoin.org/"
| #define HAVE_CXX11 1
| #define STDC_HEADERS 1
| #define HAVE_SYS_TYPES_H 1
| #define HAVE_SYS_STAT_H 1
| #define HAVE_STDLIB_H 1
| #define HAVE_STRING_H 1
| #define HAVE_MEMORY_H 1
| #define HAVE_STRINGS_H 1
| #define HAVE_INTTYPES_H 1
| #define HAVE_STDINT_H 1
| #define HAVE_UNISTD_H 1
| #define HAVE_DLFCN_H 1
| #define LT_OBJDIR ".libs/"
| #define HAVE_PTHREAD_PRIO_INHERIT 1
| #define HAVE_PTHREAD 1
| #define HAVE_DECL_STRERROR_R 1
| #define HAVE_STRERROR_R 1
| #define STRERROR_R_CHAR_P 1
| #define HAVE_FUNC_ATTRIBUTE_VISIBILITY 1
| #define HAVE_ENDIAN_H 1
| #define HAVE_BYTESWAP_H 1
| #define HAVE_STDIO_H 1
| #define HAVE_STDLIB_H 1
| #define HAVE_UNISTD_H 1
| #define HAVE_STRINGS_H 1
| #define HAVE_SYS_TYPES_H 1
| #define HAVE_SYS_STAT_H 1
| #define HAVE_SYS_SELECT_H 1
| #define HAVE_SYS_PRCTL_H 1
| #define HAVE_DECL_STRNLEN 1
| #define HAVE_DECL_DAEMON 1
| #define HAVE_DECL_LE16TOH 1
| #define HAVE_DECL_LE32TOH 1
| #define HAVE_DECL_LE64TOH 1
| #define HAVE_DECL_HTOLE16 1
| #define HAVE_DECL_HTOLE32 1
| #define HAVE_DECL_HTOLE64 1
| #define HAVE_DECL_BE16TOH 1
| #define HAVE_DECL_BE32TOH 1
| #define HAVE_DECL_BE64TOH 1
| #define HAVE_DECL_HTOBE16 1
| #define HAVE_DECL_HTOBE32 1
| #define HAVE_DECL_HTOBE64 1
| #define HAVE_DECL_BSWAP_16 1
| #define HAVE_DECL_BSWAP_32 1
| #define HAVE_DECL_BSWAP_64 1
| #define HAVE_MSG_NOSIGNAL 1
| #define HAVE_MALLOPT_ARENA_MAX 1
| #define HAVE_VISIBILITY_ATTRIBUTE 1
| /* end confdefs.h.  */
| 
|         #include <bdb5/db_cxx.h>
| 
| int
| main ()
| {
| 
|         #if !((DB_VERSION_MAJOR == 4 && DB_VERSION_MINOR >= 8) || DB_VERSION_MAJOR > 4)
|           #error "failed to find bdb 4.8+"
|         #endif
| 
|   ;
|   return 0;
| }
configure:23190: g++ -std=c++11 -c -g -O2 -Wall -Wextra -Wformat -Wvla -Wformat-security -Wno-unused-parameter -I/db-4.8.30.NC/build_unix/build/include/ -O2 -DHAVE_BUILD_INFO -D__STDC_FORMAT_MACROS conftest.cpp >&5
conftest.cpp:59:18: fatal error: libdb5/db_cxx.h: No such file or directory
         #include <libdb5/db_cxx.h>
                  ^~~~~~~~~~~~~~~~~
compilation terminated.
configure:23190: $? = 1
configure: failed program was:
| /* confdefs.h */
| #define PACKAGE_NAME "Neuralinkbrainkeycoin Core"
| #define PACKAGE_TARNAME "neuralinkbrainkeycoin"
| #define PACKAGE_VERSION "0.14.2"
| #define PACKAGE_STRING "Neuralinkbrainkeycoin Core 0.14.2"
| #define PACKAGE_BUGREPORT "https://github.com/neuralinkbrainkeycoin-project/neuralinkbrainkeycoin/issues"
| #define PACKAGE_URL "https://neuralinkbrainkeycoin.org/"
| #define HAVE_CXX11 1
| #define STDC_HEADERS 1
| #define HAVE_SYS_TYPES_H 1
| #define HAVE_SYS_STAT_H 1
| #define HAVE_STDLIB_H 1
| #define HAVE_STRING_H 1
| #define HAVE_MEMORY_H 1
| #define HAVE_STRINGS_H 1
| #define HAVE_INTTYPES_H 1
| #define HAVE_STDINT_H 1
| #define HAVE_UNISTD_H 1
| #define HAVE_DLFCN_H 1
| #define LT_OBJDIR ".libs/"
| #define HAVE_PTHREAD_PRIO_INHERIT 1
| #define HAVE_PTHREAD 1
| #define HAVE_DECL_STRERROR_R 1
| #define HAVE_STRERROR_R 1
| #define STRERROR_R_CHAR_P 1
| #define HAVE_FUNC_ATTRIBUTE_VISIBILITY 1
| #define HAVE_ENDIAN_H 1
| #define HAVE_BYTESWAP_H 1
| #define HAVE_STDIO_H 1
| #define HAVE_STDLIB_H 1
| #define HAVE_UNISTD_H 1
| #define HAVE_STRINGS_H 1
| #define HAVE_SYS_TYPES_H 1
| #define HAVE_SYS_STAT_H 1
| #define HAVE_SYS_SELECT_H 1
| #define HAVE_SYS_PRCTL_H 1
| #define HAVE_DECL_STRNLEN 1
| #define HAVE_DECL_DAEMON 1
| #define HAVE_DECL_LE16TOH 1
| #define HAVE_DECL_LE32TOH 1
| #define HAVE_DECL_LE64TOH 1
| #define HAVE_DECL_HTOLE16 1
| #define HAVE_DECL_HTOLE32 1
| #define HAVE_DECL_HTOLE64 1
| #define HAVE_DECL_BE16TOH 1
| #define HAVE_DECL_BE32TOH 1
| #define HAVE_DECL_BE64TOH 1
| #define HAVE_DECL_HTOBE16 1
| #define HAVE_DECL_HTOBE32 1
| #define HAVE_DECL_HTOBE64 1
| #define HAVE_DECL_BSWAP_16 1
| #define HAVE_DECL_BSWAP_32 1
| #define HAVE_DECL_BSWAP_64 1
| #define HAVE_MSG_NOSIGNAL 1
| #define HAVE_MALLOPT_ARENA_MAX 1
| #define HAVE_VISIBILITY_ATTRIBUTE 1
| /* end confdefs.h.  */
| 
|         #include <libdb5/db_cxx.h>
| 
| int
| main ()
| {
| 
|         #if !((DB_VERSION_MAJOR == 4 && DB_VERSION_MINOR >= 8) || DB_VERSION_MAJOR > 4)
|           #error "failed to find bdb 4.8+"
|         #endif
| 
|   ;
|   return 0;
| }
configure:23190: g++ -std=c++11 -c -g -O2 -Wall -Wextra -Wformat -Wvla -Wformat-security -Wno-unused-parameter -I/db-4.8.30.NC/build_unix/build/include/ -O2 -DHAVE_BUILD_INFO -D__STDC_FORMAT_MACROS conftest.cpp >&5
conftest.cpp:59:18: fatal error: db5/db_cxx.h: No such file or directory
         #include <db5/db_cxx.h>
                  ^~~~~~~~~~~~~~
compilation terminated.
configure:23190: $? = 1
configure: failed program was:
| /* confdefs.h */
| #define PACKAGE_NAME "Neuralinkbrainkeycoin Core"
| #define PACKAGE_TARNAME "neuralinkbrainkeycoin"
| #define PACKAGE_VERSION "0.14.2"
| #define PACKAGE_STRING "Neuralinkbrainkeycoin Core 0.14.2"
| #define PACKAGE_BUGREPORT "https://github.com/neuralinkbrainkeycoin-project/neuralinkbrainkeycoin/issues"
| #define PACKAGE_URL "https://neuralinkbrainkeycoin.org/"
| #define HAVE_CXX11 1
| #define STDC_HEADERS 1
| #define HAVE_SYS_TYPES_H 1
| #define HAVE_SYS_STAT_H 1
| #define HAVE_STDLIB_H 1
| #define HAVE_STRING_H 1
| #define HAVE_MEMORY_H 1
| #define HAVE_STRINGS_H 1
| #define HAVE_INTTYPES_H 1
| #define HAVE_STDINT_H 1
| #define HAVE_UNISTD_H 1
| #define HAVE_DLFCN_H 1
| #define LT_OBJDIR ".libs/"
| #define HAVE_PTHREAD_PRIO_INHERIT 1
| #define HAVE_PTHREAD 1
| #define HAVE_DECL_STRERROR_R 1
| #define HAVE_STRERROR_R 1
| #define STRERROR_R_CHAR_P 1
| #define HAVE_FUNC_ATTRIBUTE_VISIBILITY 1
| #define HAVE_ENDIAN_H 1
| #define HAVE_BYTESWAP_H 1
| #define HAVE_STDIO_H 1
| #define HAVE_STDLIB_H 1
| #define HAVE_UNISTD_H 1
| #define HAVE_STRINGS_H 1
| #define HAVE_SYS_TYPES_H 1
| #define HAVE_SYS_STAT_H 1
| #define HAVE_SYS_SELECT_H 1
| #define HAVE_SYS_PRCTL_H 1
| #define HAVE_DECL_STRNLEN 1
| #define HAVE_DECL_DAEMON 1
| #define HAVE_DECL_LE16TOH 1
| #define HAVE_DECL_LE32TOH 1
| #define HAVE_DECL_LE64TOH 1
| #define HAVE_DECL_HTOLE16 1
| #define HAVE_DECL_HTOLE32 1
| #define HAVE_DECL_HTOLE64 1
| #define HAVE_DECL_BE16TOH 1
| #define HAVE_DECL_BE32TOH 1
| #define HAVE_DECL_BE64TOH 1
| #define HAVE_DECL_HTOBE16 1
| #define HAVE_DECL_HTOBE32 1
| #define HAVE_DECL_HTOBE64 1
| #define HAVE_DECL_BSWAP_16 1
| #define HAVE_DECL_BSWAP_32 1
| #define HAVE_DECL_BSWAP_64 1
| #define HAVE_MSG_NOSIGNAL 1
| #define HAVE_MALLOPT_ARENA_MAX 1
| #define HAVE_VISIBILITY_ATTRIBUTE 1
| /* end confdefs.h.  */
| 
|         #include <db5/db_cxx.h>
| 
| int
| main ()
| {
| 
|         #if !((DB_VERSION_MAJOR == 4 && DB_VERSION_MINOR >= 8) || DB_VERSION_MAJOR > 4)
|           #error "failed to find bdb 4.8+"
|         #endif
| 
|   ;
|   return 0;
| }
configure:23190: g++ -std=c++11 -c -g -O2 -Wall -Wextra -Wformat -Wvla -Wformat-security -Wno-unused-parameter -I/db-4.8.30.NC/build_unix/build/include/ -O2 -DHAVE_BUILD_INFO -D__STDC_FORMAT_MACROS conftest.cpp >&5
conftest.cpp:59:18: fatal error: bdb/db_cxx.h: No such file or directory
         #include <bdb/db_cxx.h>
                  ^~~~~~~~~~~~~~
compilation terminated.
configure:23190: $? = 1
configure: failed program was:
| /* confdefs.h */
| #define PACKAGE_NAME "Neuralinkbrainkeycoin Core"
| #define PACKAGE_TARNAME "neuralinkbrainkeycoin"
| #define PACKAGE_VERSION "0.14.2"
| #define PACKAGE_STRING "Neuralinkbrainkeycoin Core 0.14.2"
| #define PACKAGE_BUGREPORT "https://github.com/neuralinkbrainkeycoin-project/neuralinkbrainkeycoin/issues"
| #define PACKAGE_URL "https://neuralinkbrainkeycoin.org/"
| #define HAVE_CXX11 1
| #define STDC_HEADERS 1
| #define HAVE_SYS_TYPES_H 1
| #define HAVE_SYS_STAT_H 1
| #define HAVE_STDLIB_H 1
| #define HAVE_STRING_H 1
| #define HAVE_MEMORY_H 1
| #define HAVE_STRINGS_H 1
| #define HAVE_INTTYPES_H 1
| #define HAVE_STDINT_H 1
| #define HAVE_UNISTD_H 1
| #define HAVE_DLFCN_H 1
| #define LT_OBJDIR ".libs/"
| #define HAVE_PTHREAD_PRIO_INHERIT 1
| #define HAVE_PTHREAD 1
| #define HAVE_DECL_STRERROR_R 1
| #define HAVE_STRERROR_R 1
| #define STRERROR_R_CHAR_P 1
| #define HAVE_FUNC_ATTRIBUTE_VISIBILITY 1
| #define HAVE_ENDIAN_H 1
| #define HAVE_BYTESWAP_H 1
| #define HAVE_STDIO_H 1
| #define HAVE_STDLIB_H 1
| #define HAVE_UNISTD_H 1
| #define HAVE_STRINGS_H 1
| #define HAVE_SYS_TYPES_H 1
| #define HAVE_SYS_STAT_H 1
| #define HAVE_SYS_SELECT_H 1
| #define HAVE_SYS_PRCTL_H 1
| #define HAVE_DECL_STRNLEN 1
| #define HAVE_DECL_DAEMON 1
| #define HAVE_DECL_LE16TOH 1
| #define HAVE_DECL_LE32TOH 1
| #define HAVE_DECL_LE64TOH 1
| #define HAVE_DECL_HTOLE16 1
| #define HAVE_DECL_HTOLE32 1
| #define HAVE_DECL_HTOLE64 1
| #define HAVE_DECL_BE16TOH 1
| #define HAVE_DECL_BE32TOH 1
| #define HAVE_DECL_BE64TOH 1
| #define HAVE_DECL_HTOBE16 1
| #define HAVE_DECL_HTOBE32 1
| #define HAVE_DECL_HTOBE64 1
| #define HAVE_DECL_BSWAP_16 1
| #define HAVE_DECL_BSWAP_32 1
| #define HAVE_DECL_BSWAP_64 1
| #define HAVE_MSG_NOSIGNAL 1
| #define HAVE_MALLOPT_ARENA_MAX 1
| #define HAVE_VISIBILITY_ATTRIBUTE 1
| /* end confdefs.h.  */
| 
|         #include <bdb/db_cxx.h>
| 
| int
| main ()
| {
| 
|         #if !((DB_VERSION_MAJOR == 4 && DB_VERSION_MINOR >= 8) || DB_VERSION_MAJOR > 4)
|           #error "failed to find bdb 4.8+"
|         #endif
| 
|   ;
|   return 0;
| }
configure:23190: g++ -std=c++11 -c -g -O2 -Wall -Wextra -Wformat -Wvla -Wformat-security -Wno-unused-parameter -I/db-4.8.30.NC/build_unix/build/include/ -O2 -DHAVE_BUILD_INFO -D__STDC_FORMAT_MACROS conftest.cpp >&5
conftest.cpp:59:18: fatal error: libdb/db_cxx.h: No such file or directory
         #include <libdb/db_cxx.h>
                  ^~~~~~~~~~~~~~~~
compilation terminated.
configure:23190: $? = 1
configure: failed program was:
| /* confdefs.h */
| #define PACKAGE_NAME "Neuralinkbrainkeycoin Core"
| #define PACKAGE_TARNAME "neuralinkbrainkeycoin"
| #define PACKAGE_VERSION "0.14.2"
| #define PACKAGE_STRING "Neuralinkbrainkeycoin Core 0.14.2"
| #define PACKAGE_BUGREPORT "https://github.com/neuralinkbrainkeycoin-project/neuralinkbrainkeycoin/issues"
| #define PACKAGE_URL "https://neuralinkbrainkeycoin.org/"
| #define HAVE_CXX11 1
| #define STDC_HEADERS 1
| #define HAVE_SYS_TYPES_H 1
| #define HAVE_SYS_STAT_H 1
| #define HAVE_STDLIB_H 1
| #define HAVE_STRING_H 1
| #define HAVE_MEMORY_H 1
| #define HAVE_STRINGS_H 1
| #define HAVE_INTTYPES_H 1
| #define HAVE_STDINT_H 1
| #define HAVE_UNISTD_H 1
| #define HAVE_DLFCN_H 1
| #define LT_OBJDIR ".libs/"
| #define HAVE_PTHREAD_PRIO_INHERIT 1
| #define HAVE_PTHREAD 1
| #define HAVE_DECL_STRERROR_R 1
| #define HAVE_STRERROR_R 1
| #define STRERROR_R_CHAR_P 1
| #define HAVE_FUNC_ATTRIBUTE_VISIBILITY 1
| #define HAVE_ENDIAN_H 1
| #define HAVE_BYTESWAP_H 1
| #define HAVE_STDIO_H 1
| #define HAVE_STDLIB_H 1
| #define HAVE_UNISTD_H 1
| #define HAVE_STRINGS_H 1
| #define HAVE_SYS_TYPES_H 1
| #define HAVE_SYS_STAT_H 1
| #define HAVE_SYS_SELECT_H 1
| #define HAVE_SYS_PRCTL_H 1
| #define HAVE_DECL_STRNLEN 1
| #define HAVE_DECL_DAEMON 1
| #define HAVE_DECL_LE16TOH 1
| #define HAVE_DECL_LE32TOH 1
| #define HAVE_DECL_LE64TOH 1
| #define HAVE_DECL_HTOLE16 1
| #define HAVE_DECL_HTOLE32 1
| #define HAVE_DECL_HTOLE64 1
| #define HAVE_DECL_BE16TOH 1
| #define HAVE_DECL_BE32TOH 1
| #define HAVE_DECL_BE64TOH 1
| #define HAVE_DECL_HTOBE16 1
| #define HAVE_DECL_HTOBE32 1
| #define HAVE_DECL_HTOBE64 1
| #define HAVE_DECL_BSWAP_16 1
| #define HAVE_DECL_BSWAP_32 1
| #define HAVE_DECL_BSWAP_64 1
| #define HAVE_MSG_NOSIGNAL 1
| #define HAVE_MALLOPT_ARENA_MAX 1
| #define HAVE_VISIBILITY_ATTRIBUTE 1
| /* end confdefs.h.  */
| 
|         #include <libdb/db_cxx.h>
| 
| int
| main ()
| {
| 
|         #if !((DB_VERSION_MAJOR == 4 && DB_VERSION_MINOR >= 8) || DB_VERSION_MAJOR > 4)
|           #error "failed to find bdb 4.8+"
|         #endif
| 
|   ;
|   return 0;
| }
configure:23190: g++ -std=c++11 -c -g -O2 -Wall -Wextra -Wformat -Wvla -Wformat-security -Wno-unused-parameter -I/db-4.8.30.NC/build_unix/build/include/ -O2 -DHAVE_BUILD_INFO -D__STDC_FORMAT_MACROS conftest.cpp >&5
conftest.cpp:59:18: fatal error: db/db_cxx.h: No such file or directory
         #include <db/db_cxx.h>
                  ^~~~~~~~~~~~~
compilation terminated.
configure:23190: $? = 1
configure: failed program was:
| /* confdefs.h */
| #define PACKAGE_NAME "Neuralinkbrainkeycoin Core"
| #define PACKAGE_TARNAME "neuralinkbrainkeycoin"
| #define PACKAGE_VERSION "0.14.2"
| #define PACKAGE_STRING "Neuralinkbrainkeycoin Core 0.14.2"
| #define PACKAGE_BUGREPORT "https://github.com/neuralinkbrainkeycoin-project/neuralinkbrainkeycoin/issues"
| #define PACKAGE_URL "https://neuralinkbrainkeycoin.org/"
| #define HAVE_CXX11 1
| #define STDC_HEADERS 1
| #define HAVE_SYS_TYPES_H 1
| #define HAVE_SYS_STAT_H 1
| #define HAVE_STDLIB_H 1
| #define HAVE_STRING_H 1
| #define HAVE_MEMORY_H 1
| #define HAVE_STRINGS_H 1
| #define HAVE_INTTYPES_H 1
| #define HAVE_STDINT_H 1
| #define HAVE_UNISTD_H 1
| #define HAVE_DLFCN_H 1
| #define LT_OBJDIR ".libs/"
| #define HAVE_PTHREAD_PRIO_INHERIT 1
| #define HAVE_PTHREAD 1
| #define HAVE_DECL_STRERROR_R 1
| #define HAVE_STRERROR_R 1
| #define STRERROR_R_CHAR_P 1
| #define HAVE_FUNC_ATTRIBUTE_VISIBILITY 1
| #define HAVE_ENDIAN_H 1
| #define HAVE_BYTESWAP_H 1
| #define HAVE_STDIO_H 1
| #define HAVE_STDLIB_H 1
| #define HAVE_UNISTD_H 1
| #define HAVE_STRINGS_H 1
| #define HAVE_SYS_TYPES_H 1
| #define HAVE_SYS_STAT_H 1
| #define HAVE_SYS_SELECT_H 1
| #define HAVE_SYS_PRCTL_H 1
| #define HAVE_DECL_STRNLEN 1
| #define HAVE_DECL_DAEMON 1
| #define HAVE_DECL_LE16TOH 1
| #define HAVE_DECL_LE32TOH 1
| #define HAVE_DECL_LE64TOH 1
| #define HAVE_DECL_HTOLE16 1
| #define HAVE_DECL_HTOLE32 1
| #define HAVE_DECL_HTOLE64 1
| #define HAVE_DECL_BE16TOH 1
| #define HAVE_DECL_BE32TOH 1
| #define HAVE_DECL_BE64TOH 1
| #define HAVE_DECL_HTOBE16 1
| #define HAVE_DECL_HTOBE32 1
| #define HAVE_DECL_HTOBE64 1
| #define HAVE_DECL_BSWAP_16 1
| #define HAVE_DECL_BSWAP_32 1
| #define HAVE_DECL_BSWAP_64 1
| #define HAVE_MSG_NOSIGNAL 1
| #define HAVE_MALLOPT_ARENA_MAX 1
| #define HAVE_VISIBILITY_ATTRIBUTE 1
| /* end confdefs.h.  */
| 
|         #include <db/db_cxx.h>
| 
| int
| main ()
| {
| 
|         #if !((DB_VERSION_MAJOR == 4 && DB_VERSION_MINOR >= 8) || DB_VERSION_MAJOR > 4)
|           #error "failed to find bdb 4.8+"
|         #endif
| 
|   ;
|   return 0;
| }
configure:23190: g++ -std=c++11 -c -g -O2 -Wall -Wextra -Wformat -Wvla -Wformat-security -Wno-unused-parameter -I/db-4.8.30.NC/build_unix/build/include/ -O2 -DHAVE_BUILD_INFO -D__STDC_FORMAT_MACROS conftest.cpp >&5
configure:23190: $? = 0
configure:23219: g++ -std=c++11 -c -g -O2 -Wall -Wextra -Wformat -Wvla -Wformat-security -Wno-unused-parameter -I/db-4.8.30.NC/build_unix/build/include/ -O2 -DHAVE_BUILD_INFO -D__STDC_FORMAT_MACROS conftest.cpp >&5
configure:23219: $? = 0
configure:23262: result: default
configure:23285: checking for main in -ldb_cxx-4.8
configure:23304: g++ -std=c++11 -o conftest -g -O2 -Wall -Wextra -Wformat -Wvla -Wformat-security -Wno-unused-parameter -I/db-4.8.30.NC/build_unix/build/include/ -O2 -DHAVE_BUILD_INFO -D__STDC_FORMAT_MACROS -L/db-4.8.30.NC/build_unix/build/lib/ conftest.cpp -ldb_cxx-4.8   >&5
configure:23304: $? = 0
configure:23314: result: yes
configure:23336: checking miniupnpc/miniwget.h usability
configure:23336: g++ -std=c++11 -c -g -O2 -Wall -Wextra -Wformat -Wvla -Wformat-security -Wno-unused-parameter -I/db-4.8.30.NC/build_unix/build/include/ -O2 -DHAVE_BUILD_INFO -D__STDC_FORMAT_MACROS conftest.cpp >&5
conftest.cpp:91:10: fatal error: miniupnpc/miniwget.h: No such file or directory
 #include <miniupnpc/miniwget.h>
          ^~~~~~~~~~~~~~~~~~~~~~
compilation terminated.
configure:23336: $? = 1
configure: failed program was:
| /* confdefs.h */
| #define PACKAGE_NAME "Neuralinkbrainkeycoin Core"
| #define PACKAGE_TARNAME "neuralinkbrainkeycoin"
| #define PACKAGE_VERSION "0.14.2"
| #define PACKAGE_STRING "Neuralinkbrainkeycoin Core 0.14.2"
| #define PACKAGE_BUGREPORT "https://github.com/neuralinkbrainkeycoin-project/neuralinkbrainkeycoin/issues"
| #define PACKAGE_URL "https://neuralinkbrainkeycoin.org/"
| #define HAVE_CXX11 1
| #define STDC_HEADERS 1
| #define HAVE_SYS_TYPES_H 1
| #define HAVE_SYS_STAT_H 1
| #define HAVE_STDLIB_H 1
| #define HAVE_STRING_H 1
| #define HAVE_MEMORY_H 1
| #define HAVE_STRINGS_H 1
| #define HAVE_INTTYPES_H 1
| #define HAVE_STDINT_H 1
| #define HAVE_UNISTD_H 1
| #define HAVE_DLFCN_H 1
| #define LT_OBJDIR ".libs/"
| #define HAVE_PTHREAD_PRIO_INHERIT 1
| #define HAVE_PTHREAD 1
| #define HAVE_DECL_STRERROR_R 1
| #define HAVE_STRERROR_R 1
| #define STRERROR_R_CHAR_P 1
| #define HAVE_FUNC_ATTRIBUTE_VISIBILITY 1
| #define HAVE_ENDIAN_H 1
| #define HAVE_BYTESWAP_H 1
| #define HAVE_STDIO_H 1
| #define HAVE_STDLIB_H 1
| #define HAVE_UNISTD_H 1
| #define HAVE_STRINGS_H 1
| #define HAVE_SYS_TYPES_H 1
| #define HAVE_SYS_STAT_H 1
| #define HAVE_SYS_SELECT_H 1
| #define HAVE_SYS_PRCTL_H 1
| #define HAVE_DECL_STRNLEN 1
| #define HAVE_DECL_DAEMON 1
| #define HAVE_DECL_LE16TOH 1
| #define HAVE_DECL_LE32TOH 1
| #define HAVE_DECL_LE64TOH 1
| #define HAVE_DECL_HTOLE16 1
| #define HAVE_DECL_HTOLE32 1
| #define HAVE_DECL_HTOLE64 1
| #define HAVE_DECL_BE16TOH 1
| #define HAVE_DECL_BE32TOH 1
| #define HAVE_DECL_BE64TOH 1
| #define HAVE_DECL_HTOBE16 1
| #define HAVE_DECL_HTOBE32 1
| #define HAVE_DECL_HTOBE64 1
| #define HAVE_DECL_BSWAP_16 1
| #define HAVE_DECL_BSWAP_32 1
| #define HAVE_DECL_BSWAP_64 1
| #define HAVE_MSG_NOSIGNAL 1
| #define HAVE_MALLOPT_ARENA_MAX 1
| #define HAVE_VISIBILITY_ATTRIBUTE 1
| /* end confdefs.h.  */
| #include <stdio.h>
| #ifdef HAVE_SYS_TYPES_H
| # include <sys/types.h>
| #endif
| #ifdef HAVE_SYS_STAT_H
| # include <sys/stat.h>
| #endif
| #ifdef STDC_HEADERS
| # include <stdlib.h>
| # include <stddef.h>
| #else
| # ifdef HAVE_STDLIB_H
| #  include <stdlib.h>
| # endif
| #endif
| #ifdef HAVE_STRING_H
| # if !defined STDC_HEADERS && defined HAVE_MEMORY_H
| #  include <memory.h>
| # endif
| # include <string.h>
| #endif
| #ifdef HAVE_STRINGS_H
| # include <strings.h>
| #endif
| #ifdef HAVE_INTTYPES_H
| # include <inttypes.h>
| #endif
| #ifdef HAVE_STDINT_H
| # include <stdint.h>
| #endif
| #ifdef HAVE_UNISTD_H
| # include <unistd.h>
| #endif
| #include <miniupnpc/miniwget.h>
configure:23336: result: no
configure:23336: checking miniupnpc/miniwget.h presence
configure:23336: g++ -std=c++11 -E -I/db-4.8.30.NC/build_unix/build/include/ -O2 -DHAVE_BUILD_INFO -D__STDC_FORMAT_MACROS conftest.cpp
conftest.cpp:58:10: fatal error: miniupnpc/miniwget.h: No such file or directory
 #include <miniupnpc/miniwget.h>
          ^~~~~~~~~~~~~~~~~~~~~~
compilation terminated.
configure:23336: $? = 1
configure: failed program was:
| /* confdefs.h */
| #define PACKAGE_NAME "Neuralinkbrainkeycoin Core"
| #define PACKAGE_TARNAME "neuralinkbrainkeycoin"
| #define PACKAGE_VERSION "0.14.2"
| #define PACKAGE_STRING "Neuralinkbrainkeycoin Core 0.14.2"
| #define PACKAGE_BUGREPORT "https://github.com/neuralinkbrainkeycoin-project/neuralinkbrainkeycoin/issues"
| #define PACKAGE_URL "https://neuralinkbrainkeycoin.org/"
| #define HAVE_CXX11 1
| #define STDC_HEADERS 1
| #define HAVE_SYS_TYPES_H 1
| #define HAVE_SYS_STAT_H 1
| #define HAVE_STDLIB_H 1
| #define HAVE_STRING_H 1
| #define HAVE_MEMORY_H 1
| #define HAVE_STRINGS_H 1
| #define HAVE_INTTYPES_H 1
| #define HAVE_STDINT_H 1
| #define HAVE_UNISTD_H 1
| #define HAVE_DLFCN_H 1
| #define LT_OBJDIR ".libs/"
| #define HAVE_PTHREAD_PRIO_INHERIT 1
| #define HAVE_PTHREAD 1
| #define HAVE_DECL_STRERROR_R 1
| #define HAVE_STRERROR_R 1
| #define STRERROR_R_CHAR_P 1
| #define HAVE_FUNC_ATTRIBUTE_VISIBILITY 1
| #define HAVE_ENDIAN_H 1
| #define HAVE_BYTESWAP_H 1
| #define HAVE_STDIO_H 1
| #define HAVE_STDLIB_H 1
| #define HAVE_UNISTD_H 1
| #define HAVE_STRINGS_H 1
| #define HAVE_SYS_TYPES_H 1
| #define HAVE_SYS_STAT_H 1
| #define HAVE_SYS_SELECT_H 1
| #define HAVE_SYS_PRCTL_H 1
| #define HAVE_DECL_STRNLEN 1
| #define HAVE_DECL_DAEMON 1
| #define HAVE_DECL_LE16TOH 1
| #define HAVE_DECL_LE32TOH 1
| #define HAVE_DECL_LE64TOH 1
| #define HAVE_DECL_HTOLE16 1
| #define HAVE_DECL_HTOLE32 1
| #define HAVE_DECL_HTOLE64 1
| #define HAVE_DECL_BE16TOH 1
| #define HAVE_DECL_BE32TOH 1
| #define HAVE_DECL_BE64TOH 1
| #define HAVE_DECL_HTOBE16 1
| #define HAVE_DECL_HTOBE32 1
| #define HAVE_DECL_HTOBE64 1
| #define HAVE_DECL_BSWAP_16 1
| #define HAVE_DECL_BSWAP_32 1
| #define HAVE_DECL_BSWAP_64 1
| #define HAVE_MSG_NOSIGNAL 1
| #define HAVE_MALLOPT_ARENA_MAX 1
| #define HAVE_VISIBILITY_ATTRIBUTE 1
| /* end confdefs.h.  */
| #include <miniupnpc/miniwget.h>
configure:23336: result: no
configure:23336: checking for miniupnpc/miniwget.h
configure:23336: result: no
configure:23336: checking miniupnpc/miniupnpc.h usability
configure:23336: g++ -std=c++11 -c -g -O2 -Wall -Wextra -Wformat -Wvla -Wformat-security -Wno-unused-parameter -I/db-4.8.30.NC/build_unix/build/include/ -O2 -DHAVE_BUILD_INFO -D__STDC_FORMAT_MACROS conftest.cpp >&5
conftest.cpp:91:10: fatal error: miniupnpc/miniupnpc.h: No such file or directory
 #include <miniupnpc/miniupnpc.h>
          ^~~~~~~~~~~~~~~~~~~~~~~
compilation terminated.
configure:23336: $? = 1
configure: failed program was:
| /* confdefs.h */
| #define PACKAGE_NAME "Neuralinkbrainkeycoin Core"
| #define PACKAGE_TARNAME "neuralinkbrainkeycoin"
| #define PACKAGE_VERSION "0.14.2"
| #define PACKAGE_STRING "Neuralinkbrainkeycoin Core 0.14.2"
| #define PACKAGE_BUGREPORT "https://github.com/neuralinkbrainkeycoin-project/neuralinkbrainkeycoin/issues"
| #define PACKAGE_URL "https://neuralinkbrainkeycoin.org/"
| #define HAVE_CXX11 1
| #define STDC_HEADERS 1
| #define HAVE_SYS_TYPES_H 1
| #define HAVE_SYS_STAT_H 1
| #define HAVE_STDLIB_H 1
| #define HAVE_STRING_H 1
| #define HAVE_MEMORY_H 1
| #define HAVE_STRINGS_H 1
| #define HAVE_INTTYPES_H 1
| #define HAVE_STDINT_H 1
| #define HAVE_UNISTD_H 1
| #define HAVE_DLFCN_H 1
| #define LT_OBJDIR ".libs/"
| #define HAVE_PTHREAD_PRIO_INHERIT 1
| #define HAVE_PTHREAD 1
| #define HAVE_DECL_STRERROR_R 1
| #define HAVE_STRERROR_R 1
| #define STRERROR_R_CHAR_P 1
| #define HAVE_FUNC_ATTRIBUTE_VISIBILITY 1
| #define HAVE_ENDIAN_H 1
| #define HAVE_BYTESWAP_H 1
| #define HAVE_STDIO_H 1
| #define HAVE_STDLIB_H 1
| #define HAVE_UNISTD_H 1
| #define HAVE_STRINGS_H 1
| #define HAVE_SYS_TYPES_H 1
| #define HAVE_SYS_STAT_H 1
| #define HAVE_SYS_SELECT_H 1
| #define HAVE_SYS_PRCTL_H 1
| #define HAVE_DECL_STRNLEN 1
| #define HAVE_DECL_DAEMON 1
| #define HAVE_DECL_LE16TOH 1
| #define HAVE_DECL_LE32TOH 1
| #define HAVE_DECL_LE64TOH 1
| #define HAVE_DECL_HTOLE16 1
| #define HAVE_DECL_HTOLE32 1
| #define HAVE_DECL_HTOLE64 1
| #define HAVE_DECL_BE16TOH 1
| #define HAVE_DECL_BE32TOH 1
| #define HAVE_DECL_BE64TOH 1
| #define HAVE_DECL_HTOBE16 1
| #define HAVE_DECL_HTOBE32 1
| #define HAVE_DECL_HTOBE64 1
| #define HAVE_DECL_BSWAP_16 1
| #define HAVE_DECL_BSWAP_32 1
| #define HAVE_DECL_BSWAP_64 1
| #define HAVE_MSG_NOSIGNAL 1
| #define HAVE_MALLOPT_ARENA_MAX 1
| #define HAVE_VISIBILITY_ATTRIBUTE 1
| /* end confdefs.h.  */
| #include <stdio.h>
| #ifdef HAVE_SYS_TYPES_H
| # include <sys/types.h>
| #endif
| #ifdef HAVE_SYS_STAT_H
| # include <sys/stat.h>
| #endif
| #ifdef STDC_HEADERS
| # include <stdlib.h>
| # include <stddef.h>
| #else
| # ifdef HAVE_STDLIB_H
| #  include <stdlib.h>
| # endif
| #endif
| #ifdef HAVE_STRING_H
| # if !defined STDC_HEADERS && defined HAVE_MEMORY_H
| #  include <memory.h>
| # endif
| # include <string.h>
| #endif
| #ifdef HAVE_STRINGS_H
| # include <strings.h>
| #endif
| #ifdef HAVE_INTTYPES_H
| # include <inttypes.h>
| #endif
| #ifdef HAVE_STDINT_H
| # include <stdint.h>
| #endif
| #ifdef HAVE_UNISTD_H
| # include <unistd.h>
| #endif
| #include <miniupnpc/miniupnpc.h>
configure:23336: result: no
configure:23336: checking miniupnpc/miniupnpc.h presence
configure:23336: g++ -std=c++11 -E -I/db-4.8.30.NC/build_unix/build/include/ -O2 -DHAVE_BUILD_INFO -D__STDC_FORMAT_MACROS conftest.cpp
conftest.cpp:58:10: fatal error: miniupnpc/miniupnpc.h: No such file or directory
 #include <miniupnpc/miniupnpc.h>
          ^~~~~~~~~~~~~~~~~~~~~~~
compilation terminated.
configure:23336: $? = 1
configure: failed program was:
| /* confdefs.h */
| #define PACKAGE_NAME "Neuralinkbrainkeycoin Core"
| #define PACKAGE_TARNAME "neuralinkbrainkeycoin"
| #define PACKAGE_VERSION "0.14.2"
| #define PACKAGE_STRING "Neuralinkbrainkeycoin Core 0.14.2"
| #define PACKAGE_BUGREPORT "https://github.com/neuralinkbrainkeycoin-project/neuralinkbrainkeycoin/issues"
| #define PACKAGE_URL "https://neuralinkbrainkeycoin.org/"
| #define HAVE_CXX11 1
| #define STDC_HEADERS 1
| #define HAVE_SYS_TYPES_H 1
| #define HAVE_SYS_STAT_H 1
| #define HAVE_STDLIB_H 1
| #define HAVE_STRING_H 1
| #define HAVE_MEMORY_H 1
| #define HAVE_STRINGS_H 1
| #define HAVE_INTTYPES_H 1
| #define HAVE_STDINT_H 1
| #define HAVE_UNISTD_H 1
| #define HAVE_DLFCN_H 1
| #define LT_OBJDIR ".libs/"
| #define HAVE_PTHREAD_PRIO_INHERIT 1
| #define HAVE_PTHREAD 1
| #define HAVE_DECL_STRERROR_R 1
| #define HAVE_STRERROR_R 1
| #define STRERROR_R_CHAR_P 1
| #define HAVE_FUNC_ATTRIBUTE_VISIBILITY 1
| #define HAVE_ENDIAN_H 1
| #define HAVE_BYTESWAP_H 1
| #define HAVE_STDIO_H 1
| #define HAVE_STDLIB_H 1
| #define HAVE_UNISTD_H 1
| #define HAVE_STRINGS_H 1
| #define HAVE_SYS_TYPES_H 1
| #define HAVE_SYS_STAT_H 1
| #define HAVE_SYS_SELECT_H 1
| #define HAVE_SYS_PRCTL_H 1
| #define HAVE_DECL_STRNLEN 1
| #define HAVE_DECL_DAEMON 1
| #define HAVE_DECL_LE16TOH 1
| #define HAVE_DECL_LE32TOH 1
| #define HAVE_DECL_LE64TOH 1
| #define HAVE_DECL_HTOLE16 1
| #define HAVE_DECL_HTOLE32 1
| #define HAVE_DECL_HTOLE64 1
| #define HAVE_DECL_BE16TOH 1
| #define HAVE_DECL_BE32TOH 1
| #define HAVE_DECL_BE64TOH 1
| #define HAVE_DECL_HTOBE16 1
| #define HAVE_DECL_HTOBE32 1
| #define HAVE_DECL_HTOBE64 1
| #define HAVE_DECL_BSWAP_16 1
| #define HAVE_DECL_BSWAP_32 1
| #define HAVE_DECL_BSWAP_64 1
| #define HAVE_MSG_NOSIGNAL 1
| #define HAVE_MALLOPT_ARENA_MAX 1
| #define HAVE_VISIBILITY_ATTRIBUTE 1
| /* end confdefs.h.  */
| #include <miniupnpc/miniupnpc.h>
configure:23336: result: no
configure:23336: checking for miniupnpc/miniupnpc.h
configure:23336: result: no
configure:23336: checking miniupnpc/upnpcommands.h usability
configure:23336: g++ -std=c++11 -c -g -O2 -Wall -Wextra -Wformat -Wvla -Wformat-security -Wno-unused-parameter -I/db-4.8.30.NC/build_unix/build/include/ -O2 -DHAVE_BUILD_INFO -D__STDC_FORMAT_MACROS conftest.cpp >&5
conftest.cpp:91:10: fatal error: miniupnpc/upnpcommands.h: No such file or directory
 #include <miniupnpc/upnpcommands.h>
          ^~~~~~~~~~~~~~~~~~~~~~~~~~
compilation terminated.
configure:23336: $? = 1
configure: failed program was:
| /* confdefs.h */
| #define PACKAGE_NAME "Neuralinkbrainkeycoin Core"
| #define PACKAGE_TARNAME "neuralinkbrainkeycoin"
| #define PACKAGE_VERSION "0.14.2"
| #define PACKAGE_STRING "Neuralinkbrainkeycoin Core 0.14.2"
| #define PACKAGE_BUGREPORT "https://github.com/neuralinkbrainkeycoin-project/neuralinkbrainkeycoin/issues"
| #define PACKAGE_URL "https://neuralinkbrainkeycoin.org/"
| #define HAVE_CXX11 1
| #define STDC_HEADERS 1
| #define HAVE_SYS_TYPES_H 1
| #define HAVE_SYS_STAT_H 1
| #define HAVE_STDLIB_H 1
| #define HAVE_STRING_H 1
| #define HAVE_MEMORY_H 1
| #define HAVE_STRINGS_H 1
| #define HAVE_INTTYPES_H 1
| #define HAVE_STDINT_H 1
| #define HAVE_UNISTD_H 1
| #define HAVE_DLFCN_H 1
| #define LT_OBJDIR ".libs/"
| #define HAVE_PTHREAD_PRIO_INHERIT 1
| #define HAVE_PTHREAD 1
| #define HAVE_DECL_STRERROR_R 1
| #define HAVE_STRERROR_R 1
| #define STRERROR_R_CHAR_P 1
| #define HAVE_FUNC_ATTRIBUTE_VISIBILITY 1
| #define HAVE_ENDIAN_H 1
| #define HAVE_BYTESWAP_H 1
| #define HAVE_STDIO_H 1
| #define HAVE_STDLIB_H 1
| #define HAVE_UNISTD_H 1
| #define HAVE_STRINGS_H 1
| #define HAVE_SYS_TYPES_H 1
| #define HAVE_SYS_STAT_H 1
| #define HAVE_SYS_SELECT_H 1
| #define HAVE_SYS_PRCTL_H 1
| #define HAVE_DECL_STRNLEN 1
| #define HAVE_DECL_DAEMON 1
| #define HAVE_DECL_LE16TOH 1
| #define HAVE_DECL_LE32TOH 1
| #define HAVE_DECL_LE64TOH 1
| #define HAVE_DECL_HTOLE16 1
| #define HAVE_DECL_HTOLE32 1
| #define HAVE_DECL_HTOLE64 1
| #define HAVE_DECL_BE16TOH 1
| #define HAVE_DECL_BE32TOH 1
| #define HAVE_DECL_BE64TOH 1
| #define HAVE_DECL_HTOBE16 1
| #define HAVE_DECL_HTOBE32 1
| #define HAVE_DECL_HTOBE64 1
| #define HAVE_DECL_BSWAP_16 1
| #define HAVE_DECL_BSWAP_32 1
| #define HAVE_DECL_BSWAP_64 1
| #define HAVE_MSG_NOSIGNAL 1
| #define HAVE_MALLOPT_ARENA_MAX 1
| #define HAVE_VISIBILITY_ATTRIBUTE 1
| /* end confdefs.h.  */
| #include <stdio.h>
| #ifdef HAVE_SYS_TYPES_H
| # include <sys/types.h>
| #endif
| #ifdef HAVE_SYS_STAT_H
| # include <sys/stat.h>
| #endif
| #ifdef STDC_HEADERS
| # include <stdlib.h>
| # include <stddef.h>
| #else
| # ifdef HAVE_STDLIB_H
| #  include <stdlib.h>
| # endif
| #endif
| #ifdef HAVE_STRING_H
| # if !defined STDC_HEADERS && defined HAVE_MEMORY_H
| #  include <memory.h>
| # endif
| # include <string.h>
| #endif
| #ifdef HAVE_STRINGS_H
| # include <strings.h>
| #endif
| #ifdef HAVE_INTTYPES_H
| # include <inttypes.h>
| #endif
| #ifdef HAVE_STDINT_H
| # include <stdint.h>
| #endif
| #ifdef HAVE_UNISTD_H
| # include <unistd.h>
| #endif
| #include <miniupnpc/upnpcommands.h>
configure:23336: result: no
configure:23336: checking miniupnpc/upnpcommands.h presence
configure:23336: g++ -std=c++11 -E -I/db-4.8.30.NC/build_unix/build/include/ -O2 -DHAVE_BUILD_INFO -D__STDC_FORMAT_MACROS conftest.cpp
conftest.cpp:58:10: fatal error: miniupnpc/upnpcommands.h: No such file or directory
 #include <miniupnpc/upnpcommands.h>
          ^~~~~~~~~~~~~~~~~~~~~~~~~~
compilation terminated.
configure:23336: $? = 1
configure: failed program was:
| /* confdefs.h */
| #define PACKAGE_NAME "Neuralinkbrainkeycoin Core"
| #define PACKAGE_TARNAME "neuralinkbrainkeycoin"
| #define PACKAGE_VERSION "0.14.2"
| #define PACKAGE_STRING "Neuralinkbrainkeycoin Core 0.14.2"
| #define PACKAGE_BUGREPORT "https://github.com/neuralinkbrainkeycoin-project/neuralinkbrainkeycoin/issues"
| #define PACKAGE_URL "https://neuralinkbrainkeycoin.org/"
| #define HAVE_CXX11 1
| #define STDC_HEADERS 1
| #define HAVE_SYS_TYPES_H 1
| #define HAVE_SYS_STAT_H 1
| #define HAVE_STDLIB_H 1
| #define HAVE_STRING_H 1
| #define HAVE_MEMORY_H 1
| #define HAVE_STRINGS_H 1
| #define HAVE_INTTYPES_H 1
| #define HAVE_STDINT_H 1
| #define HAVE_UNISTD_H 1
| #define HAVE_DLFCN_H 1
| #define LT_OBJDIR ".libs/"
| #define HAVE_PTHREAD_PRIO_INHERIT 1
| #define HAVE_PTHREAD 1
| #define HAVE_DECL_STRERROR_R 1
| #define HAVE_STRERROR_R 1
| #define STRERROR_R_CHAR_P 1
| #define HAVE_FUNC_ATTRIBUTE_VISIBILITY 1
| #define HAVE_ENDIAN_H 1
| #define HAVE_BYTESWAP_H 1
| #define HAVE_STDIO_H 1
| #define HAVE_STDLIB_H 1
| #define HAVE_UNISTD_H 1
| #define HAVE_STRINGS_H 1
| #define HAVE_SYS_TYPES_H 1
| #define HAVE_SYS_STAT_H 1
| #define HAVE_SYS_SELECT_H 1
| #define HAVE_SYS_PRCTL_H 1
| #define HAVE_DECL_STRNLEN 1
| #define HAVE_DECL_DAEMON 1
| #define HAVE_DECL_LE16TOH 1
| #define HAVE_DECL_LE32TOH 1
| #define HAVE_DECL_LE64TOH 1
| #define HAVE_DECL_HTOLE16 1
| #define HAVE_DECL_HTOLE32 1
| #define HAVE_DECL_HTOLE64 1
| #define HAVE_DECL_BE16TOH 1
| #define HAVE_DECL_BE32TOH 1
| #define HAVE_DECL_BE64TOH 1
| #define HAVE_DECL_HTOBE16 1
| #define HAVE_DECL_HTOBE32 1
| #define HAVE_DECL_HTOBE64 1
| #define HAVE_DECL_BSWAP_16 1
| #define HAVE_DECL_BSWAP_32 1
| #define HAVE_DECL_BSWAP_64 1
| #define HAVE_MSG_NOSIGNAL 1
| #define HAVE_MALLOPT_ARENA_MAX 1
| #define HAVE_VISIBILITY_ATTRIBUTE 1
| /* end confdefs.h.  */
| #include <miniupnpc/upnpcommands.h>
configure:23336: result: no
configure:23336: checking for miniupnpc/upnpcommands.h
configure:23336: result: no
configure:23336: checking miniupnpc/upnperrors.h usability
configure:23336: g++ -std=c++11 -c -g -O2 -Wall -Wextra -Wformat -Wvla -Wformat-security -Wno-unused-parameter -I/db-4.8.30.NC/build_unix/build/include/ -O2 -DHAVE_BUILD_INFO -D__STDC_FORMAT_MACROS conftest.cpp >&5
conftest.cpp:91:10: fatal error: miniupnpc/upnperrors.h: No such file or directory
 #include <miniupnpc/upnperrors.h>
          ^~~~~~~~~~~~~~~~~~~~~~~~
compilation terminated.
configure:23336: $? = 1
configure: failed program was:
| /* confdefs.h */
| #define PACKAGE_NAME "Neuralinkbrainkeycoin Core"
| #define PACKAGE_TARNAME "neuralinkbrainkeycoin"
| #define PACKAGE_VERSION "0.14.2"
| #define PACKAGE_STRING "Neuralinkbrainkeycoin Core 0.14.2"
| #define PACKAGE_BUGREPORT "https://github.com/neuralinkbrainkeycoin-project/neuralinkbrainkeycoin/issues"
| #define PACKAGE_URL "https://neuralinkbrainkeycoin.org/"
| #define HAVE_CXX11 1
| #define STDC_HEADERS 1
| #define HAVE_SYS_TYPES_H 1
| #define HAVE_SYS_STAT_H 1
| #define HAVE_STDLIB_H 1
| #define HAVE_STRING_H 1
| #define HAVE_MEMORY_H 1
| #define HAVE_STRINGS_H 1
| #define HAVE_INTTYPES_H 1
| #define HAVE_STDINT_H 1
| #define HAVE_UNISTD_H 1
| #define HAVE_DLFCN_H 1
| #define LT_OBJDIR ".libs/"
| #define HAVE_PTHREAD_PRIO_INHERIT 1
| #define HAVE_PTHREAD 1
| #define HAVE_DECL_STRERROR_R 1
| #define HAVE_STRERROR_R 1
| #define STRERROR_R_CHAR_P 1
| #define HAVE_FUNC_ATTRIBUTE_VISIBILITY 1
| #define HAVE_ENDIAN_H 1
| #define HAVE_BYTESWAP_H 1
| #define HAVE_STDIO_H 1
| #define HAVE_STDLIB_H 1
| #define HAVE_UNISTD_H 1
| #define HAVE_STRINGS_H 1
| #define HAVE_SYS_TYPES_H 1
| #define HAVE_SYS_STAT_H 1
| #define HAVE_SYS_SELECT_H 1
| #define HAVE_SYS_PRCTL_H 1
| #define HAVE_DECL_STRNLEN 1
| #define HAVE_DECL_DAEMON 1
| #define HAVE_DECL_LE16TOH 1
| #define HAVE_DECL_LE32TOH 1
| #define HAVE_DECL_LE64TOH 1
| #define HAVE_DECL_HTOLE16 1
| #define HAVE_DECL_HTOLE32 1
| #define HAVE_DECL_HTOLE64 1
| #define HAVE_DECL_BE16TOH 1
| #define HAVE_DECL_BE32TOH 1
| #define HAVE_DECL_BE64TOH 1
| #define HAVE_DECL_HTOBE16 1
| #define HAVE_DECL_HTOBE32 1
| #define HAVE_DECL_HTOBE64 1
| #define HAVE_DECL_BSWAP_16 1
| #define HAVE_DECL_BSWAP_32 1
| #define HAVE_DECL_BSWAP_64 1
| #define HAVE_MSG_NOSIGNAL 1
| #define HAVE_MALLOPT_ARENA_MAX 1
| #define HAVE_VISIBILITY_ATTRIBUTE 1
| /* end confdefs.h.  */
| #include <stdio.h>
| #ifdef HAVE_SYS_TYPES_H
| # include <sys/types.h>
| #endif
| #ifdef HAVE_SYS_STAT_H
| # include <sys/stat.h>
| #endif
| #ifdef STDC_HEADERS
| # include <stdlib.h>
| # include <stddef.h>
| #else
| # ifdef HAVE_STDLIB_H
| #  include <stdlib.h>
| # endif
| #endif
| #ifdef HAVE_STRING_H
| # if !defined STDC_HEADERS && defined HAVE_MEMORY_H
| #  include <memory.h>
| # endif
| # include <string.h>
| #endif
| #ifdef HAVE_STRINGS_H
| # include <strings.h>
| #endif
| #ifdef HAVE_INTTYPES_H
| # include <inttypes.h>
| #endif
| #ifdef HAVE_STDINT_H
| # include <stdint.h>
| #endif
| #ifdef HAVE_UNISTD_H
| # include <unistd.h>
| #endif
| #include <miniupnpc/upnperrors.h>
configure:23336: result: no
configure:23336: checking miniupnpc/upnperrors.h presence
configure:23336: g++ -std=c++11 -E -I/db-4.8.30.NC/build_unix/build/include/ -O2 -DHAVE_BUILD_INFO -D__STDC_FORMAT_MACROS conftest.cpp
conftest.cpp:58:10: fatal error: miniupnpc/upnperrors.h: No such file or directory
 #include <miniupnpc/upnperrors.h>
          ^~~~~~~~~~~~~~~~~~~~~~~~
compilation terminated.
configure:23336: $? = 1
configure: failed program was:
| /* confdefs.h */
| #define PACKAGE_NAME "Neuralinkbrainkeycoin Core"
| #define PACKAGE_TARNAME "neuralinkbrainkeycoin"
| #define PACKAGE_VERSION "0.14.2"
| #define PACKAGE_STRING "Neuralinkbrainkeycoin Core 0.14.2"
| #define PACKAGE_BUGREPORT "https://github.com/neuralinkbrainkeycoin-project/neuralinkbrainkeycoin/issues"
| #define PACKAGE_URL "https://neuralinkbrainkeycoin.org/"
| #define HAVE_CXX11 1
| #define STDC_HEADERS 1
| #define HAVE_SYS_TYPES_H 1
| #define HAVE_SYS_STAT_H 1
| #define HAVE_STDLIB_H 1
| #define HAVE_STRING_H 1
| #define HAVE_MEMORY_H 1
| #define HAVE_STRINGS_H 1
| #define HAVE_INTTYPES_H 1
| #define HAVE_STDINT_H 1
| #define HAVE_UNISTD_H 1
| #define HAVE_DLFCN_H 1
| #define LT_OBJDIR ".libs/"
| #define HAVE_PTHREAD_PRIO_INHERIT 1
| #define HAVE_PTHREAD 1
| #define HAVE_DECL_STRERROR_R 1
| #define HAVE_STRERROR_R 1
| #define STRERROR_R_CHAR_P 1
| #define HAVE_FUNC_ATTRIBUTE_VISIBILITY 1
| #define HAVE_ENDIAN_H 1
| #define HAVE_BYTESWAP_H 1
| #define HAVE_STDIO_H 1
| #define HAVE_STDLIB_H 1
| #define HAVE_UNISTD_H 1
| #define HAVE_STRINGS_H 1
| #define HAVE_SYS_TYPES_H 1
| #define HAVE_SYS_STAT_H 1
| #define HAVE_SYS_SELECT_H 1
| #define HAVE_SYS_PRCTL_H 1
| #define HAVE_DECL_STRNLEN 1
| #define HAVE_DECL_DAEMON 1
| #define HAVE_DECL_LE16TOH 1
| #define HAVE_DECL_LE32TOH 1
| #define HAVE_DECL_LE64TOH 1
| #define HAVE_DECL_HTOLE16 1
| #define HAVE_DECL_HTOLE32 1
| #define HAVE_DECL_HTOLE64 1
| #define HAVE_DECL_BE16TOH 1
| #define HAVE_DECL_BE32TOH 1
| #define HAVE_DECL_BE64TOH 1
| #define HAVE_DECL_HTOBE16 1
| #define HAVE_DECL_HTOBE32 1
| #define HAVE_DECL_HTOBE64 1
| #define HAVE_DECL_BSWAP_16 1
| #define HAVE_DECL_BSWAP_32 1
| #define HAVE_DECL_BSWAP_64 1
| #define HAVE_MSG_NOSIGNAL 1
| #define HAVE_MALLOPT_ARENA_MAX 1
| #define HAVE_VISIBILITY_ATTRIBUTE 1
| /* end confdefs.h.  */
| #include <miniupnpc/upnperrors.h>
configure:23336: result: no
configure:23336: checking for miniupnpc/upnperrors.h
configure:23336: result: no
configure:23479: checking for QT
configure:23486: $PKG_CONFIG --exists --print-errors "$qt5_modules"
Package Qt5Core was not found in the pkg-config search path.
Perhaps you should add the directory containing `Qt5Core.pc'
to the PKG_CONFIG_PATH environment variable
No package 'Qt5Core' found
Package Qt5Gui was not found in the pkg-config search path.
Perhaps you should add the directory containing `Qt5Gui.pc'
to the PKG_CONFIG_PATH environment variable
No package 'Qt5Gui' found
Package Qt5Network was not found in the pkg-config search path.
Perhaps you should add the directory containing `Qt5Network.pc'
to the PKG_CONFIG_PATH environment variable
No package 'Qt5Network' found
Package Qt5Widgets was not found in the pkg-config search path.
Perhaps you should add the directory containing `Qt5Widgets.pc'
to the PKG_CONFIG_PATH environment variable
No package 'Qt5Widgets' found
configure:23489: $? = 1
configure:23503: $PKG_CONFIG --exists --print-errors "$qt5_modules"
Package Qt5Core was not found in the pkg-config search path.
Perhaps you should add the directory containing `Qt5Core.pc'
to the PKG_CONFIG_PATH environment variable
No package 'Qt5Core' found
Package Qt5Gui was not found in the pkg-config search path.
Perhaps you should add the directory containing `Qt5Gui.pc'
to the PKG_CONFIG_PATH environment variable
No package 'Qt5Gui' found
Package Qt5Network was not found in the pkg-config search path.
Perhaps you should add the directory containing `Qt5Network.pc'
to the PKG_CONFIG_PATH environment variable
No package 'Qt5Network' found
Package Qt5Widgets was not found in the pkg-config search path.
Perhaps you should add the directory containing `Qt5Widgets.pc'
to the PKG_CONFIG_PATH environment variable
No package 'Qt5Widgets' found
configure:23506: $? = 1
configure:23520: result: no
No package 'Qt5Core' found
No package 'Qt5Gui' found
No package 'Qt5Network' found
No package 'Qt5Widgets' found
configure:23626: checking for QT
configure:23633: $PKG_CONFIG --exists --print-errors "$qt4_modules"
configure:23636: $? = 0
configure:23650: $PKG_CONFIG --exists --print-errors "$qt4_modules"
configure:23653: $? = 0
configure:23691: result: yes
configure:23796: checking for QT_TEST
configure:23803: $PKG_CONFIG --exists --print-errors "${QT_LIB_PREFIX}Test"
configure:23806: $? = 0
configure:23820: $PKG_CONFIG --exists --print-errors "${QT_LIB_PREFIX}Test"
configure:23823: $? = 0
configure:23861: result: yes
configure:23868: checking for QT_DBUS
configure:23875: $PKG_CONFIG --exists --print-errors "${QT_LIB_PREFIX}DBus"
configure:23878: $? = 0
configure:23892: $PKG_CONFIG --exists --print-errors "${QT_LIB_PREFIX}DBus"
configure:23895: $? = 0
configure:23933: result: yes
configure:25746: checking whether -fPIE can be used with this Qt config
configure:25767: g++ -std=c++11 -c -fPIE -g -O2 -Wall -Wextra -Wformat -Wvla -Wformat-security -Wno-unused-parameter -DQT_SHARED -I/usr/include/qt4 -I/usr/include/qt4/QtGui -I/usr/include/qt4 -I/usr/include/qt4/QtNetwork -I/usr/include/qt4 -I/usr/include/qt4/QtCore -I/db-4.8.30.NC/build_unix/build/include/ -O2 -DHAVE_BUILD_INFO -D__STDC_FORMAT_MACROS conftest.cpp >&5
configure:25767: $? = 0
configure:25768: result: yes
configure:25882: checking for moc-qt4
configure:25900: found /usr/bin/moc-qt4
configure:25912: result: /usr/bin/moc-qt4
configure:26001: checking for uic-qt4
configure:26019: found /usr/bin/uic-qt4
configure:26031: result: /usr/bin/uic-qt4
configure:26120: checking for rcc-qt4
configure:26153: result: no
configure:26120: checking for rcc4
configure:26153: result: no
configure:26120: checking for rcc
configure:26138: found /usr/bin/rcc
configure:26150: result: /usr/bin/rcc
configure:26239: checking for lrelease-qt4
configure:26257: found /usr/bin/lrelease-qt4
configure:26269: result: /usr/bin/lrelease-qt4
configure:26358: checking for lupdate-qt4
configure:26376: found /usr/bin/lupdate-qt4
configure:26388: result: /usr/bin/lupdate-qt4
configure:26527: checking whether to build Neuralinkbrainkeycoin Core GUI
configure:26557: result: yes (Qt4)
configure:26631: checking for boostlib >= 1.47.0
configure:26716: g++ -std=c++11 -c -g -O2 -Wall -Wextra -Wformat -Wvla -Wformat-security -Wno-unused-parameter -I/db-4.8.30.NC/build_unix/build/include/ -O2 -DHAVE_BUILD_INFO -D__STDC_FORMAT_MACROS -I/usr/include conftest.cpp >&5
configure:26716: $? = 0
configure:26718: result: yes
configure:26905: checking whether the Boost::System library is available
configure:26930: g++ -std=c++11 -c  -I/db-4.8.30.NC/build_unix/build/include/ -O2 -DHAVE_BUILD_INFO -D__STDC_FORMAT_MACROS -I/usr/include conftest.cpp >&5
configure:26930: $? = 0
configure:26945: result: yes
configure:26961: checking for exit in -lboost_system
configure:26986: g++ -std=c++11 -o conftest -g -O2 -Wall -Wextra -Wformat -Wvla -Wformat-security -Wno-unused-parameter -I/db-4.8.30.NC/build_unix/build/include/ -O2 -DHAVE_BUILD_INFO -D__STDC_FORMAT_MACROS -I/usr/include -L/db-4.8.30.NC/build_unix/build/lib/ -L/usr/lib/x86_64-linux-gnu conftest.cpp -lboost_system   >&5
conftest.cpp:67:6: warning: declaration of 'char exit()' conflicts with built-in declaration 'void exit(int)' [-Wbuiltin-declaration-mismatch]
 char exit ();
      ^~~~
configure:26986: $? = 0
configure:26996: result: yes
configure:27151: checking whether the Boost::Filesystem library is available
configure:27175: g++ -std=c++11 -c -g -O2 -Wall -Wextra -Wformat -Wvla -Wformat-security -Wno-unused-parameter -I/db-4.8.30.NC/build_unix/build/include/ -O2 -DHAVE_BUILD_INFO -D__STDC_FORMAT_MACROS -I/usr/include conftest.cpp >&5
configure:27175: $? = 0
configure:27189: result: yes
configure:27201: checking for exit in -lboost_filesystem
configure:27226: g++ -std=c++11 -o conftest -g -O2 -Wall -Wextra -Wformat -Wvla -Wformat-security -Wno-unused-parameter -I/db-4.8.30.NC/build_unix/build/include/ -O2 -DHAVE_BUILD_INFO -D__STDC_FORMAT_MACROS -I/usr/include -L/db-4.8.30.NC/build_unix/build/lib/ -L/usr/lib/x86_64-linux-gnu conftest.cpp -lboost_filesystem   -lboost_system >&5
conftest.cpp:68:6: warning: declaration of 'char exit()' conflicts with built-in declaration 'void exit(int)' [-Wbuiltin-declaration-mismatch]
 char exit ();
      ^~~~
configure:27226: $? = 0
configure:27236: result: yes
configure:27386: checking whether the Boost::Program_Options library is available
configure:27410: g++ -std=c++11 -c -g -O2 -Wall -Wextra -Wformat -Wvla -Wformat-security -Wno-unused-parameter -I/db-4.8.30.NC/build_unix/build/include/ -O2 -DHAVE_BUILD_INFO -D__STDC_FORMAT_MACROS -I/usr/include conftest.cpp >&5
configure:27410: $? = 0
configure:27424: result: yes
configure:27435: checking for exit in -lboost_program_options
configure:27460: g++ -std=c++11 -o conftest -g -O2 -Wall -Wextra -Wformat -Wvla -Wformat-security -Wno-unused-parameter -I/db-4.8.30.NC/build_unix/build/include/ -O2 -DHAVE_BUILD_INFO -D__STDC_FORMAT_MACROS -I/usr/include -L/db-4.8.30.NC/build_unix/build/lib/ -L/usr/lib/x86_64-linux-gnu conftest.cpp -lboost_program_options   >&5
conftest.cpp:69:6: warning: declaration of 'char exit()' conflicts with built-in declaration 'void exit(int)' [-Wbuiltin-declaration-mismatch]
 char exit ();
      ^~~~
configure:27460: $? = 0
configure:27470: result: yes
configure:27613: checking whether the Boost::Thread library is available
configure:27645: g++ -std=c++11 -c -pthread -g -O2 -Wall -Wextra -Wformat -Wvla -Wformat-security -Wno-unused-parameter -I/db-4.8.30.NC/build_unix/build/include/ -O2 -DHAVE_BUILD_INFO -D__STDC_FORMAT_MACROS -I/usr/include conftest.cpp >&5
configure:27645: $? = 0
configure:27660: result: yes
configure:27690: checking for exit in -lboost_thread
configure:27715: g++ -std=c++11 -o conftest -g -O2 -Wall -Wextra -Wformat -Wvla -Wformat-security -Wno-unused-parameter -I/db-4.8.30.NC/build_unix/build/include/ -O2 -DHAVE_BUILD_INFO -D__STDC_FORMAT_MACROS -I/usr/include -L/db-4.8.30.NC/build_unix/build/lib/ -L/usr/lib/x86_64-linux-gnu conftest.cpp -lboost_thread   >&5
conftest.cpp:70:6: warning: declaration of 'char exit()' conflicts with built-in declaration 'void exit(int)' [-Wbuiltin-declaration-mismatch]
 char exit ();
      ^~~~
configure:27715: $? = 0
configure:27725: result: yes
configure:27885: checking whether the Boost::Chrono library is available
configure:27909: g++ -std=c++11 -c -g -O2 -Wall -Wextra -Wformat -Wvla -Wformat-security -Wno-unused-parameter -I/db-4.8.30.NC/build_unix/build/include/ -O2 -DHAVE_BUILD_INFO -D__STDC_FORMAT_MACROS -pthread -I/usr/include conftest.cpp >&5
configure:27909: $? = 0
configure:27924: result: yes
configure:27940: checking for exit in -lboost_chrono
configure:27965: g++ -std=c++11 -o conftest -g -O2 -Wall -Wextra -Wformat -Wvla -Wformat-security -Wno-unused-parameter -I/db-4.8.30.NC/build_unix/build/include/ -O2 -DHAVE_BUILD_INFO -D__STDC_FORMAT_MACROS -pthread -I/usr/include -L/db-4.8.30.NC/build_unix/build/lib/ -L/usr/lib/x86_64-linux-gnu conftest.cpp -lboost_chrono   >&5
conftest.cpp:71:6: warning: declaration of 'char exit()' conflicts with built-in declaration 'void exit(int)' [-Wbuiltin-declaration-mismatch]
 char exit ();
      ^~~~
configure:27965: $? = 0
configure:27975: result: yes
configure:28216: checking whether the Boost::Unit_Test_Framework library is available
configure:28239: g++ -std=c++11 -c -g -O2 -Wall -Wextra -Wformat -Wvla -Wformat-security -Wno-unused-parameter -I/db-4.8.30.NC/build_unix/build/include/ -O2 -DHAVE_BUILD_INFO -D__STDC_FORMAT_MACROS -pthread -I/usr/include conftest.cpp >&5
conftest.cpp: In function 'int main()':
conftest.cpp:69:21: warning: unused variable 'test' [-Wunused-variable]
         test_suite* test= BOOST_TEST_SUITE( "Unit test example 1" ); return 0;
                     ^~~~
configure:28239: $? = 0
configure:28253: result: yes
configure:28365: checking for dynamic linked boost test
configure:28380: g++ -std=c++11 -o conftest -g -O2 -Wall -Wextra -Wformat -Wvla -Wformat-security -Wno-unused-parameter -I/db-4.8.30.NC/build_unix/build/include/ -O2 -DHAVE_BUILD_INFO -D__STDC_FORMAT_MACROS -pthread -I/usr/include -L/db-4.8.30.NC/build_unix/build/lib/ conftest.cpp  -L/usr/lib/x86_64-linux-gnu -lboost_unit_test_framework >&5
configure:28380: $? = 0
configure:28381: result: yes
configure:28407: checking for mismatched boost c++11 scoped enums
configure:28435: g++ -std=c++11 -o conftest -g -O2 -Wall -Wextra -Wformat -Wvla -Wformat-security -Wno-unused-parameter -I/db-4.8.30.NC/build_unix/build/include/ -O2 -DHAVE_BUILD_INFO -D__STDC_FORMAT_MACROS -pthread -I/usr/include -L/db-4.8.30.NC/build_unix/build/lib/ conftest.cpp -L/usr/lib/x86_64-linux-gnu -lboost_system -lboost_filesystem -lboost_program_options -lboost_thread -lboost_chrono  >&5
conftest.cpp: In function 'int main()':
conftest.cpp:82:5: error: 'choke' was not declared in this scope
     choke;
     ^~~~~
conftest.cpp:82:5: note: suggested alternative: 'clone'
     choke;
     ^~~~~
     clone
configure:28435: $? = 1
configure: failed program was:
| /* confdefs.h */
| #define PACKAGE_NAME "Neuralinkbrainkeycoin Core"
| #define PACKAGE_TARNAME "neuralinkbrainkeycoin"
| #define PACKAGE_VERSION "0.14.2"
| #define PACKAGE_STRING "Neuralinkbrainkeycoin Core 0.14.2"
| #define PACKAGE_BUGREPORT "https://github.com/neuralinkbrainkeycoin-project/neuralinkbrainkeycoin/issues"
| #define PACKAGE_URL "https://neuralinkbrainkeycoin.org/"
| #define HAVE_CXX11 1
| #define STDC_HEADERS 1
| #define HAVE_SYS_TYPES_H 1
| #define HAVE_SYS_STAT_H 1
| #define HAVE_STDLIB_H 1
| #define HAVE_STRING_H 1
| #define HAVE_MEMORY_H 1
| #define HAVE_STRINGS_H 1
| #define HAVE_INTTYPES_H 1
| #define HAVE_STDINT_H 1
| #define HAVE_UNISTD_H 1
| #define HAVE_DLFCN_H 1
| #define LT_OBJDIR ".libs/"
| #define HAVE_PTHREAD_PRIO_INHERIT 1
| #define HAVE_PTHREAD 1
| #define HAVE_DECL_STRERROR_R 1
| #define HAVE_STRERROR_R 1
| #define STRERROR_R_CHAR_P 1
| #define HAVE_FUNC_ATTRIBUTE_VISIBILITY 1
| #define HAVE_ENDIAN_H 1
| #define HAVE_BYTESWAP_H 1
| #define HAVE_STDIO_H 1
| #define HAVE_STDLIB_H 1
| #define HAVE_UNISTD_H 1
| #define HAVE_STRINGS_H 1
| #define HAVE_SYS_TYPES_H 1
| #define HAVE_SYS_STAT_H 1
| #define HAVE_SYS_SELECT_H 1
| #define HAVE_SYS_PRCTL_H 1
| #define HAVE_DECL_STRNLEN 1
| #define HAVE_DECL_DAEMON 1
| #define HAVE_DECL_LE16TOH 1
| #define HAVE_DECL_LE32TOH 1
| #define HAVE_DECL_LE64TOH 1
| #define HAVE_DECL_HTOLE16 1
| #define HAVE_DECL_HTOLE32 1
| #define HAVE_DECL_HTOLE64 1
| #define HAVE_DECL_BE16TOH 1
| #define HAVE_DECL_BE32TOH 1
| #define HAVE_DECL_BE64TOH 1
| #define HAVE_DECL_HTOBE16 1
| #define HAVE_DECL_HTOBE32 1
| #define HAVE_DECL_HTOBE64 1
| #define HAVE_DECL_BSWAP_16 1
| #define HAVE_DECL_BSWAP_32 1
| #define HAVE_DECL_BSWAP_64 1
| #define HAVE_MSG_NOSIGNAL 1
| #define HAVE_MALLOPT_ARENA_MAX 1
| #define HAVE_VISIBILITY_ATTRIBUTE 1
| #define HAVE_BOOST /**/
| #define HAVE_BOOST_SYSTEM /**/
| #define HAVE_BOOST_FILESYSTEM /**/
| #define HAVE_BOOST_PROGRAM_OPTIONS /**/
| #define HAVE_BOOST_THREAD /**/
| #define HAVE_BOOST_CHRONO /**/
| #define HAVE_BOOST_UNIT_TEST_FRAMEWORK /**/
| /* end confdefs.h.  */
| 
|   #include "boost/config.hpp"
|   #include "boost/version.hpp"
|   #if !defined(BOOST_NO_SCOPED_ENUMS) && !defined(BOOST_NO_CXX11_SCOPED_ENUMS) && BOOST_VERSION < 105700
|   #define BOOST_NO_SCOPED_ENUMS
|   #define BOOST_NO_CXX11_SCOPED_ENUMS
|   #define CHECK
|   #endif
|   #include "boost/filesystem.hpp"
| 
| int
| main ()
| {
| 
|   #if defined(CHECK)
|     boost::filesystem::copy_file("foo", "bar");
|   #else
|     choke;
|   #endif
| 
|   ;
|   return 0;
| }
configure:28439: result: ok
configure:28471: g++ -std=c++11 -o conftest -g -O2 -Wall -Wextra -Wformat -Wvla -Wformat-security -Wno-unused-parameter -I/db-4.8.30.NC/build_unix/build/include/ -O2 -DHAVE_BUILD_INFO -D__STDC_FORMAT_MACROS -pthread -I/usr/include -L/db-4.8.30.NC/build_unix/build/lib/ conftest.cpp -L/usr/lib/x86_64-linux-gnu -lboost_system -lboost_filesystem -lboost_program_options -lboost_thread -lboost_chrono  >&5
configure:28471: $? = 0
configure:28533: checking for SSL
configure:28540: $PKG_CONFIG --exists --print-errors "libssl"
configure:28543: $? = 0
configure:28557: $PKG_CONFIG --exists --print-errors "libssl"
configure:28560: $? = 0
configure:28598: result: yes
configure:28604: checking for CRYPTO
configure:28611: $PKG_CONFIG --exists --print-errors "libcrypto"
configure:28614: $? = 0
configure:28628: $PKG_CONFIG --exists --print-errors "libcrypto"
configure:28631: $? = 0
configure:28669: result: yes
configure:28678: checking for PROTOBUF
configure:28685: $PKG_CONFIG --exists --print-errors "protobuf"
configure:28688: $? = 0
configure:28702: $PKG_CONFIG --exists --print-errors "protobuf"
configure:28705: $? = 0
configure:28765: result: yes
configure:28780: checking for QR
configure:28787: $PKG_CONFIG --exists --print-errors "libqrencode"
Package libqrencode was not found in the pkg-config search path.
Perhaps you should add the directory containing `libqrencode.pc'
to the PKG_CONFIG_PATH environment variable
No package 'libqrencode' found
configure:28790: $? = 1
configure:28804: $PKG_CONFIG --exists --print-errors "libqrencode"
Package libqrencode was not found in the pkg-config search path.
Perhaps you should add the directory containing `libqrencode.pc'
to the PKG_CONFIG_PATH environment variable
No package 'libqrencode' found
configure:28807: $? = 1
configure:28821: result: no
No package 'libqrencode' found
configure:28858: checking for EVENT
configure:28865: $PKG_CONFIG --exists --print-errors "libevent"
configure:28868: $? = 0
configure:28882: $PKG_CONFIG --exists --print-errors "libevent"
configure:28885: $? = 0
configure:28923: result: yes
configure:28930: checking for EVENT_PTHREADS
configure:28937: $PKG_CONFIG --exists --print-errors "libevent_pthreads"
configure:28940: $? = 0
configure:28954: $PKG_CONFIG --exists --print-errors "libevent_pthreads"
configure:28957: $? = 0
configure:28995: result: yes
configure:29005: checking for ZMQ
configure:29012: $PKG_CONFIG --exists --print-errors "libzmq >= 4"
Package libzmq was not found in the pkg-config search path.
Perhaps you should add the directory containing `libzmq.pc'
to the PKG_CONFIG_PATH environment variable
No package 'libzmq' found
configure:29015: $? = 1
configure:29029: $PKG_CONFIG --exists --print-errors "libzmq >= 4"
Package libzmq was not found in the pkg-config search path.
Perhaps you should add the directory containing `libzmq.pc'
to the PKG_CONFIG_PATH environment variable
No package 'libzmq' found
configure:29032: $? = 1
configure:29046: result: no
No package 'libzmq' found
configure:29065: WARNING: libzmq version 4.x or greater not found, disabling
configure:29473: checking whether EVP_MD_CTX_new is declared
configure:29473: g++ -std=c++11 -c -g -O2 -Wall -Wextra -Wformat -Wvla -Wformat-security -Wno-unused-parameter   -I/db-4.8.30.NC/build_unix/build/include/ -O2 -DHAVE_BUILD_INFO -D__STDC_FORMAT_MACROS conftest.cpp >&5
configure:29473: $? = 0
configure:29473: result: yes
configure:29709: checking for protoc
configure:29727: found /usr/bin/protoc
configure:29739: result: /usr/bin/protoc
configure:29773: checking whether to build neuralinkbrainkeycoind
configure:29783: result: yes
configure:29786: checking whether to build utils (neuralinkbrainkeycoin-cli neuralinkbrainkeycoin-tx)
configure:29796: result: yes
configure:29799: checking whether to build libraries
configure:29816: result: yes
configure:29827: checking if ccache should be used
configure:29840: result: no
configure:29881: checking if wallet should be enabled
configure:29884: result: yes
configure:29897: checking whether to build with support for UPnP
configure:29903: result: no
configure:29935: checking whether to build GUI with support for D-Bus
configure:29942: result: yes
configure:29945: checking whether to build GUI with support for QR codes
configure:29951: result: no
configure:29968: WARNING: "xgettext is required to update qt translations"
configure:29972: checking whether to build test_neuralinkbrainkeycoin-qt
configure:29975: result: yes
configure:29993: checking whether to build test_neuralinkbrainkeycoin
configure:29996: result: yes
configure:30005: checking whether to reduce exports
configure:30011: result: no
configure:30338: checking that generated files are newer than configure
configure:30344: result: done
configure:30456: creating ./config.status

## ---------------------- ##
## Running config.status. ##
## ---------------------- ##

This file was extended by Neuralinkbrainkeycoin Core config.status 0.14.2, which was
generated by GNU Autoconf 2.69.  Invocation command line was

  CONFIG_FILES    = 
  CONFIG_HEADERS  = 
  CONFIG_LINKS    = 
  CONFIG_COMMANDS = 
  $ ./config.status 

on ubuntu

config.status:1384: creating libbitcoinconsensus.pc
config.status:1384: creating Makefile
config.status:1384: creating src/Makefile
config.status:1384: creating doc/man/Makefile
config.status:1384: creating share/setup.nsi
config.status:1384: creating share/qt/Info.plist
config.status:1384: creating src/test/buildenv.py
config.status:1384: creating qa/pull-tester/tests_config.py
config.status:1384: creating contrib/devtools/split-debug.sh
config.status:1384: creating src/config/bitcoin-config.h
config.status:1644: executing depfiles commands
config.status:1644: executing libtool commands
configure:32977: === configuring in src/univalue (/home/neuralinkbrainkeycoin/src/univalue)
configure:33040: running /bin/bash ./configure --disable-option-checking '--prefix=/usr/local'  'CPPFLAGS=-I/db-4.8.30.NC/build_unix/build/include/ -O2' 'LDFLAGS=-L/db-4.8.30.NC/build_unix/build/lib/' '--disable-shared' '--with-pic' '--with-bignum=no' '--enable-module-recovery' --cache-file=/dev/null --srcdir=.
configure:32977: === configuring in src/secp256k1 (/home/neuralinkbrainkeycoin/src/secp256k1)
configure:33040: running /bin/bash ./configure --disable-option-checking '--prefix=/usr/local'  'CPPFLAGS=-I/db-4.8.30.NC/build_unix/build/include/ -O2' 'LDFLAGS=-L/db-4.8.30.NC/build_unix/build/lib/' '--disable-shared' '--with-pic' '--with-bignum=no' '--enable-module-recovery' --cache-file=/dev/null --srcdir=.
configure:33059: result: Fixing libtool for -rpath problems.

## ---------------- ##
## Cache variables. ##
## ---------------- ##

ac_cv_build=x86_64-pc-linux-gnu
ac_cv_c_bigendian=no
ac_cv_c_compiler_gnu=yes
ac_cv_cxx_compiler_gnu=yes
ac_cv_env_BDB_CFLAGS_set=
ac_cv_env_BDB_CFLAGS_value=
ac_cv_env_BDB_LIBS_set=
ac_cv_env_BDB_LIBS_value=
ac_cv_env_CCC_set=
ac_cv_env_CCC_value=
ac_cv_env_CC_set=
ac_cv_env_CC_value=
ac_cv_env_CFLAGS_set=
ac_cv_env_CFLAGS_value=
ac_cv_env_CPPFLAGS_set=set
ac_cv_env_CPPFLAGS_value='-I/db-4.8.30.NC/build_unix/build/include/ -O2'
ac_cv_env_CPP_set=
ac_cv_env_CPP_value=
ac_cv_env_CRYPTO_CFLAGS_set=
ac_cv_env_CRYPTO_CFLAGS_value=
ac_cv_env_CRYPTO_LIBS_set=
ac_cv_env_CRYPTO_LIBS_value=
ac_cv_env_CXXCPP_set=
ac_cv_env_CXXCPP_value=
ac_cv_env_CXXFLAGS_set=
ac_cv_env_CXXFLAGS_value=
ac_cv_env_CXX_set=
ac_cv_env_CXX_value=
ac_cv_env_EVENT_CFLAGS_set=
ac_cv_env_EVENT_CFLAGS_value=
ac_cv_env_EVENT_LIBS_set=
ac_cv_env_EVENT_LIBS_value=
ac_cv_env_EVENT_PTHREADS_CFLAGS_set=
ac_cv_env_EVENT_PTHREADS_CFLAGS_value=
ac_cv_env_EVENT_PTHREADS_LIBS_set=
ac_cv_env_EVENT_PTHREADS_LIBS_value=
ac_cv_env_LDFLAGS_set=set
ac_cv_env_LDFLAGS_value=-L/db-4.8.30.NC/build_unix/build/lib/
ac_cv_env_LIBS_set=
ac_cv_env_LIBS_value=
ac_cv_env_LT_SYS_LIBRARY_PATH_set=
ac_cv_env_LT_SYS_LIBRARY_PATH_value=
ac_cv_env_OBJCXXFLAGS_set=
ac_cv_env_OBJCXXFLAGS_value=
ac_cv_env_OBJCXX_set=
ac_cv_env_OBJCXX_value=
ac_cv_env_PKG_CONFIG_LIBDIR_set=
ac_cv_env_PKG_CONFIG_LIBDIR_value=
ac_cv_env_PKG_CONFIG_PATH_set=
ac_cv_env_PKG_CONFIG_PATH_value=
ac_cv_env_PKG_CONFIG_set=
ac_cv_env_PKG_CONFIG_value=
ac_cv_env_PROTOBUF_CFLAGS_set=
ac_cv_env_PROTOBUF_CFLAGS_value=
ac_cv_env_PROTOBUF_LIBS_set=
ac_cv_env_PROTOBUF_LIBS_value=
ac_cv_env_PYTHONPATH_set=
ac_cv_env_PYTHONPATH_value=
ac_cv_env_QR_CFLAGS_set=
ac_cv_env_QR_CFLAGS_value=
ac_cv_env_QR_LIBS_set=
ac_cv_env_QR_LIBS_value=
ac_cv_env_QTPLATFORM_CFLAGS_set=
ac_cv_env_QTPLATFORM_CFLAGS_value=
ac_cv_env_QTPLATFORM_LIBS_set=
ac_cv_env_QTPLATFORM_LIBS_value=
ac_cv_env_QTPRINT_CFLAGS_set=
ac_cv_env_QTPRINT_CFLAGS_value=
ac_cv_env_QTPRINT_LIBS_set=
ac_cv_env_QTPRINT_LIBS_value=
ac_cv_env_QTXCBQPA_CFLAGS_set=
ac_cv_env_QTXCBQPA_CFLAGS_value=
ac_cv_env_QTXCBQPA_LIBS_set=
ac_cv_env_QTXCBQPA_LIBS_value=
ac_cv_env_QT_CFLAGS_set=
ac_cv_env_QT_CFLAGS_value=
ac_cv_env_QT_DBUS_CFLAGS_set=
ac_cv_env_QT_DBUS_CFLAGS_value=
ac_cv_env_QT_DBUS_LIBS_set=
ac_cv_env_QT_DBUS_LIBS_value=
ac_cv_env_QT_LIBS_set=
ac_cv_env_QT_LIBS_value=
ac_cv_env_QT_TEST_CFLAGS_set=
ac_cv_env_QT_TEST_CFLAGS_value=
ac_cv_env_QT_TEST_LIBS_set=
ac_cv_env_QT_TEST_LIBS_value=
ac_cv_env_SSL_CFLAGS_set=
ac_cv_env_SSL_CFLAGS_value=
ac_cv_env_SSL_LIBS_set=
ac_cv_env_SSL_LIBS_value=
ac_cv_env_UNIVALUE_CFLAGS_set=
ac_cv_env_UNIVALUE_CFLAGS_value=
ac_cv_env_UNIVALUE_LIBS_set=
ac_cv_env_UNIVALUE_LIBS_value=
ac_cv_env_X11XCB_CFLAGS_set=
ac_cv_env_X11XCB_CFLAGS_value=
ac_cv_env_X11XCB_LIBS_set=
ac_cv_env_X11XCB_LIBS_value=
ac_cv_env_ZMQ_CFLAGS_set=
ac_cv_env_ZMQ_CFLAGS_value=
ac_cv_env_ZMQ_LIBS_set=
ac_cv_env_ZMQ_LIBS_value=
ac_cv_env_build_alias_set=
ac_cv_env_build_alias_value=
ac_cv_env_host_alias_set=
ac_cv_env_host_alias_value=
ac_cv_env_target_alias_set=
ac_cv_env_target_alias_value=
ac_cv_func_strerror_r=yes
ac_cv_func_strerror_r_char_p=yes
ac_cv_have_decl_EVP_MD_CTX_new=yes
ac_cv_have_decl_be16toh=yes
ac_cv_have_decl_be32toh=yes
ac_cv_have_decl_be64toh=yes
ac_cv_have_decl_bswap_16=yes
ac_cv_have_decl_bswap_32=yes
ac_cv_have_decl_bswap_64=yes
ac_cv_have_decl_daemon=yes
ac_cv_have_decl_htobe16=yes
ac_cv_have_decl_htobe32=yes
ac_cv_have_decl_htobe64=yes
ac_cv_have_decl_htole16=yes
ac_cv_have_decl_htole32=yes
ac_cv_have_decl_htole64=yes
ac_cv_have_decl_le16toh=yes
ac_cv_have_decl_le32toh=yes
ac_cv_have_decl_le64toh=yes
ac_cv_have_decl_strerror_r=yes
ac_cv_have_decl_strnlen=yes
ac_cv_header_byteswap_h=yes
ac_cv_header_dlfcn_h=yes
ac_cv_header_endian_h=yes
ac_cv_header_inttypes_h=yes
ac_cv_header_memory_h=yes
ac_cv_header_miniupnpc_miniupnpc_h=no
ac_cv_header_miniupnpc_miniwget_h=no
ac_cv_header_miniupnpc_upnpcommands_h=no
ac_cv_header_miniupnpc_upnperrors_h=no
ac_cv_header_stdc=yes
ac_cv_header_stdint_h=yes
ac_cv_header_stdio_h=yes
ac_cv_header_stdlib_h=yes
ac_cv_header_string_h=yes
ac_cv_header_strings_h=yes
ac_cv_header_sys_endian_h=no
ac_cv_header_sys_prctl_h=yes
ac_cv_header_sys_select_h=yes
ac_cv_header_sys_stat_h=yes
ac_cv_header_sys_types_h=yes
ac_cv_header_unistd_h=yes
ac_cv_host=x86_64-pc-linux-gnu
ac_cv_lib_boost_chrono___exit=yes
ac_cv_lib_boost_filesystem___exit=yes
ac_cv_lib_boost_program_options___exit=yes
ac_cv_lib_boost_system___exit=yes
ac_cv_lib_boost_thread___exit=yes
ac_cv_lib_db_cxx_4_8___main=yes
ac_cv_objcxx_compiler_gnu=no
ac_cv_objext=o
ac_cv_path_EGREP='/bin/grep -E'
ac_cv_path_FGREP='/bin/grep -F'
ac_cv_path_GIT=/usr/bin/git
ac_cv_path_GREP=/bin/grep
ac_cv_path_HEXDUMP=/usr/bin/hexdump
ac_cv_path_LRELEASE=/usr/bin/lrelease-qt4
ac_cv_path_LUPDATE=/usr/bin/lupdate-qt4
ac_cv_path_MOC=/usr/bin/moc-qt4
ac_cv_path_PROTOC=/usr/bin/protoc
ac_cv_path_PYTHON=/usr/bin/python3.6
ac_cv_path_RCC=/usr/bin/rcc
ac_cv_path_SED=/bin/sed
ac_cv_path_UIC=/usr/bin/uic-qt4
ac_cv_path_ac_pt_AR=/usr/bin/ar
ac_cv_path_ac_pt_CPPFILT=/usr/bin/c++filt
ac_cv_path_ac_pt_GCOV=/usr/bin/gcov
ac_cv_path_ac_pt_OBJCOPY=/usr/bin/objcopy
ac_cv_path_ac_pt_PKG_CONFIG=/usr/bin/pkg-config
ac_cv_path_ac_pt_RANLIB=/usr/bin/ranlib
ac_cv_path_ac_pt_READELF=/usr/bin/readelf
ac_cv_path_ac_pt_STRIP=/usr/bin/strip
ac_cv_path_install='/usr/bin/install -c'
ac_cv_path_lt_DD=/bin/dd
ac_cv_path_mkdir=/bin/mkdir
ac_cv_prog_AWK=gawk
ac_cv_prog_CPP='gcc -E'
ac_cv_prog_CXXCPP='g++ -std=c++11 -E'
ac_cv_prog_ac_ct_AR=ar
ac_cv_prog_ac_ct_CC=gcc
ac_cv_prog_ac_ct_CXX=g++
ac_cv_prog_ac_ct_MANIFEST_TOOL=mt
ac_cv_prog_ac_ct_OBJDUMP=objdump
ac_cv_prog_ac_ct_RANLIB=ranlib
ac_cv_prog_ac_ct_STRIP=strip
ac_cv_prog_cc_c89=
ac_cv_prog_cc_g=yes
ac_cv_prog_cxx_g=yes
ac_cv_prog_make_make_set=yes
ac_cv_prog_objcxx_g=no
ac_cv_search_clock_gettime='none required'
ac_cv_sys_file_offset_bits=no
ac_cv_sys_largefile_CC=no
am_cv_CC_dependencies_compiler_type=gcc3
am_cv_CXX_dependencies_compiler_type=gcc3
am_cv_OBJCXX_dependencies_compiler_type=gcc3
am_cv_make_support_nested_variables=yes
am_cv_prog_cc_c_o=yes
ax_cv_PTHREAD_CLANG=no
ax_cv_PTHREAD_JOINABLE_ATTR=PTHREAD_CREATE_JOINABLE
ax_cv_PTHREAD_PRIO_INHERIT=yes
ax_cv_PTHREAD_SPECIAL_FLAGS=no
ax_cv_boost_chrono=yes
ax_cv_boost_filesystem=yes
ax_cv_boost_program_options=yes
ax_cv_boost_system=yes
ax_cv_boost_thread=yes
ax_cv_boost_unit_test_framework=yes
ax_cv_check_cxxcppflags___D_FORTIFY_SOURCE_2=yes
ax_cv_check_cxxcppflags___U_FORTIFY_SOURCE=yes
ax_cv_check_cxxflags__Wall=yes
ax_cv_check_cxxflags__Wdeprecated_register=no
ax_cv_check_cxxflags__Wextra=yes
ax_cv_check_cxxflags__Wformat=yes
ax_cv_check_cxxflags__Wformat_security=yes
ax_cv_check_cxxflags__Wself_assign=no
ax_cv_check_cxxflags__Wunused_local_typedef=no
ax_cv_check_cxxflags__Wunused_parameter=yes
ax_cv_check_cxxflags__Wvla=yes
ax_cv_check_cxxflags___Werror=yes
ax_cv_check_cxxflags___Wstack_protector=yes
ax_cv_check_cxxflags___fPIC=yes
ax_cv_check_cxxflags___fPIE=yes
ax_cv_check_cxxflags___fstack_protector_all=yes
ax_cv_check_ldflags___Wl___dynamicbase=no
ax_cv_check_ldflags___Wl___high_entropy_va=no
ax_cv_check_ldflags___Wl___large_address_aware=no
ax_cv_check_ldflags___Wl___nxcompat=no
ax_cv_check_ldflags___Wl__z_now=yes
ax_cv_check_ldflags___Wl__z_relro=yes
ax_cv_check_ldflags___pie=yes
ax_cv_cxx_compile_cxx11__std_cpp11=yes
ax_cv_have_func_attribute_dllexport=no
ax_cv_have_func_attribute_dllimport=no
ax_cv_have_func_attribute_visibility=yes
lt_cv_ar_at_file=@
lt_cv_archive_cmds_need_lc=no
lt_cv_deplibs_check_method=pass_all
lt_cv_file_magic_cmd='$MAGIC_CMD'
lt_cv_file_magic_test_file=
lt_cv_ld_reload_flag=-r
lt_cv_nm_interface='BSD nm'
lt_cv_objdir=.libs
lt_cv_path_LD=/usr/bin/ld
lt_cv_path_LDCXX='/usr/bin/ld -m elf_x86_64'
lt_cv_path_NM='/usr/bin/nm -B'
lt_cv_path_mainfest_tool=no
lt_cv_prog_compiler_c_o=yes
lt_cv_prog_compiler_c_o_CXX=yes
lt_cv_prog_compiler_pic='-fPIC -DPIC'
lt_cv_prog_compiler_pic_CXX='-fPIC -DPIC'
lt_cv_prog_compiler_pic_works=yes
lt_cv_prog_compiler_pic_works_CXX=yes
lt_cv_prog_compiler_rtti_exceptions=no
lt_cv_prog_compiler_static_works=yes
lt_cv_prog_compiler_static_works_CXX=yes
lt_cv_prog_gnu_ld=yes
lt_cv_prog_gnu_ldcxx=yes
lt_cv_sharedlib_from_linklib_cmd='printf %s\n'
lt_cv_shlibpath_overrides_runpath=yes
lt_cv_sys_global_symbol_pipe='sed -n -e '\''s/^.*[	 ]\([ABCDGIRSTW][ABCDGIRSTW]*\)[	 ][	 ]*\([_A-Za-z][_A-Za-z0-9]*\)$/\1 \2 \2/p'\'' | sed '\''/ __gnu_lto/d'\'''
lt_cv_sys_global_symbol_to_c_name_address='sed -n -e '\''s/^: \(.*\) .*$/  {"\1", (void *) 0},/p'\'' -e '\''s/^[ABCDGIRSTW][ABCDGIRSTW]* .* \(.*\)$/  {"\1", (void *) \&\1},/p'\'''
lt_cv_sys_global_symbol_to_c_name_address_lib_prefix='sed -n -e '\''s/^: \(.*\) .*$/  {"\1", (void *) 0},/p'\'' -e '\''s/^[ABCDGIRSTW][ABCDGIRSTW]* .* \(lib.*\)$/  {"\1", (void *) \&\1},/p'\'' -e '\''s/^[ABCDGIRSTW][ABCDGIRSTW]* .* \(.*\)$/  {"lib\1", (void *) \&\1},/p'\'''
lt_cv_sys_global_symbol_to_cdecl='sed -n -e '\''s/^T .* \(.*\)$/extern int \1();/p'\'' -e '\''s/^[ABCDGIRSTW][ABCDGIRSTW]* .* \(.*\)$/extern char \1;/p'\'''
lt_cv_sys_global_symbol_to_import=
lt_cv_sys_max_cmd_len=1572864
lt_cv_to_host_file_cmd=func_convert_file_noop
lt_cv_to_tool_file_cmd=func_convert_file_noop
lt_cv_truncate_bin='/bin/dd bs=4096 count=1'
pkg_cv_CRYPTO_CFLAGS=
pkg_cv_CRYPTO_LIBS=-lcrypto
pkg_cv_EVENT_CFLAGS=
pkg_cv_EVENT_LIBS=-levent
pkg_cv_EVENT_PTHREADS_CFLAGS=-pthread
pkg_cv_EVENT_PTHREADS_LIBS='-levent_pthreads -levent'
pkg_cv_PROTOBUF_CFLAGS=-pthread
pkg_cv_PROTOBUF_LIBS='-lprotobuf -pthread -lpthread'
pkg_cv_QT_CFLAGS='-DQT_SHARED -I/usr/include/qt4 -I/usr/include/qt4/QtGui -I/usr/include/qt4 -I/usr/include/qt4/QtNetwork -I/usr/include/qt4 -I/usr/include/qt4/QtCore'
pkg_cv_QT_DBUS_CFLAGS='-DQT_SHARED -I/usr/include/qt4 -I/usr/include/qt4/QtDBus -I/usr/include/qt4 -I/usr/include/qt4/QtXml -I/usr/include/qt4 -I/usr/include/qt4/QtCore'
pkg_cv_QT_DBUS_LIBS='-lQtDBus -lQtXml -lQtCore'
pkg_cv_QT_LIBS='-lQtGui -lQtNetwork -lQtCore'
pkg_cv_QT_TEST_CFLAGS='-DQT_SHARED -I/usr/include/qt4 -I/usr/include/qt4/QtTest'
pkg_cv_QT_TEST_LIBS=-lQtTest
pkg_cv_SSL_CFLAGS=
pkg_cv_SSL_LIBS=-lssl

## ----------------- ##
## Output variables. ##
## ----------------- ##

ACLOCAL='${SHELL} /home/neuralinkbrainkeycoin/build-aux/missing aclocal-1.15'
AMDEPBACKSLASH='\'
AMDEP_FALSE='#'
AMDEP_TRUE=''
AMTAR='$${TAR-tar}'
AM_BACKSLASH='\'
AM_DEFAULT_V='$(AM_DEFAULT_VERBOSITY)'
AM_DEFAULT_VERBOSITY='0'
AM_V='$(V)'
AR='/usr/bin/ar'
AUTOCONF='${SHELL} /home/neuralinkbrainkeycoin/build-aux/missing autoconf'
AUTOHEADER='${SHELL} /home/neuralinkbrainkeycoin/build-aux/missing autoheader'
AUTOMAKE='${SHELL} /home/neuralinkbrainkeycoin/build-aux/missing automake-1.15'
AWK='gawk'
BDB_CFLAGS=''
BDB_CPPFLAGS=''
BDB_LIBS='-ldb_cxx-4.8'
BITCOIN_CLI_NAME='neuralinkbrainkeycoin-cli'
BITCOIN_DAEMON_NAME='neuralinkbrainkeycoind'
BITCOIN_GUI_NAME='neuralinkbrainkeycoin-qt'
BITCOIN_TX_NAME='neuralinkbrainkeycoin-tx'
BOOST_CHRONO_LIB='-lboost_chrono'
BOOST_CPPFLAGS='-pthread -I/usr/include'
BOOST_FILESYSTEM_LIB='-lboost_filesystem'
BOOST_LDFLAGS='-L/usr/lib/x86_64-linux-gnu'
BOOST_LIBS='-L/usr/lib/x86_64-linux-gnu -lboost_system -lboost_filesystem -lboost_program_options -lboost_thread -lboost_chrono'
BOOST_PROGRAM_OPTIONS_LIB='-lboost_program_options'
BOOST_SYSTEM_LIB='-lboost_system'
BOOST_THREAD_LIB='-lboost_thread'
BOOST_UNIT_TEST_FRAMEWORK_LIB='-lboost_unit_test_framework'
BREW=''
BUILD_BITCOIND_FALSE='#'
BUILD_BITCOIND_TRUE=''
BUILD_BITCOIN_LIBS_FALSE='#'
BUILD_BITCOIN_LIBS_TRUE=''
BUILD_BITCOIN_UTILS_FALSE='#'
BUILD_BITCOIN_UTILS_TRUE=''
BUILD_DARWIN_FALSE=''
BUILD_DARWIN_TRUE='#'
CC='gcc'
CCACHE=''
CCDEPMODE='depmode=gcc3'
CFLAGS='-g -O2'
CLIENT_VERSION_BUILD='0'
CLIENT_VERSION_IS_RELEASE='true'
CLIENT_VERSION_MAJOR='0'
CLIENT_VERSION_MINOR='14'
CLIENT_VERSION_REVISION='2'
COPYRIGHT_HOLDERS='The %s developers'
COPYRIGHT_HOLDERS_FINAL='The Neuralinkbrainkeycoin Core developers'
COPYRIGHT_HOLDERS_SUBSTITUTION='Neuralinkbrainkeycoin Core'
COPYRIGHT_YEAR='2017'
CPP='gcc -E'
CPPFILT='/usr/bin/c++filt'
CPPFLAGS='-I/db-4.8.30.NC/build_unix/build/include/ -O2 -DHAVE_BUILD_INFO -D__STDC_FORMAT_MACROS'
CRYPTO_CFLAGS=''
CRYPTO_LIBS='-lcrypto'
CXX='g++ -std=c++11'
CXXCPP='g++ -std=c++11 -E'
CXXDEPMODE='depmode=gcc3'
CXXFLAGS='-g -O2 -Wall -Wextra -Wformat -Wvla -Wformat-security -Wno-unused-parameter'
CYGPATH_W='echo'
DEFS='-DHAVE_CONFIG_H'
DEPDIR='.deps'
DLLTOOL='false'
DSYMUTIL=''
DUMPBIN=''
ECHO_C=''
ECHO_N='-n'
ECHO_T=''
EGREP='/bin/grep -E'
EMBEDDED_LEVELDB_FALSE='#'
EMBEDDED_LEVELDB_TRUE=''
EMBEDDED_UNIVALUE_FALSE='#'
EMBEDDED_UNIVALUE_TRUE=''
ENABLE_BENCH_FALSE='#'
ENABLE_BENCH_TRUE=''
ENABLE_MAN_FALSE='#'
ENABLE_MAN_TRUE=''
ENABLE_QT_FALSE='#'
ENABLE_QT_TESTS_FALSE='#'
ENABLE_QT_TESTS_TRUE=''
ENABLE_QT_TRUE=''
ENABLE_TESTS_FALSE='#'
ENABLE_TESTS_TRUE=''
ENABLE_WALLET_FALSE='#'
ENABLE_WALLET_TRUE=''
ENABLE_ZMQ_FALSE=''
ENABLE_ZMQ_TRUE='#'
ERROR_CXXFLAGS=''
EVENT_CFLAGS=''
EVENT_LIBS='-levent'
EVENT_PTHREADS_CFLAGS='-pthread'
EVENT_PTHREADS_LIBS='-levent_pthreads -levent'
EXEEXT=''
EXTENDED_RPC_TESTS=''
FGREP='/bin/grep -F'
GCOV='/usr/bin/gcov'
GENHTML=''
GENISOIMAGE=''
GIT='/usr/bin/git'
GLIBC_BACK_COMPAT_FALSE=''
GLIBC_BACK_COMPAT_TRUE='#'
GREP='/bin/grep'
HARDENED_CPPFLAGS=' -U_FORTIFY_SOURCE -D_FORTIFY_SOURCE=2'
HARDENED_CXXFLAGS=' -Wstack-protector -fstack-protector-all'
HARDENED_LDFLAGS=' -Wl,-z,relro -Wl,-z,now -pie'
HARDEN_FALSE='#'
HARDEN_TRUE=''
HAVE_CXX11='1'
HEXDUMP='/usr/bin/hexdump'
IMAGEMAGICK_CONVERT=''
INSTALLNAMETOOL=''
INSTALL_DATA='${INSTALL} -m 644'
INSTALL_PROGRAM='${INSTALL}'
INSTALL_SCRIPT='${INSTALL}'
INSTALL_STRIP_PROGRAM='$(install_sh) -c -s'
LCOV=''
LD='/usr/bin/ld -m elf_x86_64'
LDFLAGS='-L/db-4.8.30.NC/build_unix/build/lib/'
LEVELDB_CPPFLAGS=''
LEVELDB_TARGET_FLAGS='-DOS_LINUX'
LIBLEVELDB=''
LIBMEMENV=''
LIBOBJS=''
LIBS=''
LIBTOOL='$(SHELL) $(top_builddir)/libtool'
LIBTOOL_APP_LDFLAGS=''
LIPO=''
LN_S='ln -s'
LRELEASE='/usr/bin/lrelease-qt4'
LTLIBOBJS=''
LT_SYS_LIBRARY_PATH=''
LUPDATE='/usr/bin/lupdate-qt4'
MAINT=''
MAINTAINER_MODE_FALSE='#'
MAINTAINER_MODE_TRUE=''
MAKEINFO='${SHELL} /home/neuralinkbrainkeycoin/build-aux/missing makeinfo'
MAKENSIS=''
MANIFEST_TOOL=':'
MINIUPNPC_CPPFLAGS=''
MINIUPNPC_LIBS=''
MKDIR_P='/bin/mkdir -p'
MOC='/usr/bin/moc-qt4'
MOC_DEFS='-DHAVE_CONFIG_H -I$(srcdir)'
NM='/usr/bin/nm -B'
NMEDIT=''
OBJCOPY='/usr/bin/objcopy'
OBJCXX='g++ -std=c++11'
OBJCXXDEPMODE='depmode=gcc3'
OBJCXXFLAGS=''
OBJDUMP='objdump'
OBJEXT='o'
OTOOL64=''
OTOOL=''
PACKAGE='neuralinkbrainkeycoin'
PACKAGE_BUGREPORT='https://github.com/neuralinkbrainkeycoin-project/neuralinkbrainkeycoin/issues'
PACKAGE_NAME='Neuralinkbrainkeycoin Core'
PACKAGE_STRING='Neuralinkbrainkeycoin Core 0.14.2'
PACKAGE_TARNAME='neuralinkbrainkeycoin'
PACKAGE_URL='https://neuralinkbrainkeycoin.org/'
PACKAGE_VERSION='0.14.2'
PATH_SEPARATOR=':'
PIC_FLAGS='-fPIC'
PIE_FLAGS='-fPIE'
PKG_CONFIG='/usr/bin/pkg-config'
PKG_CONFIG_LIBDIR=''
PKG_CONFIG_PATH=''
PORT=''
PROTOBUF_CFLAGS='-pthread'
PROTOBUF_LIBS='-lprotobuf -pthread -lpthread'
PROTOC='/usr/bin/protoc'
PTHREAD_CC='gcc'
PTHREAD_CFLAGS='-pthread'
PTHREAD_LIBS=''
PYTHON='/usr/bin/python3.6'
PYTHONPATH=''
QR_CFLAGS=''
QR_LIBS=''
QTPLATFORM_CFLAGS=''
QTPLATFORM_LIBS=''
QTPRINT_CFLAGS=''
QTPRINT_LIBS=''
QTXCBQPA_CFLAGS=''
QTXCBQPA_LIBS=''
QT_CFLAGS='-DQT_SHARED -I/usr/include/qt4 -I/usr/include/qt4/QtGui -I/usr/include/qt4 -I/usr/include/qt4/QtNetwork -I/usr/include/qt4 -I/usr/include/qt4/QtCore'
QT_DBUS_CFLAGS='-DQT_SHARED -I/usr/include/qt4 -I/usr/include/qt4/QtDBus -I/usr/include/qt4 -I/usr/include/qt4/QtXml -I/usr/include/qt4 -I/usr/include/qt4/QtCore'
QT_DBUS_INCLUDES='-DQT_SHARED -I/usr/include/qt4 -I/usr/include/qt4/QtDBus -I/usr/include/qt4 -I/usr/include/qt4/QtXml -I/usr/include/qt4 -I/usr/include/qt4/QtCore'
QT_DBUS_LIBS='-lQtDBus -lQtXml -lQtCore'
QT_INCLUDES='-DQT_SHARED -I/usr/include/qt4 -I/usr/include/qt4/QtGui -I/usr/include/qt4 -I/usr/include/qt4/QtNetwork -I/usr/include/qt4 -I/usr/include/qt4/QtCore'
QT_LDFLAGS=''
QT_LIBS='-lQtGui -lQtNetwork -lQtCore'
QT_PIE_FLAGS='-fPIE'
QT_SELECT='qt4'
QT_TEST_CFLAGS='-DQT_SHARED -I/usr/include/qt4 -I/usr/include/qt4/QtTest'
QT_TEST_INCLUDES='-DQT_SHARED -I/usr/include/qt4 -I/usr/include/qt4/QtTest'
QT_TEST_LIBS='-lQtTest'
QT_TRANSLATION_DIR=''
RANLIB='/usr/bin/ranlib'
RCC='/usr/bin/rcc'
READELF='/usr/bin/readelf'
RELDFLAGS=''
RSVG_CONVERT=''
SED='/bin/sed'
SET_MAKE=''
SHELL='/bin/bash'
SSL_CFLAGS=''
SSL_LIBS='-lssl'
STRIP='/usr/bin/strip'
TARGET_DARWIN_FALSE=''
TARGET_DARWIN_TRUE='#'
TARGET_WINDOWS_FALSE=''
TARGET_WINDOWS_TRUE='#'
TESTDEFS=' -DBOOST_TEST_DYN_LINK'
TIFFCP=''
UIC='/usr/bin/uic-qt4'
UNIVALUE_CFLAGS='-I$(srcdir)/univalue/include'
UNIVALUE_LIBS='univalue/libunivalue.la'
USE_LCOV_FALSE=''
USE_LCOV_TRUE='#'
USE_QRCODE=''
USE_QRCODE_FALSE=''
USE_QRCODE_TRUE='#'
USE_UPNP=''
VERSION='0.14.2'
WINDOWS_BITS=''
WINDRES=''
X11XCB_CFLAGS=''
X11XCB_LIBS=''
XGETTEXT=''
ZMQ_CFLAGS=''
ZMQ_LIBS=''
ac_ct_AR='ar'
ac_ct_CC='gcc'
ac_ct_CXX='g++'
ac_ct_DUMPBIN=''
ac_ct_OBJCXX=''
am__EXEEXT_FALSE=''
am__EXEEXT_TRUE='#'
am__fastdepCC_FALSE='#'
am__fastdepCC_TRUE=''
am__fastdepCXX_FALSE='#'
am__fastdepCXX_TRUE=''
am__fastdepOBJCXX_FALSE='#'
am__fastdepOBJCXX_TRUE=''
am__include='include'
am__isrc=''
am__leading_dot='.'
am__nodep='_no'
am__quote=''
am__tar='$${TAR-tar} chof - "$$tardir"'
am__untar='$${TAR-tar} xf -'
ax_pthread_config=''
bindir='${exec_prefix}/bin'
build='x86_64-pc-linux-gnu'
build_alias=''
build_cpu='x86_64'
build_os='linux-gnu'
build_vendor='pc'
datadir='${datarootdir}'
datarootdir='${prefix}/share'
docdir='${datarootdir}/doc/${PACKAGE_TARNAME}'
dvidir='${docdir}'
exec_prefix='${prefix}'
host='x86_64-pc-linux-gnu'
host_alias=''
host_cpu='x86_64'
host_os='linux-gnu'
host_vendor='pc'
htmldir='${docdir}'
includedir='${prefix}/include'
infodir='${datarootdir}/info'
install_sh='${SHELL} /home/neuralinkbrainkeycoin/build-aux/install-sh'
libdir='${exec_prefix}/lib'
libexecdir='${exec_prefix}/libexec'
localedir='${datarootdir}/locale'
localstatedir='${prefix}/var'
mandir='${datarootdir}/man'
mkdir_p='$(MKDIR_P)'
oldincludedir='/usr/include'
pdfdir='${docdir}'
prefix='/usr/local'
program_transform_name='s,x,x,'
psdir='${docdir}'
runstatedir='${localstatedir}/run'
sbindir='${exec_prefix}/sbin'
sharedstatedir='${prefix}/com'
subdirs=' src/univalue src/secp256k1'
sysconfdir='${prefix}/etc'
target_alias=''

## ----------- ##
## confdefs.h. ##
## ----------- ##

/* confdefs.h */
#define PACKAGE_NAME "Neuralinkbrainkeycoin Core"
#define PACKAGE_TARNAME "neuralinkbrainkeycoin"
#define PACKAGE_VERSION "0.14.2"
#define PACKAGE_STRING "Neuralinkbrainkeycoin Core 0.14.2"
#define PACKAGE_BUGREPORT "https://github.com/neuralinkbrainkeycoin-project/neuralinkbrainkeycoin/issues"
#define PACKAGE_URL "https://neuralinkbrainkeycoin.org/"
#define HAVE_CXX11 1
#define STDC_HEADERS 1
#define HAVE_SYS_TYPES_H 1
#define HAVE_SYS_STAT_H 1
#define HAVE_STDLIB_H 1
#define HAVE_STRING_H 1
#define HAVE_MEMORY_H 1
#define HAVE_STRINGS_H 1
#define HAVE_INTTYPES_H 1
#define HAVE_STDINT_H 1
#define HAVE_UNISTD_H 1
#define HAVE_DLFCN_H 1
#define LT_OBJDIR ".libs/"
#define HAVE_PTHREAD_PRIO_INHERIT 1
#define HAVE_PTHREAD 1
#define HAVE_DECL_STRERROR_R 1
#define HAVE_STRERROR_R 1
#define STRERROR_R_CHAR_P 1
#define HAVE_FUNC_ATTRIBUTE_VISIBILITY 1
#define HAVE_ENDIAN_H 1
#define HAVE_BYTESWAP_H 1
#define HAVE_STDIO_H 1
#define HAVE_STDLIB_H 1
#define HAVE_UNISTD_H 1
#define HAVE_STRINGS_H 1
#define HAVE_SYS_TYPES_H 1
#define HAVE_SYS_STAT_H 1
#define HAVE_SYS_SELECT_H 1
#define HAVE_SYS_PRCTL_H 1
#define HAVE_DECL_STRNLEN 1
#define HAVE_DECL_DAEMON 1
#define HAVE_DECL_LE16TOH 1
#define HAVE_DECL_LE32TOH 1
#define HAVE_DECL_LE64TOH 1
#define HAVE_DECL_HTOLE16 1
#define HAVE_DECL_HTOLE32 1
#define HAVE_DECL_HTOLE64 1
#define HAVE_DECL_BE16TOH 1
#define HAVE_DECL_BE32TOH 1
#define HAVE_DECL_BE64TOH 1
#define HAVE_DECL_HTOBE16 1
#define HAVE_DECL_HTOBE32 1
#define HAVE_DECL_HTOBE64 1
#define HAVE_DECL_BSWAP_16 1
#define HAVE_DECL_BSWAP_32 1
#define HAVE_DECL_BSWAP_64 1
#define HAVE_MSG_NOSIGNAL 1
#define HAVE_MALLOPT_ARENA_MAX 1
#define HAVE_VISIBILITY_ATTRIBUTE 1
#define HAVE_BOOST /**/
#define HAVE_BOOST_SYSTEM /**/
#define HAVE_BOOST_FILESYSTEM /**/
#define HAVE_BOOST_PROGRAM_OPTIONS /**/
#define HAVE_BOOST_THREAD /**/
#define HAVE_BOOST_CHRONO /**/
#define HAVE_BOOST_UNIT_TEST_FRAMEWORK /**/
#define HAVE_WORKING_BOOST_SLEEP_FOR 1
#define ENABLE_ZMQ 0
#define HAVE_DECL_EVP_MD_CTX_NEW 1
#define HAVE_CONSENSUS_LIB 1
#define ENABLE_WALLET 1
#define USE_DBUS 1
#define CLIENT_VERSION_MAJOR 0
#define CLIENT_VERSION_MINOR 14
#define CLIENT_VERSION_REVISION 2
#define CLIENT_VERSION_BUILD 0
#define CLIENT_VERSION_IS_RELEASE true
#define COPYRIGHT_YEAR 2017
#define COPYRIGHT_HOLDERS "The %s developers"
#define COPYRIGHT_HOLDERS_SUBSTITUTION "Neuralinkbrainkeycoin Core"
#define COPYRIGHT_HOLDERS_FINAL "The Neuralinkbrainkeycoin Core developers"

configure: exit 0
